2014-01-09 19:13:54.8658 Hata 
 Nullable object must have a value. System.InvalidOperationException InvalidOperationException System.InvalidOperationException: Nullable object must have a value.
   at System.Nullable`1.get_Value()
   at AdimAdimDavaKaydi.frmDavaDosyaKayitForm.rLueDavaKonusu_ButtonClick(Object sender, ButtonPressedEventArgs e) T get_Value()    at System.Nullable`1.get_Value()
   at AdimAdimDavaKaydi.frmDavaDosyaKayitForm.rLueDavaKonusu_ButtonClick(Object sender, ButtonPressedEventArgs e)
2014-01-09 19:14:03.0652 Hata 
 Nullable object must have a value. System.InvalidOperationException InvalidOperationException System.InvalidOperationException: Nullable object must have a value.
   at System.Nullable`1.get_Value()
   at AdimAdimDavaKaydi.frmDavaDosyaKayitForm.rLueDavaKonusu_ButtonClick(Object sender, ButtonPressedEventArgs e) T get_Value()    at System.Nullable`1.get_Value()
   at AdimAdimDavaKaydi.frmDavaDosyaKayitForm.rLueDavaKonusu_ButtonClick(Object sender, ButtonPressedEventArgs e)
2014-01-09 19:44:17.6520 Hata 
 Object reference not set to an instance of an object. System.NullReferenceException NullReferenceException System.NullReferenceException: Object reference not set to an instance of an object.
   at AdimAdimDavaKaydi.Editor.Degiskenler.Klasor.Tool.KlasorRapor(AV001_TDIE_BIL_SABLON_RAPOR rapor, AV001_TDIE_BIL_PROJE proje, TextControl txControl)
   at AdimAdimDavaKaydi.Forms.Ajanda_Sablon_Belge.frmEditor.Show(AV001_TDIE_BIL_SABLON_RAPOR rapor, AV001_TDIE_BIL_PROJE proje)
   at AdimAdimDavaKaydi.Forms.frmKlasorYeni.KlasorRapor()
   at AdimAdimDavaKaydi.Forms.frmKlasorYeni.aporToolStripMenuItem_Click(Object sender, EventArgs e)
   at System.Windows.Forms.ToolStripItem.RaiseEvent(Object key, EventArgs e)
   at System.Windows.Forms.ToolStripMenuItem.OnClick(EventArgs e)
   at System.Windows.Forms.ToolStripItem.HandleClick(EventArgs e)
   at System.Windows.Forms.ToolStripItem.HandleMouseUp(MouseEventArgs e)
   at System.Windows.Forms.ToolStrip.OnMouseUp(MouseEventArgs mea)
   at System.Windows.Forms.ToolStripDropDown.OnMouseUp(MouseEventArgs mea)
   at System.Windows.Forms.Control.WmMouseUp(Message& m, MouseButtons button, Int32 clicks)
   at System.Windows.Forms.Control.WndProc(Message& m)
   at System.Windows.Forms.ToolStrip.WndProc(Message& m)
   at System.Windows.Forms.ToolStripDropDown.WndProc(Message& m)
   at System.Windows.Forms.Control.ControlNativeWindow.WndProc(Message& m)
   at System.Windows.Forms.NativeWindow.Callback(IntPtr hWnd, Int32 msg, IntPtr wparam, IntPtr lparam) Void KlasorRapor(AvukatProLib2.Entities.AV001_TDIE_BIL_SABLON_RAPOR, AvukatProLib2.Entities.AV001_TDIE_BIL_PROJE, TXTextControl.TextControl)    at AdimAdimDavaKaydi.Editor.Degiskenler.Klasor.Tool.KlasorRapor(AV001_TDIE_BIL_SABLON_RAPOR rapor, AV001_TDIE_BIL_PROJE proje, TextControl txControl)
   at AdimAdimDavaKaydi.Forms.Ajanda_Sablon_Belge.frmEditor.Show(AV001_TDIE_BIL_SABLON_RAPOR rapor, AV001_TDIE_BIL_PROJE proje)
   at AdimAdimDavaKaydi.Forms.frmKlasorYeni.KlasorRapor()
   at AdimAdimDavaKaydi.Forms.frmKlasorYeni.aporToolStripMenuItem_Click(Object sender, EventArgs e)
   at System.Windows.Forms.ToolStripItem.RaiseEvent(Object key, EventArgs e)
   at System.Windows.Forms.ToolStripMenuItem.OnClick(EventArgs e)
   at System.Windows.Forms.ToolStripItem.HandleClick(EventArgs e)
   at System.Windows.Forms.ToolStripItem.HandleMouseUp(MouseEventArgs e)
   at System.Windows.Forms.ToolStrip.OnMouseUp(MouseEventArgs mea)
   at System.Windows.Forms.ToolStripDropDown.OnMouseUp(MouseEventArgs mea)
   at System.Windows.Forms.Control.WmMouseUp(Message& m, MouseButtons button, Int32 clicks)
   at System.Windows.Forms.Control.WndProc(Message& m)
   at System.Windows.Forms.ToolStrip.WndProc(Message& m)
   at System.Windows.Forms.ToolStripDropDown.WndProc(Message& m)
   at System.Windows.Forms.Control.ControlNativeWindow.WndProc(Message& m)
   at System.Windows.Forms.NativeWindow.Callback(IntPtr hWnd, Int32 msg, IntPtr wparam, IntPtr lparam)
2014-01-09 19:54:31.2111 Hata 
 Object reference not set to an instance of an object. System.NullReferenceException NullReferenceException System.NullReferenceException: Object reference not set to an instance of an object.
   at System.Data.Linq.SqlClient.QueryConverter.VisitInvocation(InvocationExpression invoke)
   at System.Data.Linq.SqlClient.QueryConverter.VisitInner(Expression node)
   at System.Data.Linq.SqlClient.QueryConverter.VisitExpression(Expression exp)
   at System.Data.Linq.SqlClient.QueryConverter.VisitBinary(BinaryExpression b)
   at System.Data.Linq.SqlClient.QueryConverter.VisitInner(Expression node)
   at System.Data.Linq.SqlClient.QueryConverter.VisitExpression(Expression exp)
   at System.Data.Linq.SqlClient.QueryConverter.VisitWhere(Expression sequence, LambdaExpression predicate)
   at System.Data.Linq.SqlClient.QueryConverter.VisitSequenceOperatorCall(MethodCallExpression mc)
   at System.Data.Linq.SqlClient.QueryConverter.VisitInner(Expression node)
   at System.Data.Linq.SqlClient.QueryConverter.ConvertOuter(Expression node)
   at System.Data.Linq.SqlClient.SqlProvider.BuildQuery(Expression query, SqlNodeAnnotations annotations)
   at System.Data.Linq.SqlClient.SqlProvider.System.Data.Linq.Provider.IProvider.Execute(Expression query)
   at System.Data.Linq.DataQuery`1.System.Collections.Generic.IEnumerable<T>.GetEnumerator()
   at System.Collections.Generic.List`1..ctor(IEnumerable`1 collection)
   at System.Linq.Enumerable.ToList[TSource](IEnumerable`1 source)
   at BelgeUtil.Inits.HacizChildGetir(AV001_TI_BIL_FOY foy, RepositoryItemLookUpEdit rLue)
   at AdimAdimDavaKaydi.IcraTakipForms.tabHacizGridler.tabHacizGridler_Load(Object sender, EventArgs e)
   at System.Windows.Forms.UserControl.OnLoad(EventArgs e)
   at DevExpress.XtraEditors.XtraUserControl.OnLoad(EventArgs e)
   at AdimAdimDavaKaydi.Util.BaseClasses.AvpXUserControl.OnLoad(EventArgs e)
   at System.Windows.Forms.Control.CreateControl(Boolean fIgnoreVisible)
   at System.Windows.Forms.Control.CreateControl()
   at System.Windows.Forms.Control.OnVisibleChanged(EventArgs e)
   at System.Windows.Forms.Control.OnVisibleChanged(EventArgs e)
   at DevExpress.XtraTab.XtraTabPage.OnVisibleChanged(EventArgs e)
   at System.Windows.Forms.Control.OnVisibleChanged(EventArgs e)
   at System.Windows.Forms.Control.OnVisibleChanged(EventArgs e)
   at System.Windows.Forms.Control.OnVisibleChanged(EventArgs e)
   at DevExpress.XtraTab.XtraTabPage.OnVisibleChanged(EventArgs e)
   at System.Windows.Forms.Control.OnVisibleChanged(EventArgs e)
   at System.Windows.Forms.Control.OnVisibleChanged(EventArgs e)
   at System.Windows.Forms.Control.OnVisibleChanged(EventArgs e)
   at DevExpress.XtraTab.XtraTabPage.OnVisibleChanged(EventArgs e)
   at System.Windows.Forms.Control.SetVisibleCore(Boolean value)
   at DevExpress.XtraTab.XtraTabPage.set_Visible(Boolean value)
   at DevExpress.XtraTab.XtraTabControl.OnSelectedPageChanged(Object sender, ViewInfoTabPageChangedEventArgs e)
   at DevExpress.XtraTab.ViewInfo.BaseTabControlViewInfo.OnSelectedPageChanged(IXtraTabPage prevPage)
   at DevExpress.XtraTab.ViewInfo.BaseTabControlViewInfo.set_SelectedTabPage(IXtraTabPage value)
   at DevExpress.XtraTab.ViewInfo.BaseTabHandler.OnMouseDown(MouseEventArgs e)
   at DevExpress.Utils.Controls.BaseHandler.ProcessEvent(EventType etype, Object args)
   at DevExpress.XtraTab.XtraTabControl.OnMouseDown(MouseEventArgs e)
   at System.Windows.Forms.Control.WmMouseDown(Message& m, MouseButtons button, Int32 clicks)
   at System.Windows.Forms.Control.WndProc(Message& m)
   at DevExpress.Utils.Controls.ControlBase.WndProc(Message& m)
   at DevExpress.XtraTab.XtraTabControl.WndProc(Message& m)
   at System.Windows.Forms.Control.ControlNativeWindow.WndProc(Message& m)
   at System.Windows.Forms.NativeWindow.Callback(IntPtr hWnd, Int32 msg, IntPtr wparam, IntPtr lparam) System.Data.Linq.SqlClient.SqlNode VisitInvocation(System.Linq.Expressions.InvocationExpression)    at System.Data.Linq.SqlClient.QueryConverter.VisitInvocation(InvocationExpression invoke)
   at System.Data.Linq.SqlClient.QueryConverter.VisitInner(Expression node)
   at System.Data.Linq.SqlClient.QueryConverter.VisitExpression(Expression exp)
   at System.Data.Linq.SqlClient.QueryConverter.VisitBinary(BinaryExpression b)
   at System.Data.Linq.SqlClient.QueryConverter.VisitInner(Expression node)
   at System.Data.Linq.SqlClient.QueryConverter.VisitExpression(Expression exp)
   at System.Data.Linq.SqlClient.QueryConverter.VisitWhere(Expression sequence, LambdaExpression predicate)
   at System.Data.Linq.SqlClient.QueryConverter.VisitSequenceOperatorCall(MethodCallExpression mc)
   at System.Data.Linq.SqlClient.QueryConverter.VisitInner(Expression node)
   at System.Data.Linq.SqlClient.QueryConverter.ConvertOuter(Expression node)
   at System.Data.Linq.SqlClient.SqlProvider.BuildQuery(Expression query, SqlNodeAnnotations annotations)
   at System.Data.Linq.SqlClient.SqlProvider.System.Data.Linq.Provider.IProvider.Execute(Expression query)
   at System.Data.Linq.DataQuery`1.System.Collections.Generic.IEnumerable<T>.GetEnumerator()
   at System.Collections.Generic.List`1..ctor(IEnumerable`1 collection)
   at System.Linq.Enumerable.ToList[TSource](IEnumerable`1 source)
   at BelgeUtil.Inits.HacizChildGetir(AV001_TI_BIL_FOY foy, RepositoryItemLookUpEdit rLue)
   at AdimAdimDavaKaydi.IcraTakipForms.tabHacizGridler.tabHacizGridler_Load(Object sender, EventArgs e)
   at System.Windows.Forms.UserControl.OnLoad(EventArgs e)
   at DevExpress.XtraEditors.XtraUserControl.OnLoad(EventArgs e)
   at AdimAdimDavaKaydi.Util.BaseClasses.AvpXUserControl.OnLoad(EventArgs e)
   at System.Windows.Forms.Control.CreateControl(Boolean fIgnoreVisible)
   at System.Windows.Forms.Control.CreateControl()
   at System.Windows.Forms.Control.OnVisibleChanged(EventArgs e)
   at System.Windows.Forms.Control.OnVisibleChanged(EventArgs e)
   at DevExpress.XtraTab.XtraTabPage.OnVisibleChanged(EventArgs e)
   at System.Windows.Forms.Control.OnVisibleChanged(EventArgs e)
   at System.Windows.Forms.Control.OnVisibleChanged(EventArgs e)
   at System.Windows.Forms.Control.OnVisibleChanged(EventArgs e)
   at DevExpress.XtraTab.XtraTabPage.OnVisibleChanged(EventArgs e)
   at System.Windows.Forms.Control.OnVisibleChanged(EventArgs e)
   at System.Windows.Forms.Control.OnVisibleChanged(EventArgs e)
   at System.Windows.Forms.Control.OnVisibleChanged(EventArgs e)
   at DevExpress.XtraTab.XtraTabPage.OnVisibleChanged(EventArgs e)
   at System.Windows.Forms.Control.SetVisibleCore(Boolean value)
   at DevExpress.XtraTab.XtraTabPage.set_Visible(Boolean value)
   at DevExpress.XtraTab.XtraTabControl.OnSelectedPageChanged(Object sender, ViewInfoTabPageChangedEventArgs e)
   at DevExpress.XtraTab.ViewInfo.BaseTabControlViewInfo.OnSelectedPageChanged(IXtraTabPage prevPage)
   at DevExpress.XtraTab.ViewInfo.BaseTabControlViewInfo.set_SelectedTabPage(IXtraTabPage value)
   at DevExpress.XtraTab.ViewInfo.BaseTabHandler.OnMouseDown(MouseEventArgs e)
   at DevExpress.Utils.Controls.BaseHandler.ProcessEvent(EventType etype, Object args)
   at DevExpress.XtraTab.XtraTabControl.OnMouseDown(MouseEventArgs e)
   at System.Windows.Forms.Control.WmMouseDown(Message& m, MouseButtons button, Int32 clicks)
   at System.Windows.Forms.Control.WndProc(Message& m)
   at DevExpress.Utils.Controls.ControlBase.WndProc(Message& m)
   at DevExpress.XtraTab.XtraTabControl.WndProc(Message& m)
   at System.Windows.Forms.Control.ControlNativeWindow.WndProc(Message& m)
   at System.Windows.Forms.NativeWindow.Callback(IntPtr hWnd, Int32 msg, IntPtr wparam, IntPtr lparam)
