2014-01-21 12:33:58.0073 Hata 
 Object reference not set to an instance of an object. System.NullReferenceException NullReferenceException System.NullReferenceException: Object reference not set to an instance of an object.
   at AvukatProLib2.Entities.TList`1.InsertItem(Int32 index, T item)
   at System.Collections.ObjectModel.Collection`1.Add(T item)
   at AdimAdimDavaKaydi.Editor.UserControls.ucDosyaAc.DetayGoster()
   at DevExpress.XtraGrid.Views.Base.ColumnView.DoChangeFocusedRowInternal(Int32 newRowHandle, Boolean updateCurrentRow)
   at DevExpress.XtraGrid.Views.Grid.GridView.OnCurrentControllerRowChanged(CurrentRowEventArgs e)
   at DevExpress.Data.BaseGridController.OnCurrentControllerRowChanged()
   at DevExpress.Data.BaseGridController.ResetCurrentPosition()
   at DevExpress.Data.CurrencyDataController.SetDataSource(BindingContext context, Object dataSource, String dataMember)
   at DevExpress.XtraGrid.Views.Base.BaseView.SetDataSource(BindingContext context, Object dataSource, String dataMember)
   at DevExpress.XtraGrid.Views.Base.ColumnView.SetDataSource(BindingContext context, Object dataSource, String dataMember)
   at DevExpress.XtraGrid.Views.Grid.GridView.SetDataSource(BindingContext context, Object dataSource, String dataMember)
   at DevExpress.XtraGrid.GridControl.ActivateDataSource()
   at DevExpress.XtraGrid.GridControl.set_DataSource(Object value)
   at AdimAdimDavaKaydi.Editor.UserControls.ucDosyaAc.ucDosyaAc_Load(Object sender, EventArgs e)
   at System.Windows.Forms.UserControl.OnLoad(EventArgs e)
   at DevExpress.XtraEditors.XtraUserControl.OnLoad(EventArgs e)
   at System.Windows.Forms.Control.CreateControl(Boolean fIgnoreVisible)
   at System.Windows.Forms.Control.CreateControl(Boolean fIgnoreVisible)
   at System.Windows.Forms.Control.CreateControl(Boolean fIgnoreVisible)
   at System.Windows.Forms.Control.CreateControl(Boolean fIgnoreVisible)
   at System.Windows.Forms.Control.CreateControl(Boolean fIgnoreVisible)
   at System.Windows.Forms.Control.CreateControl()
   at System.Windows.Forms.Control.WmShowWindow(Message& m)
   at System.Windows.Forms.Control.WndProc(Message& m)
   at DevExpress.XtraEditors.XtraForm.WndProc(Message& msg)
   at System.Windows.Forms.Control.ControlNativeWindow.WndProc(Message& m)
   at System.Windows.Forms.NativeWindow.Callback(IntPtr hWnd, Int32 msg, IntPtr wparam, IntPtr lparam) Void InsertItem(Int32, T)    at AvukatProLib2.Entities.TList`1.InsertItem(Int32 index, T item)
   at System.Collections.ObjectModel.Collection`1.Add(T item)
   at AdimAdimDavaKaydi.Editor.UserControls.ucDosyaAc.DetayGoster()
   at DevExpress.XtraGrid.Views.Base.ColumnView.DoChangeFocusedRowInternal(Int32 newRowHandle, Boolean updateCurrentRow)
   at DevExpress.XtraGrid.Views.Grid.GridView.OnCurrentControllerRowChanged(CurrentRowEventArgs e)
   at DevExpress.Data.BaseGridController.OnCurrentControllerRowChanged()
   at DevExpress.Data.BaseGridController.ResetCurrentPosition()
   at DevExpress.Data.CurrencyDataController.SetDataSource(BindingContext context, Object dataSource, String dataMember)
   at DevExpress.XtraGrid.Views.Base.BaseView.SetDataSource(BindingContext context, Object dataSource, String dataMember)
   at DevExpress.XtraGrid.Views.Base.ColumnView.SetDataSource(BindingContext context, Object dataSource, String dataMember)
   at DevExpress.XtraGrid.Views.Grid.GridView.SetDataSource(BindingContext context, Object dataSource, String dataMember)
   at DevExpress.XtraGrid.GridControl.ActivateDataSource()
   at DevExpress.XtraGrid.GridControl.set_DataSource(Object value)
   at AdimAdimDavaKaydi.Editor.UserControls.ucDosyaAc.ucDosyaAc_Load(Object sender, EventArgs e)
   at System.Windows.Forms.UserControl.OnLoad(EventArgs e)
   at DevExpress.XtraEditors.XtraUserControl.OnLoad(EventArgs e)
   at System.Windows.Forms.Control.CreateControl(Boolean fIgnoreVisible)
   at System.Windows.Forms.Control.CreateControl(Boolean fIgnoreVisible)
   at System.Windows.Forms.Control.CreateControl(Boolean fIgnoreVisible)
   at System.Windows.Forms.Control.CreateControl(Boolean fIgnoreVisible)
   at System.Windows.Forms.Control.CreateControl(Boolean fIgnoreVisible)
   at System.Windows.Forms.Control.CreateControl()
   at System.Windows.Forms.Control.WmShowWindow(Message& m)
   at System.Windows.Forms.Control.WndProc(Message& m)
   at DevExpress.XtraEditors.XtraForm.WndProc(Message& msg)
   at System.Windows.Forms.Control.ControlNativeWindow.WndProc(Message& m)
   at System.Windows.Forms.NativeWindow.Callback(IntPtr hWnd, Int32 msg, IntPtr wparam, IntPtr lparam)
2014-01-21 12:37:32.7696 Hata 
 Object reference not set to an instance of an object. System.NullReferenceException NullReferenceException System.NullReferenceException: Object reference not set to an instance of an object.
   at AvukatProLib2.Entities.TList`1.InsertItem(Int32 index, T item)
   at System.Collections.ObjectModel.Collection`1.Add(T item)
   at AdimAdimDavaKaydi.Editor.UserControls.ucDosyaAc.DetayGoster()
   at DevExpress.XtraGrid.Views.Base.ColumnView.DoChangeFocusedRowInternal(Int32 newRowHandle, Boolean updateCurrentRow)
   at DevExpress.XtraGrid.Views.Grid.GridView.OnCurrentControllerRowChanged(CurrentRowEventArgs e)
   at DevExpress.Data.BaseGridController.OnCurrentControllerRowChanged()
   at DevExpress.Data.BaseGridController.ResetCurrentPosition()
   at DevExpress.Data.CurrencyDataController.SetDataSource(BindingContext context, Object dataSource, String dataMember)
   at DevExpress.XtraGrid.Views.Base.BaseView.SetDataSource(BindingContext context, Object dataSource, String dataMember)
   at DevExpress.XtraGrid.Views.Base.ColumnView.SetDataSource(BindingContext context, Object dataSource, String dataMember)
   at DevExpress.XtraGrid.Views.Grid.GridView.SetDataSource(BindingContext context, Object dataSource, String dataMember)
   at DevExpress.XtraGrid.GridControl.ActivateDataSource()
   at DevExpress.XtraGrid.GridControl.set_DataSource(Object value)
   at AdimAdimDavaKaydi.Editor.UserControls.ucDosyaAc.ucDosyaAc_Load(Object sender, EventArgs e)
   at System.Windows.Forms.UserControl.OnLoad(EventArgs e)
   at DevExpress.XtraEditors.XtraUserControl.OnLoad(EventArgs e)
   at System.Windows.Forms.Control.CreateControl(Boolean fIgnoreVisible)
   at System.Windows.Forms.Control.CreateControl(Boolean fIgnoreVisible)
   at System.Windows.Forms.Control.CreateControl(Boolean fIgnoreVisible)
   at System.Windows.Forms.Control.CreateControl(Boolean fIgnoreVisible)
   at System.Windows.Forms.Control.CreateControl(Boolean fIgnoreVisible)
   at System.Windows.Forms.Control.CreateControl()
   at System.Windows.Forms.Control.WmShowWindow(Message& m)
   at System.Windows.Forms.Control.WndProc(Message& m)
   at DevExpress.XtraEditors.XtraForm.WndProc(Message& msg)
   at System.Windows.Forms.Control.ControlNativeWindow.WndProc(Message& m)
   at System.Windows.Forms.NativeWindow.Callback(IntPtr hWnd, Int32 msg, IntPtr wparam, IntPtr lparam) Void InsertItem(Int32, T)    at AvukatProLib2.Entities.TList`1.InsertItem(Int32 index, T item)
   at System.Collections.ObjectModel.Collection`1.Add(T item)
   at AdimAdimDavaKaydi.Editor.UserControls.ucDosyaAc.DetayGoster()
   at DevExpress.XtraGrid.Views.Base.ColumnView.DoChangeFocusedRowInternal(Int32 newRowHandle, Boolean updateCurrentRow)
   at DevExpress.XtraGrid.Views.Grid.GridView.OnCurrentControllerRowChanged(CurrentRowEventArgs e)
   at DevExpress.Data.BaseGridController.OnCurrentControllerRowChanged()
   at DevExpress.Data.BaseGridController.ResetCurrentPosition()
   at DevExpress.Data.CurrencyDataController.SetDataSource(BindingContext context, Object dataSource, String dataMember)
   at DevExpress.XtraGrid.Views.Base.BaseView.SetDataSource(BindingContext context, Object dataSource, String dataMember)
   at DevExpress.XtraGrid.Views.Base.ColumnView.SetDataSource(BindingContext context, Object dataSource, String dataMember)
   at DevExpress.XtraGrid.Views.Grid.GridView.SetDataSource(BindingContext context, Object dataSource, String dataMember)
   at DevExpress.XtraGrid.GridControl.ActivateDataSource()
   at DevExpress.XtraGrid.GridControl.set_DataSource(Object value)
   at AdimAdimDavaKaydi.Editor.UserControls.ucDosyaAc.ucDosyaAc_Load(Object sender, EventArgs e)
   at System.Windows.Forms.UserControl.OnLoad(EventArgs e)
   at DevExpress.XtraEditors.XtraUserControl.OnLoad(EventArgs e)
   at System.Windows.Forms.Control.CreateControl(Boolean fIgnoreVisible)
   at System.Windows.Forms.Control.CreateControl(Boolean fIgnoreVisible)
   at System.Windows.Forms.Control.CreateControl(Boolean fIgnoreVisible)
   at System.Windows.Forms.Control.CreateControl(Boolean fIgnoreVisible)
   at System.Windows.Forms.Control.CreateControl(Boolean fIgnoreVisible)
   at System.Windows.Forms.Control.CreateControl()
   at System.Windows.Forms.Control.WmShowWindow(Message& m)
   at System.Windows.Forms.Control.WndProc(Message& m)
   at DevExpress.XtraEditors.XtraForm.WndProc(Message& msg)
   at System.Windows.Forms.Control.ControlNativeWindow.WndProc(Message& m)
   at System.Windows.Forms.NativeWindow.Callback(IntPtr hWnd, Int32 msg, IntPtr wparam, IntPtr lparam)
