[ERROR LOG V1]

Time = 06.10.2025 11:09:04 
Source = AdimAdimDavaKaydi.Forms.Icra.frmIcraDosyaKayit (17868622)
Version = 1.0.0.0 
Culture = tr-TR 

Exception:
System.Data.SqlClient.SqlException: Sunucuyla bağlantı kurulurken ağ ile ilgili veya örneğe özel bir hata oluştu. Sunucu bulunamadı veya sunucuya erişilemiyor. Örnek adının doğru olduğunu ve SQL Server'ın uzak bağlantılara izin verdiğini doğrulayın. (provider: Adlandırılmış Kanal Sağlayıcısı, error: 40 - SQL Server için bağlantı açılamadı)
   konum: System.Data.SqlClient.SqlInternalConnection.OnError(SqlException exception, Boolean breakConnection)
   konum: System.Data.SqlClient.TdsParser.ThrowExceptionAndWarning(TdsParserStateObject stateObj)
   konum: System.Data.SqlClient.TdsParser.Connect(ServerInfo serverInfo, SqlInternalConnectionTds connHandler, Boolean ignoreSniOpenTimeout, Int64 timerExpire, Boolean encrypt, Boolean trustServerCert, Boolean integratedSecurity, SqlConnection owningObject, Boolean withFailover)
   konum: System.Data.SqlClient.SqlInternalConnectionTds.AttemptOneLogin(ServerInfo serverInfo, String newPassword, Boolean ignoreSniOpenTimeout, Int64 timerExpire, SqlConnection owningObject, Boolean withFailover)
   konum: System.Data.SqlClient.SqlInternalConnectionTds.LoginNoFailover(String host, String newPassword, Boolean redirectedUserInstance, SqlConnection owningObject, SqlConnectionString connectionOptions, Int64 timerStart)
   konum: System.Data.SqlClient.SqlInternalConnectionTds.OpenLoginEnlist(SqlConnection owningObject, SqlConnectionString connectionOptions, String newPassword, Boolean redirectedUserInstance)
   konum: System.Data.SqlClient.SqlInternalConnectionTds..ctor(DbConnectionPoolIdentity identity, SqlConnectionString connectionOptions, Object providerInfo, String newPassword, SqlConnection owningObject, Boolean redirectedUserInstance)
   konum: System.Data.SqlClient.SqlConnectionFactory.CreateConnection(DbConnectionOptions options, Object poolGroupProviderInfo, DbConnectionPool pool, DbConnection owningConnection)
   konum: System.Data.ProviderBase.DbConnectionFactory.CreatePooledConnection(DbConnection owningConnection, DbConnectionPool pool, DbConnectionOptions options)
   konum: System.Data.ProviderBase.DbConnectionPool.CreateObject(DbConnection owningObject)
   konum: System.Data.ProviderBase.DbConnectionPool.UserCreateRequest(DbConnection owningObject)
   konum: System.Data.ProviderBase.DbConnectionPool.GetConnection(DbConnection owningObject)
   konum: System.Data.ProviderBase.DbConnectionFactory.GetConnection(DbConnection owningConnection)
   konum: System.Data.ProviderBase.DbConnectionClosed.OpenConnection(DbConnection outerConnection, DbConnectionFactory connectionFactory)
   konum: System.Data.SqlClient.SqlConnection.Open()
   konum: System.Data.Common.DbDataAdapter.QuietOpen(IDbConnection connection, ConnectionState& originalState)
   konum: System.Data.Common.DbDataAdapter.FillInternal(DataSet dataset, DataTable[] datatables, Int32 startRecord, Int32 maxRecords, String srcTable, IDbCommand command, CommandBehavior behavior)
   konum: System.Data.Common.DbDataAdapter.Fill(DataTable[] dataTables, Int32 startRecord, Int32 maxRecords, IDbCommand command, CommandBehavior behavior)
   konum: System.Data.Common.DbDataAdapter.Fill(DataTable dataTable)
   konum: ABSqlConnection.GetDataTable(String SqlCumlesi)
   konum: AvukatPro.Services.Implementations.DevExpressService.CariDoldur_Bind(Object sender, Boolean IsSearchLookUpEdit, Nullable`1 tipi) d:\SHAProjeler\MAESTRO\AvukatPro.Services\Implementations\DevExpressService.cs içinde: satır 915
   konum: AvukatPro.Services.Implementations.DevExpressService.CariDoldur(RepositoryItemSearchLookUpEdit rslue, Nullable`1 tipi) d:\SHAProjeler\MAESTRO\AvukatPro.Services\Implementations\DevExpressService.cs içinde: satır 208
   konum: AdimAdimDavaKaydi.UserControls.ucAlacakNedenGirisi.InitsDoldur() d:\SHAProjeler\MAESTRO\AdimAdimDavaKaydi\UserControls\ucAlacakNedenGirisi.cs içinde: satır 209
   konum: AdimAdimDavaKaydi.UserControls.ucAlacakNedenGirisi.ucAlacakNedenGirisi_Load(Object sender, EventArgs e) d:\SHAProjeler\MAESTRO\AdimAdimDavaKaydi\UserControls\ucAlacakNedenGirisi.cs içinde: satır 244
   konum: System.Windows.Forms.UserControl.OnLoad(EventArgs e)
   konum: DevExpress.XtraEditors.XtraUserControl.OnLoad(EventArgs e)
   konum: AdimAdimDavaKaydi.Util.BaseClasses.AvpXUserControl.OnLoad(EventArgs e) d:\SHAProjeler\MAESTRO\AdimAdimDavaKaydi\Util\BaseClasses\AvpXUserControl.cs içinde: satır 65
   konum: System.Windows.Forms.Control.CreateControl(Boolean fIgnoreVisible)
   konum: System.Windows.Forms.Control.CreateControl()
   konum: System.Windows.Forms.Control.ControlCollection.Add(Control value)
   konum: AdimAdimDavaKaydi.Forms.Icra.frmIcraDosyaKayit.OnShown(EventArgs e) d:\SHAProjeler\MAESTRO\AdimAdimDavaKaydi\Forms\Icra\frmIcraDosyaKayit.cs içinde: satır 1700
[/ERROR LOG V1]

