[ERROR LOG V1]

Time = 28.04.2014 19:11:20 
Source = AdimAdimDavaKaydi.GirisEkran.rFrmDavaGirisEkran (40588353)
Version = 1.0.0.0 
Culture = tr-TR 

Exception:
System.FormatException: String was not recognized as a valid DateTime.
   at System.DateTimeParse.Parse(String s, DateTimeFormatInfo dtfi, DateTimeStyles styles)
   at System.String.System.IConvertible.ToDateTime(IFormatProvider provider)
   at System.Convert.ToDateTime(Object value)
   at AvukatProLib.Arama.R_DAVA_GENEL_ARAMASorgu.GetByFiltreView(Nullable`1 tarafCariID, Nullable`1 sorumluAvukatCariID, Nullable`1 ozelKodBankaID, Nullable`1 ozelKodSubeID, Nullable`1 ozelKodFoyBirimID, Nullable`1 ozelKodFoyYeriID, Nullable`1 ozelKodDurumID, Nullable`1 ozelKodKrediGrupID, Nullable`1 ozelKodKrediGrupTipID, Nullable`1 ozelKodTahsilatDurumID, String ozelKodKlasor1, String ozelKodKlasor2, String dnDigerDavaNeden, Nullable`1 dnDavaEdilenTutarDovizID, Nullable`1 dnDavaEdilenTutar, String dnReferansNo1, String dnReferansNo2, Nullable`1 dnOlaySucTarihi, Nullable`1 davaTalepID, String foyNo, String referansNo1, String referansNo2, String referansNo3, Nullable`1 foyDurumID, Nullable`1 davaTarihi, Nullable`1 adliBirimAdliyeID, Nullable`1 adliBirimNoID, Nullable`1 adliBirimGorevID, String esasNo, Nullable`1 davaOzelKod1, Nullable`1 davaOzelKod2, Nullable`1 davaOzelKod3, Nullable`1 davaOzelKod4, Nullable`1 temsilVekilID, Nullable`1 leyhmi, Nullable`1 subeKodID, Nullable`1 celseTarihi, Nullable`1 kesifTarihi, String con, Int32 Leyh, String ZamanDilimi, String KararNo, Object KararTarihi)
   at AdimAdimDavaKaydi.GirisEkran.rFrmDavaGirisEkran.GelismisAramaSorgula()
[/ERROR LOG V1]

[ERROR LOG V1]

Time = 28.04.2014 19:11:27 
Source = AdimAdimDavaKaydi.GirisEkran.rFrmDavaGirisEkran (40588353)
Version = 1.0.0.0 
Culture = tr-TR 

Exception:
System.FormatException: String was not recognized as a valid DateTime.
   at System.DateTimeParse.Parse(String s, DateTimeFormatInfo dtfi, DateTimeStyles styles)
   at System.String.System.IConvertible.ToDateTime(IFormatProvider provider)
   at System.Convert.ToDateTime(Object value)
   at AvukatProLib.Arama.R_DAVA_GENEL_ARAMASorgu.GetByFiltreView(Nullable`1 tarafCariID, Nullable`1 sorumluAvukatCariID, Nullable`1 ozelKodBankaID, Nullable`1 ozelKodSubeID, Nullable`1 ozelKodFoyBirimID, Nullable`1 ozelKodFoyYeriID, Nullable`1 ozelKodDurumID, Nullable`1 ozelKodKrediGrupID, Nullable`1 ozelKodKrediGrupTipID, Nullable`1 ozelKodTahsilatDurumID, String ozelKodKlasor1, String ozelKodKlasor2, String dnDigerDavaNeden, Nullable`1 dnDavaEdilenTutarDovizID, Nullable`1 dnDavaEdilenTutar, String dnReferansNo1, String dnReferansNo2, Nullable`1 dnOlaySucTarihi, Nullable`1 davaTalepID, String foyNo, String referansNo1, String referansNo2, String referansNo3, Nullable`1 foyDurumID, Nullable`1 davaTarihi, Nullable`1 adliBirimAdliyeID, Nullable`1 adliBirimNoID, Nullable`1 adliBirimGorevID, String esasNo, Nullable`1 davaOzelKod1, Nullable`1 davaOzelKod2, Nullable`1 davaOzelKod3, Nullable`1 davaOzelKod4, Nullable`1 temsilVekilID, Nullable`1 leyhmi, Nullable`1 subeKodID, Nullable`1 celseTarihi, Nullable`1 kesifTarihi, String con, Int32 Leyh, String ZamanDilimi, String KararNo, Object KararTarihi)
   at AdimAdimDavaKaydi.GirisEkran.rFrmDavaGirisEkran.GelismisAramaSorgula()
[/ERROR LOG V1]

