2014-06-12 16:07:55.5963 Serverside 
 The parameter 'address' cannot be an empty string.
Parameter name: address System.ArgumentException ArgumentException System.ArgumentException: The parameter 'address' cannot be an empty string.
Parameter name: address
   at System.Net.Mail.MailAddress..ctor(String address, String displayName, Encoding displayNameEncoding)
   at ServerSideServices.BLL.AsistanIslemi() in d:\Aykut\aVUKATPRO\trunk\Base\AdimAdimDavaKaydi\ServerSideServices\BLL.cs:line 649 Void .ctor(System.String, System.String, System.Text.Encoding)    at System.Net.Mail.MailAddress..ctor(String address, String displayName, Encoding displayNameEncoding)
   at ServerSideServices.BLL.AsistanIslemi() in d:\Aykut\aVUKATPRO\trunk\Base\AdimAdimDavaKaydi\ServerSideServices\BLL.cs:line 649
2014-06-12 16:07:56.7164 Serverside 
 The parameter 'address' cannot be an empty string.
Parameter name: address System.ArgumentException ArgumentException System.ArgumentException: The parameter 'address' cannot be an empty string.
Parameter name: address
   at System.Net.Mail.MailAddress..ctor(String address, String displayName, Encoding displayNameEncoding)
   at ServerSideServices.BLL.AsistanIslemi() in d:\Aykut\aVUKATPRO\trunk\Base\AdimAdimDavaKaydi\ServerSideServices\BLL.cs:line 784 Void .ctor(System.String, System.String, System.Text.Encoding)    at System.Net.Mail.MailAddress..ctor(String address, String displayName, Encoding displayNameEncoding)
   at ServerSideServices.BLL.AsistanIslemi() in d:\Aykut\aVUKATPRO\trunk\Base\AdimAdimDavaKaydi\ServerSideServices\BLL.cs:line 784
2014-06-12 16:07:56.7164 Serverside 
 The parameter 'address' cannot be an empty string.
Parameter name: address System.ArgumentException ArgumentException System.ArgumentException: The parameter 'address' cannot be an empty string.
Parameter name: address
   at System.Net.Mail.MailAddress..ctor(String address, String displayName, Encoding displayNameEncoding)
   at ServerSideServices.BLL.AsistanIslemi() in d:\Aykut\aVUKATPRO\trunk\Base\AdimAdimDavaKaydi\ServerSideServices\BLL.cs:line 784 Void .ctor(System.String, System.String, System.Text.Encoding)    at System.Net.Mail.MailAddress..ctor(String address, String displayName, Encoding displayNameEncoding)
   at ServerSideServices.BLL.AsistanIslemi() in d:\Aykut\aVUKATPRO\trunk\Base\AdimAdimDavaKaydi\ServerSideServices\BLL.cs:line 784
2014-06-12 16:07:56.7164 Serverside 
 The parameter 'address' cannot be an empty string.
Parameter name: address System.ArgumentException ArgumentException System.ArgumentException: The parameter 'address' cannot be an empty string.
Parameter name: address
   at System.Net.Mail.MailAddress..ctor(String address, String displayName, Encoding displayNameEncoding)
   at ServerSideServices.BLL.AsistanIslemi() in d:\Aykut\aVUKATPRO\trunk\Base\AdimAdimDavaKaydi\ServerSideServices\BLL.cs:line 784 Void .ctor(System.String, System.String, System.Text.Encoding)    at System.Net.Mail.MailAddress..ctor(String address, String displayName, Encoding displayNameEncoding)
   at ServerSideServices.BLL.AsistanIslemi() in d:\Aykut\aVUKATPRO\trunk\Base\AdimAdimDavaKaydi\ServerSideServices\BLL.cs:line 784
2014-06-12 16:07:56.7164 Serverside 
 The parameter 'address' cannot be an empty string.
Parameter name: address System.ArgumentException ArgumentException System.ArgumentException: The parameter 'address' cannot be an empty string.
Parameter name: address
   at System.Net.Mail.MailAddress..ctor(String address, String displayName, Encoding displayNameEncoding)
   at ServerSideServices.BLL.AsistanIslemi() in d:\Aykut\aVUKATPRO\trunk\Base\AdimAdimDavaKaydi\ServerSideServices\BLL.cs:line 784 Void .ctor(System.String, System.String, System.Text.Encoding)    at System.Net.Mail.MailAddress..ctor(String address, String displayName, Encoding displayNameEncoding)
   at ServerSideServices.BLL.AsistanIslemi() in d:\Aykut\aVUKATPRO\trunk\Base\AdimAdimDavaKaydi\ServerSideServices\BLL.cs:line 784
2014-06-12 16:07:56.7164 Serverside 
 The parameter 'address' cannot be an empty string.
Parameter name: address System.ArgumentException ArgumentException System.ArgumentException: The parameter 'address' cannot be an empty string.
Parameter name: address
   at System.Net.Mail.MailAddress..ctor(String address, String displayName, Encoding displayNameEncoding)
   at ServerSideServices.BLL.AsistanIslemi() in d:\Aykut\aVUKATPRO\trunk\Base\AdimAdimDavaKaydi\ServerSideServices\BLL.cs:line 784 Void .ctor(System.String, System.String, System.Text.Encoding)    at System.Net.Mail.MailAddress..ctor(String address, String displayName, Encoding displayNameEncoding)
   at ServerSideServices.BLL.AsistanIslemi() in d:\Aykut\aVUKATPRO\trunk\Base\AdimAdimDavaKaydi\ServerSideServices\BLL.cs:line 784
2014-06-12 16:07:56.7164 Serverside 
 The parameter 'address' cannot be an empty string.
Parameter name: address System.ArgumentException ArgumentException System.ArgumentException: The parameter 'address' cannot be an empty string.
Parameter name: address
   at System.Net.Mail.MailAddress..ctor(String address, String displayName, Encoding displayNameEncoding)
   at ServerSideServices.BLL.AsistanIslemi() in d:\Aykut\aVUKATPRO\trunk\Base\AdimAdimDavaKaydi\ServerSideServices\BLL.cs:line 784 Void .ctor(System.String, System.String, System.Text.Encoding)    at System.Net.Mail.MailAddress..ctor(String address, String displayName, Encoding displayNameEncoding)
   at ServerSideServices.BLL.AsistanIslemi() in d:\Aykut\aVUKATPRO\trunk\Base\AdimAdimDavaKaydi\ServerSideServices\BLL.cs:line 784
2014-06-12 16:07:56.7164 Serverside 
 The parameter 'address' cannot be an empty string.
Parameter name: address System.ArgumentException ArgumentException System.ArgumentException: The parameter 'address' cannot be an empty string.
Parameter name: address
   at System.Net.Mail.MailAddress..ctor(String address, String displayName, Encoding displayNameEncoding)
   at ServerSideServices.BLL.AsistanIslemi() in d:\Aykut\aVUKATPRO\trunk\Base\AdimAdimDavaKaydi\ServerSideServices\BLL.cs:line 784 Void .ctor(System.String, System.String, System.Text.Encoding)    at System.Net.Mail.MailAddress..ctor(String address, String displayName, Encoding displayNameEncoding)
   at ServerSideServices.BLL.AsistanIslemi() in d:\Aykut\aVUKATPRO\trunk\Base\AdimAdimDavaKaydi\ServerSideServices\BLL.cs:line 784
2014-06-12 16:07:56.7164 Serverside 
 The parameter 'address' cannot be an empty string.
Parameter name: address System.ArgumentException ArgumentException System.ArgumentException: The parameter 'address' cannot be an empty string.
Parameter name: address
   at System.Net.Mail.MailAddress..ctor(String address, String displayName, Encoding displayNameEncoding)
   at ServerSideServices.BLL.AsistanIslemi() in d:\Aykut\aVUKATPRO\trunk\Base\AdimAdimDavaKaydi\ServerSideServices\BLL.cs:line 784 Void .ctor(System.String, System.String, System.Text.Encoding)    at System.Net.Mail.MailAddress..ctor(String address, String displayName, Encoding displayNameEncoding)
   at ServerSideServices.BLL.AsistanIslemi() in d:\Aykut\aVUKATPRO\trunk\Base\AdimAdimDavaKaydi\ServerSideServices\BLL.cs:line 784
2014-06-12 16:07:56.7164 Serverside 
 The parameter 'address' cannot be an empty string.
Parameter name: address System.ArgumentException ArgumentException System.ArgumentException: The parameter 'address' cannot be an empty string.
Parameter name: address
   at System.Net.Mail.MailAddress..ctor(String address, String displayName, Encoding displayNameEncoding)
   at ServerSideServices.BLL.AsistanIslemi() in d:\Aykut\aVUKATPRO\trunk\Base\AdimAdimDavaKaydi\ServerSideServices\BLL.cs:line 784 Void .ctor(System.String, System.String, System.Text.Encoding)    at System.Net.Mail.MailAddress..ctor(String address, String displayName, Encoding displayNameEncoding)
   at ServerSideServices.BLL.AsistanIslemi() in d:\Aykut\aVUKATPRO\trunk\Base\AdimAdimDavaKaydi\ServerSideServices\BLL.cs:line 784
2014-06-12 16:07:56.7314 Serverside 
 The parameter 'address' cannot be an empty string.
Parameter name: address System.ArgumentException ArgumentException System.ArgumentException: The parameter 'address' cannot be an empty string.
Parameter name: address
   at System.Net.Mail.MailAddress..ctor(String address, String displayName, Encoding displayNameEncoding)
   at ServerSideServices.BLL.AsistanIslemi() in d:\Aykut\aVUKATPRO\trunk\Base\AdimAdimDavaKaydi\ServerSideServices\BLL.cs:line 784 Void .ctor(System.String, System.String, System.Text.Encoding)    at System.Net.Mail.MailAddress..ctor(String address, String displayName, Encoding displayNameEncoding)
   at ServerSideServices.BLL.AsistanIslemi() in d:\Aykut\aVUKATPRO\trunk\Base\AdimAdimDavaKaydi\ServerSideServices\BLL.cs:line 784
2014-06-12 16:07:56.7314 Serverside 
 The parameter 'address' cannot be an empty string.
Parameter name: address System.ArgumentException ArgumentException System.ArgumentException: The parameter 'address' cannot be an empty string.
Parameter name: address
   at System.Net.Mail.MailAddress..ctor(String address, String displayName, Encoding displayNameEncoding)
   at ServerSideServices.BLL.AsistanIslemi() in d:\Aykut\aVUKATPRO\trunk\Base\AdimAdimDavaKaydi\ServerSideServices\BLL.cs:line 784 Void .ctor(System.String, System.String, System.Text.Encoding)    at System.Net.Mail.MailAddress..ctor(String address, String displayName, Encoding displayNameEncoding)
   at ServerSideServices.BLL.AsistanIslemi() in d:\Aykut\aVUKATPRO\trunk\Base\AdimAdimDavaKaydi\ServerSideServices\BLL.cs:line 784
2014-06-12 16:07:56.7314 Serverside 
 The parameter 'address' cannot be an empty string.
Parameter name: address System.ArgumentException ArgumentException System.ArgumentException: The parameter 'address' cannot be an empty string.
Parameter name: address
   at System.Net.Mail.MailAddress..ctor(String address, String displayName, Encoding displayNameEncoding)
   at ServerSideServices.BLL.AsistanIslemi() in d:\Aykut\aVUKATPRO\trunk\Base\AdimAdimDavaKaydi\ServerSideServices\BLL.cs:line 784 Void .ctor(System.String, System.String, System.Text.Encoding)    at System.Net.Mail.MailAddress..ctor(String address, String displayName, Encoding displayNameEncoding)
   at ServerSideServices.BLL.AsistanIslemi() in d:\Aykut\aVUKATPRO\trunk\Base\AdimAdimDavaKaydi\ServerSideServices\BLL.cs:line 784
2014-06-12 16:07:56.7314 Serverside 
 The parameter 'address' cannot be an empty string.
Parameter name: address System.ArgumentException ArgumentException System.ArgumentException: The parameter 'address' cannot be an empty string.
Parameter name: address
   at System.Net.Mail.MailAddress..ctor(String address, String displayName, Encoding displayNameEncoding)
   at ServerSideServices.BLL.AsistanIslemi() in d:\Aykut\aVUKATPRO\trunk\Base\AdimAdimDavaKaydi\ServerSideServices\BLL.cs:line 784 Void .ctor(System.String, System.String, System.Text.Encoding)    at System.Net.Mail.MailAddress..ctor(String address, String displayName, Encoding displayNameEncoding)
   at ServerSideServices.BLL.AsistanIslemi() in d:\Aykut\aVUKATPRO\trunk\Base\AdimAdimDavaKaydi\ServerSideServices\BLL.cs:line 784
2014-06-12 16:07:56.7314 Serverside 
 The parameter 'address' cannot be an empty string.
Parameter name: address System.ArgumentException ArgumentException System.ArgumentException: The parameter 'address' cannot be an empty string.
Parameter name: address
   at System.Net.Mail.MailAddress..ctor(String address, String displayName, Encoding displayNameEncoding)
   at ServerSideServices.BLL.AsistanIslemi() in d:\Aykut\aVUKATPRO\trunk\Base\AdimAdimDavaKaydi\ServerSideServices\BLL.cs:line 784 Void .ctor(System.String, System.String, System.Text.Encoding)    at System.Net.Mail.MailAddress..ctor(String address, String displayName, Encoding displayNameEncoding)
   at ServerSideServices.BLL.AsistanIslemi() in d:\Aykut\aVUKATPRO\trunk\Base\AdimAdimDavaKaydi\ServerSideServices\BLL.cs:line 784
2014-06-12 16:07:56.7314 Serverside 
 The parameter 'address' cannot be an empty string.
Parameter name: address System.ArgumentException ArgumentException System.ArgumentException: The parameter 'address' cannot be an empty string.
Parameter name: address
   at System.Net.Mail.MailAddress..ctor(String address, String displayName, Encoding displayNameEncoding)
   at ServerSideServices.BLL.AsistanIslemi() in d:\Aykut\aVUKATPRO\trunk\Base\AdimAdimDavaKaydi\ServerSideServices\BLL.cs:line 784 Void .ctor(System.String, System.String, System.Text.Encoding)    at System.Net.Mail.MailAddress..ctor(String address, String displayName, Encoding displayNameEncoding)
   at ServerSideServices.BLL.AsistanIslemi() in d:\Aykut\aVUKATPRO\trunk\Base\AdimAdimDavaKaydi\ServerSideServices\BLL.cs:line 784
2014-06-12 16:07:56.7314 Serverside 
 The parameter 'address' cannot be an empty string.
Parameter name: address System.ArgumentException ArgumentException System.ArgumentException: The parameter 'address' cannot be an empty string.
Parameter name: address
   at System.Net.Mail.MailAddress..ctor(String address, String displayName, Encoding displayNameEncoding)
   at ServerSideServices.BLL.AsistanIslemi() in d:\Aykut\aVUKATPRO\trunk\Base\AdimAdimDavaKaydi\ServerSideServices\BLL.cs:line 784 Void .ctor(System.String, System.String, System.Text.Encoding)    at System.Net.Mail.MailAddress..ctor(String address, String displayName, Encoding displayNameEncoding)
   at ServerSideServices.BLL.AsistanIslemi() in d:\Aykut\aVUKATPRO\trunk\Base\AdimAdimDavaKaydi\ServerSideServices\BLL.cs:line 784
2014-06-12 16:07:56.7314 Serverside 
 The parameter 'address' cannot be an empty string.
Parameter name: address System.ArgumentException ArgumentException System.ArgumentException: The parameter 'address' cannot be an empty string.
Parameter name: address
   at System.Net.Mail.MailAddress..ctor(String address, String displayName, Encoding displayNameEncoding)
   at ServerSideServices.BLL.AsistanIslemi() in d:\Aykut\aVUKATPRO\trunk\Base\AdimAdimDavaKaydi\ServerSideServices\BLL.cs:line 784 Void .ctor(System.String, System.String, System.Text.Encoding)    at System.Net.Mail.MailAddress..ctor(String address, String displayName, Encoding displayNameEncoding)
   at ServerSideServices.BLL.AsistanIslemi() in d:\Aykut\aVUKATPRO\trunk\Base\AdimAdimDavaKaydi\ServerSideServices\BLL.cs:line 784
2014-06-12 16:07:56.7314 Serverside 
 The parameter 'address' cannot be an empty string.
Parameter name: address System.ArgumentException ArgumentException System.ArgumentException: The parameter 'address' cannot be an empty string.
Parameter name: address
   at System.Net.Mail.MailAddress..ctor(String address, String displayName, Encoding displayNameEncoding)
   at ServerSideServices.BLL.AsistanIslemi() in d:\Aykut\aVUKATPRO\trunk\Base\AdimAdimDavaKaydi\ServerSideServices\BLL.cs:line 784 Void .ctor(System.String, System.String, System.Text.Encoding)    at System.Net.Mail.MailAddress..ctor(String address, String displayName, Encoding displayNameEncoding)
   at ServerSideServices.BLL.AsistanIslemi() in d:\Aykut\aVUKATPRO\trunk\Base\AdimAdimDavaKaydi\ServerSideServices\BLL.cs:line 784
2014-06-12 16:07:56.7314 Serverside 
 The parameter 'address' cannot be an empty string.
Parameter name: address System.ArgumentException ArgumentException System.ArgumentException: The parameter 'address' cannot be an empty string.
Parameter name: address
   at System.Net.Mail.MailAddress..ctor(String address, String displayName, Encoding displayNameEncoding)
   at ServerSideServices.BLL.AsistanIslemi() in d:\Aykut\aVUKATPRO\trunk\Base\AdimAdimDavaKaydi\ServerSideServices\BLL.cs:line 784 Void .ctor(System.String, System.String, System.Text.Encoding)    at System.Net.Mail.MailAddress..ctor(String address, String displayName, Encoding displayNameEncoding)
   at ServerSideServices.BLL.AsistanIslemi() in d:\Aykut\aVUKATPRO\trunk\Base\AdimAdimDavaKaydi\ServerSideServices\BLL.cs:line 784
2014-06-12 16:07:56.7314 Serverside 
 The parameter 'address' cannot be an empty string.
Parameter name: address System.ArgumentException ArgumentException System.ArgumentException: The parameter 'address' cannot be an empty string.
Parameter name: address
   at System.Net.Mail.MailAddress..ctor(String address, String displayName, Encoding displayNameEncoding)
   at ServerSideServices.BLL.AsistanIslemi() in d:\Aykut\aVUKATPRO\trunk\Base\AdimAdimDavaKaydi\ServerSideServices\BLL.cs:line 784 Void .ctor(System.String, System.String, System.Text.Encoding)    at System.Net.Mail.MailAddress..ctor(String address, String displayName, Encoding displayNameEncoding)
   at ServerSideServices.BLL.AsistanIslemi() in d:\Aykut\aVUKATPRO\trunk\Base\AdimAdimDavaKaydi\ServerSideServices\BLL.cs:line 784
2014-06-12 16:07:56.7314 Serverside 
 The parameter 'address' cannot be an empty string.
Parameter name: address System.ArgumentException ArgumentException System.ArgumentException: The parameter 'address' cannot be an empty string.
Parameter name: address
   at System.Net.Mail.MailAddress..ctor(String address, String displayName, Encoding displayNameEncoding)
   at ServerSideServices.BLL.AsistanIslemi() in d:\Aykut\aVUKATPRO\trunk\Base\AdimAdimDavaKaydi\ServerSideServices\BLL.cs:line 784 Void .ctor(System.String, System.String, System.Text.Encoding)    at System.Net.Mail.MailAddress..ctor(String address, String displayName, Encoding displayNameEncoding)
   at ServerSideServices.BLL.AsistanIslemi() in d:\Aykut\aVUKATPRO\trunk\Base\AdimAdimDavaKaydi\ServerSideServices\BLL.cs:line 784
2014-06-12 16:07:56.7314 Serverside 
 The parameter 'address' cannot be an empty string.
Parameter name: address System.ArgumentException ArgumentException System.ArgumentException: The parameter 'address' cannot be an empty string.
Parameter name: address
   at System.Net.Mail.MailAddress..ctor(String address, String displayName, Encoding displayNameEncoding)
   at ServerSideServices.BLL.AsistanIslemi() in d:\Aykut\aVUKATPRO\trunk\Base\AdimAdimDavaKaydi\ServerSideServices\BLL.cs:line 784 Void .ctor(System.String, System.String, System.Text.Encoding)    at System.Net.Mail.MailAddress..ctor(String address, String displayName, Encoding displayNameEncoding)
   at ServerSideServices.BLL.AsistanIslemi() in d:\Aykut\aVUKATPRO\trunk\Base\AdimAdimDavaKaydi\ServerSideServices\BLL.cs:line 784
2014-06-12 16:07:56.7314 Serverside 
 The parameter 'address' cannot be an empty string.
Parameter name: address System.ArgumentException ArgumentException System.ArgumentException: The parameter 'address' cannot be an empty string.
Parameter name: address
   at System.Net.Mail.MailAddress..ctor(String address, String displayName, Encoding displayNameEncoding)
   at ServerSideServices.BLL.AsistanIslemi() in d:\Aykut\aVUKATPRO\trunk\Base\AdimAdimDavaKaydi\ServerSideServices\BLL.cs:line 784 Void .ctor(System.String, System.String, System.Text.Encoding)    at System.Net.Mail.MailAddress..ctor(String address, String displayName, Encoding displayNameEncoding)
   at ServerSideServices.BLL.AsistanIslemi() in d:\Aykut\aVUKATPRO\trunk\Base\AdimAdimDavaKaydi\ServerSideServices\BLL.cs:line 784
2014-06-12 16:07:56.7474 Serverside 
 The parameter 'address' cannot be an empty string.
Parameter name: address System.ArgumentException ArgumentException System.ArgumentException: The parameter 'address' cannot be an empty string.
Parameter name: address
   at System.Net.Mail.MailAddress..ctor(String address, String displayName, Encoding displayNameEncoding)
   at ServerSideServices.BLL.AsistanIslemi() in d:\Aykut\aVUKATPRO\trunk\Base\AdimAdimDavaKaydi\ServerSideServices\BLL.cs:line 784 Void .ctor(System.String, System.String, System.Text.Encoding)    at System.Net.Mail.MailAddress..ctor(String address, String displayName, Encoding displayNameEncoding)
   at ServerSideServices.BLL.AsistanIslemi() in d:\Aykut\aVUKATPRO\trunk\Base\AdimAdimDavaKaydi\ServerSideServices\BLL.cs:line 784
2014-06-12 16:07:56.7474 Serverside 
 The parameter 'address' cannot be an empty string.
Parameter name: address System.ArgumentException ArgumentException System.ArgumentException: The parameter 'address' cannot be an empty string.
Parameter name: address
   at System.Net.Mail.MailAddress..ctor(String address, String displayName, Encoding displayNameEncoding)
   at ServerSideServices.BLL.AsistanIslemi() in d:\Aykut\aVUKATPRO\trunk\Base\AdimAdimDavaKaydi\ServerSideServices\BLL.cs:line 784 Void .ctor(System.String, System.String, System.Text.Encoding)    at System.Net.Mail.MailAddress..ctor(String address, String displayName, Encoding displayNameEncoding)
   at ServerSideServices.BLL.AsistanIslemi() in d:\Aykut\aVUKATPRO\trunk\Base\AdimAdimDavaKaydi\ServerSideServices\BLL.cs:line 784
2014-06-12 16:07:56.7474 Serverside 
 The parameter 'address' cannot be an empty string.
Parameter name: address System.ArgumentException ArgumentException System.ArgumentException: The parameter 'address' cannot be an empty string.
Parameter name: address
   at System.Net.Mail.MailAddress..ctor(String address, String displayName, Encoding displayNameEncoding)
   at ServerSideServices.BLL.AsistanIslemi() in d:\Aykut\aVUKATPRO\trunk\Base\AdimAdimDavaKaydi\ServerSideServices\BLL.cs:line 784 Void .ctor(System.String, System.String, System.Text.Encoding)    at System.Net.Mail.MailAddress..ctor(String address, String displayName, Encoding displayNameEncoding)
   at ServerSideServices.BLL.AsistanIslemi() in d:\Aykut\aVUKATPRO\trunk\Base\AdimAdimDavaKaydi\ServerSideServices\BLL.cs:line 784
2014-06-12 16:07:56.7474 Serverside 
 The parameter 'address' cannot be an empty string.
Parameter name: address System.ArgumentException ArgumentException System.ArgumentException: The parameter 'address' cannot be an empty string.
Parameter name: address
   at System.Net.Mail.MailAddress..ctor(String address, String displayName, Encoding displayNameEncoding)
   at ServerSideServices.BLL.AsistanIslemi() in d:\Aykut\aVUKATPRO\trunk\Base\AdimAdimDavaKaydi\ServerSideServices\BLL.cs:line 784 Void .ctor(System.String, System.String, System.Text.Encoding)    at System.Net.Mail.MailAddress..ctor(String address, String displayName, Encoding displayNameEncoding)
   at ServerSideServices.BLL.AsistanIslemi() in d:\Aykut\aVUKATPRO\trunk\Base\AdimAdimDavaKaydi\ServerSideServices\BLL.cs:line 784
2014-06-12 16:07:56.7474 Serverside 
 The parameter 'address' cannot be an empty string.
Parameter name: address System.ArgumentException ArgumentException System.ArgumentException: The parameter 'address' cannot be an empty string.
Parameter name: address
   at System.Net.Mail.MailAddress..ctor(String address, String displayName, Encoding displayNameEncoding)
   at ServerSideServices.BLL.AsistanIslemi() in d:\Aykut\aVUKATPRO\trunk\Base\AdimAdimDavaKaydi\ServerSideServices\BLL.cs:line 784 Void .ctor(System.String, System.String, System.Text.Encoding)    at System.Net.Mail.MailAddress..ctor(String address, String displayName, Encoding displayNameEncoding)
   at ServerSideServices.BLL.AsistanIslemi() in d:\Aykut\aVUKATPRO\trunk\Base\AdimAdimDavaKaydi\ServerSideServices\BLL.cs:line 784
