2014-05-21 08:58:41.1566 Serverside 
 The parameter 'address' cannot be an empty string.
Parameter name: address System.ArgumentException ArgumentException System.ArgumentException: The parameter 'address' cannot be an empty string.
Parameter name: address
   at System.Net.Mail.MailAddress..ctor(String address, String displayName, Encoding displayNameEncoding)
   at ServerSideServices.BLL.AsistanIslemi() in d:\Aykut\aVUKATPRO\trunk\Base\AdimAdimDavaKaydi\ServerSideServices\BLL.cs:line 649 Void .ctor(System.String, System.String, System.Text.Encoding)    at System.Net.Mail.MailAddress..ctor(String address, String displayName, Encoding displayNameEncoding)
   at ServerSideServices.BLL.AsistanIslemi() in d:\Aykut\aVUKATPRO\trunk\Base\AdimAdimDavaKaydi\ServerSideServices\BLL.cs:line 649
2014-05-21 08:58:41.5236 Serverside 
 The parameter 'address' cannot be an empty string.
Parameter name: address System.ArgumentException ArgumentException System.ArgumentException: The parameter 'address' cannot be an empty string.
Parameter name: address
   at System.Net.Mail.MailAddress..ctor(String address, String displayName, Encoding displayNameEncoding)
   at ServerSideServices.BLL.AsistanIslemi() in d:\Aykut\aVUKATPRO\trunk\Base\AdimAdimDavaKaydi\ServerSideServices\BLL.cs:line 784 Void .ctor(System.String, System.String, System.Text.Encoding)    at System.Net.Mail.MailAddress..ctor(String address, String displayName, Encoding displayNameEncoding)
   at ServerSideServices.BLL.AsistanIslemi() in d:\Aykut\aVUKATPRO\trunk\Base\AdimAdimDavaKaydi\ServerSideServices\BLL.cs:line 784
2014-05-21 08:58:41.5236 Serverside 
 The parameter 'address' cannot be an empty string.
Parameter name: address System.ArgumentException ArgumentException System.ArgumentException: The parameter 'address' cannot be an empty string.
Parameter name: address
   at System.Net.Mail.MailAddress..ctor(String address, String displayName, Encoding displayNameEncoding)
   at ServerSideServices.BLL.AsistanIslemi() in d:\Aykut\aVUKATPRO\trunk\Base\AdimAdimDavaKaydi\ServerSideServices\BLL.cs:line 784 Void .ctor(System.String, System.String, System.Text.Encoding)    at System.Net.Mail.MailAddress..ctor(String address, String displayName, Encoding displayNameEncoding)
   at ServerSideServices.BLL.AsistanIslemi() in d:\Aykut\aVUKATPRO\trunk\Base\AdimAdimDavaKaydi\ServerSideServices\BLL.cs:line 784
2014-05-21 08:58:41.5236 Serverside 
 The parameter 'address' cannot be an empty string.
Parameter name: address System.ArgumentException ArgumentException System.ArgumentException: The parameter 'address' cannot be an empty string.
Parameter name: address
   at System.Net.Mail.MailAddress..ctor(String address, String displayName, Encoding displayNameEncoding)
   at ServerSideServices.BLL.AsistanIslemi() in d:\Aykut\aVUKATPRO\trunk\Base\AdimAdimDavaKaydi\ServerSideServices\BLL.cs:line 784 Void .ctor(System.String, System.String, System.Text.Encoding)    at System.Net.Mail.MailAddress..ctor(String address, String displayName, Encoding displayNameEncoding)
   at ServerSideServices.BLL.AsistanIslemi() in d:\Aykut\aVUKATPRO\trunk\Base\AdimAdimDavaKaydi\ServerSideServices\BLL.cs:line 784
2014-05-21 08:58:41.5236 Serverside 
 The parameter 'address' cannot be an empty string.
Parameter name: address System.ArgumentException ArgumentException System.ArgumentException: The parameter 'address' cannot be an empty string.
Parameter name: address
   at System.Net.Mail.MailAddress..ctor(String address, String displayName, Encoding displayNameEncoding)
   at ServerSideServices.BLL.AsistanIslemi() in d:\Aykut\aVUKATPRO\trunk\Base\AdimAdimDavaKaydi\ServerSideServices\BLL.cs:line 784 Void .ctor(System.String, System.String, System.Text.Encoding)    at System.Net.Mail.MailAddress..ctor(String address, String displayName, Encoding displayNameEncoding)
   at ServerSideServices.BLL.AsistanIslemi() in d:\Aykut\aVUKATPRO\trunk\Base\AdimAdimDavaKaydi\ServerSideServices\BLL.cs:line 784
2014-05-21 08:58:41.5236 Serverside 
 The parameter 'address' cannot be an empty string.
Parameter name: address System.ArgumentException ArgumentException System.ArgumentException: The parameter 'address' cannot be an empty string.
Parameter name: address
   at System.Net.Mail.MailAddress..ctor(String address, String displayName, Encoding displayNameEncoding)
   at ServerSideServices.BLL.AsistanIslemi() in d:\Aykut\aVUKATPRO\trunk\Base\AdimAdimDavaKaydi\ServerSideServices\BLL.cs:line 784 Void .ctor(System.String, System.String, System.Text.Encoding)    at System.Net.Mail.MailAddress..ctor(String address, String displayName, Encoding displayNameEncoding)
   at ServerSideServices.BLL.AsistanIslemi() in d:\Aykut\aVUKATPRO\trunk\Base\AdimAdimDavaKaydi\ServerSideServices\BLL.cs:line 784
2014-05-21 08:58:41.5236 Serverside 
 The parameter 'address' cannot be an empty string.
Parameter name: address System.ArgumentException ArgumentException System.ArgumentException: The parameter 'address' cannot be an empty string.
Parameter name: address
   at System.Net.Mail.MailAddress..ctor(String address, String displayName, Encoding displayNameEncoding)
   at ServerSideServices.BLL.AsistanIslemi() in d:\Aykut\aVUKATPRO\trunk\Base\AdimAdimDavaKaydi\ServerSideServices\BLL.cs:line 784 Void .ctor(System.String, System.String, System.Text.Encoding)    at System.Net.Mail.MailAddress..ctor(String address, String displayName, Encoding displayNameEncoding)
   at ServerSideServices.BLL.AsistanIslemi() in d:\Aykut\aVUKATPRO\trunk\Base\AdimAdimDavaKaydi\ServerSideServices\BLL.cs:line 784
2014-05-21 08:58:41.5236 Serverside 
 The parameter 'address' cannot be an empty string.
Parameter name: address System.ArgumentException ArgumentException System.ArgumentException: The parameter 'address' cannot be an empty string.
Parameter name: address
   at System.Net.Mail.MailAddress..ctor(String address, String displayName, Encoding displayNameEncoding)
   at ServerSideServices.BLL.AsistanIslemi() in d:\Aykut\aVUKATPRO\trunk\Base\AdimAdimDavaKaydi\ServerSideServices\BLL.cs:line 784 Void .ctor(System.String, System.String, System.Text.Encoding)    at System.Net.Mail.MailAddress..ctor(String address, String displayName, Encoding displayNameEncoding)
   at ServerSideServices.BLL.AsistanIslemi() in d:\Aykut\aVUKATPRO\trunk\Base\AdimAdimDavaKaydi\ServerSideServices\BLL.cs:line 784
2014-05-21 08:58:41.5236 Serverside 
 The parameter 'address' cannot be an empty string.
Parameter name: address System.ArgumentException ArgumentException System.ArgumentException: The parameter 'address' cannot be an empty string.
Parameter name: address
   at System.Net.Mail.MailAddress..ctor(String address, String displayName, Encoding displayNameEncoding)
   at ServerSideServices.BLL.AsistanIslemi() in d:\Aykut\aVUKATPRO\trunk\Base\AdimAdimDavaKaydi\ServerSideServices\BLL.cs:line 784 Void .ctor(System.String, System.String, System.Text.Encoding)    at System.Net.Mail.MailAddress..ctor(String address, String displayName, Encoding displayNameEncoding)
   at ServerSideServices.BLL.AsistanIslemi() in d:\Aykut\aVUKATPRO\trunk\Base\AdimAdimDavaKaydi\ServerSideServices\BLL.cs:line 784
2014-05-21 08:58:41.5236 Serverside 
 The parameter 'address' cannot be an empty string.
Parameter name: address System.ArgumentException ArgumentException System.ArgumentException: The parameter 'address' cannot be an empty string.
Parameter name: address
   at System.Net.Mail.MailAddress..ctor(String address, String displayName, Encoding displayNameEncoding)
   at ServerSideServices.BLL.AsistanIslemi() in d:\Aykut\aVUKATPRO\trunk\Base\AdimAdimDavaKaydi\ServerSideServices\BLL.cs:line 784 Void .ctor(System.String, System.String, System.Text.Encoding)    at System.Net.Mail.MailAddress..ctor(String address, String displayName, Encoding displayNameEncoding)
   at ServerSideServices.BLL.AsistanIslemi() in d:\Aykut\aVUKATPRO\trunk\Base\AdimAdimDavaKaydi\ServerSideServices\BLL.cs:line 784
2014-05-21 08:58:41.5396 Serverside 
 The parameter 'address' cannot be an empty string.
Parameter name: address System.ArgumentException ArgumentException System.ArgumentException: The parameter 'address' cannot be an empty string.
Parameter name: address
   at System.Net.Mail.MailAddress..ctor(String address, String displayName, Encoding displayNameEncoding)
   at ServerSideServices.BLL.AsistanIslemi() in d:\Aykut\aVUKATPRO\trunk\Base\AdimAdimDavaKaydi\ServerSideServices\BLL.cs:line 784 Void .ctor(System.String, System.String, System.Text.Encoding)    at System.Net.Mail.MailAddress..ctor(String address, String displayName, Encoding displayNameEncoding)
   at ServerSideServices.BLL.AsistanIslemi() in d:\Aykut\aVUKATPRO\trunk\Base\AdimAdimDavaKaydi\ServerSideServices\BLL.cs:line 784
2014-05-21 08:58:41.5396 Serverside 
 The parameter 'address' cannot be an empty string.
Parameter name: address System.ArgumentException ArgumentException System.ArgumentException: The parameter 'address' cannot be an empty string.
Parameter name: address
   at System.Net.Mail.MailAddress..ctor(String address, String displayName, Encoding displayNameEncoding)
   at ServerSideServices.BLL.AsistanIslemi() in d:\Aykut\aVUKATPRO\trunk\Base\AdimAdimDavaKaydi\ServerSideServices\BLL.cs:line 784 Void .ctor(System.String, System.String, System.Text.Encoding)    at System.Net.Mail.MailAddress..ctor(String address, String displayName, Encoding displayNameEncoding)
   at ServerSideServices.BLL.AsistanIslemi() in d:\Aykut\aVUKATPRO\trunk\Base\AdimAdimDavaKaydi\ServerSideServices\BLL.cs:line 784
2014-05-21 08:58:41.5396 Serverside 
 The parameter 'address' cannot be an empty string.
Parameter name: address System.ArgumentException ArgumentException System.ArgumentException: The parameter 'address' cannot be an empty string.
Parameter name: address
   at System.Net.Mail.MailAddress..ctor(String address, String displayName, Encoding displayNameEncoding)
   at ServerSideServices.BLL.AsistanIslemi() in d:\Aykut\aVUKATPRO\trunk\Base\AdimAdimDavaKaydi\ServerSideServices\BLL.cs:line 784 Void .ctor(System.String, System.String, System.Text.Encoding)    at System.Net.Mail.MailAddress..ctor(String address, String displayName, Encoding displayNameEncoding)
   at ServerSideServices.BLL.AsistanIslemi() in d:\Aykut\aVUKATPRO\trunk\Base\AdimAdimDavaKaydi\ServerSideServices\BLL.cs:line 784
2014-05-21 08:58:41.5396 Serverside 
 The parameter 'address' cannot be an empty string.
Parameter name: address System.ArgumentException ArgumentException System.ArgumentException: The parameter 'address' cannot be an empty string.
Parameter name: address
   at System.Net.Mail.MailAddress..ctor(String address, String displayName, Encoding displayNameEncoding)
   at ServerSideServices.BLL.AsistanIslemi() in d:\Aykut\aVUKATPRO\trunk\Base\AdimAdimDavaKaydi\ServerSideServices\BLL.cs:line 784 Void .ctor(System.String, System.String, System.Text.Encoding)    at System.Net.Mail.MailAddress..ctor(String address, String displayName, Encoding displayNameEncoding)
   at ServerSideServices.BLL.AsistanIslemi() in d:\Aykut\aVUKATPRO\trunk\Base\AdimAdimDavaKaydi\ServerSideServices\BLL.cs:line 784
2014-05-21 08:58:41.5396 Serverside 
 The parameter 'address' cannot be an empty string.
Parameter name: address System.ArgumentException ArgumentException System.ArgumentException: The parameter 'address' cannot be an empty string.
Parameter name: address
   at System.Net.Mail.MailAddress..ctor(String address, String displayName, Encoding displayNameEncoding)
   at ServerSideServices.BLL.AsistanIslemi() in d:\Aykut\aVUKATPRO\trunk\Base\AdimAdimDavaKaydi\ServerSideServices\BLL.cs:line 784 Void .ctor(System.String, System.String, System.Text.Encoding)    at System.Net.Mail.MailAddress..ctor(String address, String displayName, Encoding displayNameEncoding)
   at ServerSideServices.BLL.AsistanIslemi() in d:\Aykut\aVUKATPRO\trunk\Base\AdimAdimDavaKaydi\ServerSideServices\BLL.cs:line 784
2014-05-21 08:58:41.5396 Serverside 
 The parameter 'address' cannot be an empty string.
Parameter name: address System.ArgumentException ArgumentException System.ArgumentException: The parameter 'address' cannot be an empty string.
Parameter name: address
   at System.Net.Mail.MailAddress..ctor(String address, String displayName, Encoding displayNameEncoding)
   at ServerSideServices.BLL.AsistanIslemi() in d:\Aykut\aVUKATPRO\trunk\Base\AdimAdimDavaKaydi\ServerSideServices\BLL.cs:line 784 Void .ctor(System.String, System.String, System.Text.Encoding)    at System.Net.Mail.MailAddress..ctor(String address, String displayName, Encoding displayNameEncoding)
   at ServerSideServices.BLL.AsistanIslemi() in d:\Aykut\aVUKATPRO\trunk\Base\AdimAdimDavaKaydi\ServerSideServices\BLL.cs:line 784
2014-05-21 08:58:41.5396 Serverside 
 The parameter 'address' cannot be an empty string.
Parameter name: address System.ArgumentException ArgumentException System.ArgumentException: The parameter 'address' cannot be an empty string.
Parameter name: address
   at System.Net.Mail.MailAddress..ctor(String address, String displayName, Encoding displayNameEncoding)
   at ServerSideServices.BLL.AsistanIslemi() in d:\Aykut\aVUKATPRO\trunk\Base\AdimAdimDavaKaydi\ServerSideServices\BLL.cs:line 784 Void .ctor(System.String, System.String, System.Text.Encoding)    at System.Net.Mail.MailAddress..ctor(String address, String displayName, Encoding displayNameEncoding)
   at ServerSideServices.BLL.AsistanIslemi() in d:\Aykut\aVUKATPRO\trunk\Base\AdimAdimDavaKaydi\ServerSideServices\BLL.cs:line 784
2014-05-21 08:58:41.5396 Serverside 
 The parameter 'address' cannot be an empty string.
Parameter name: address System.ArgumentException ArgumentException System.ArgumentException: The parameter 'address' cannot be an empty string.
Parameter name: address
   at System.Net.Mail.MailAddress..ctor(String address, String displayName, Encoding displayNameEncoding)
   at ServerSideServices.BLL.AsistanIslemi() in d:\Aykut\aVUKATPRO\trunk\Base\AdimAdimDavaKaydi\ServerSideServices\BLL.cs:line 784 Void .ctor(System.String, System.String, System.Text.Encoding)    at System.Net.Mail.MailAddress..ctor(String address, String displayName, Encoding displayNameEncoding)
   at ServerSideServices.BLL.AsistanIslemi() in d:\Aykut\aVUKATPRO\trunk\Base\AdimAdimDavaKaydi\ServerSideServices\BLL.cs:line 784
2014-05-21 08:58:41.5396 Serverside 
 The parameter 'address' cannot be an empty string.
Parameter name: address System.ArgumentException ArgumentException System.ArgumentException: The parameter 'address' cannot be an empty string.
Parameter name: address
   at System.Net.Mail.MailAddress..ctor(String address, String displayName, Encoding displayNameEncoding)
   at ServerSideServices.BLL.AsistanIslemi() in d:\Aykut\aVUKATPRO\trunk\Base\AdimAdimDavaKaydi\ServerSideServices\BLL.cs:line 784 Void .ctor(System.String, System.String, System.Text.Encoding)    at System.Net.Mail.MailAddress..ctor(String address, String displayName, Encoding displayNameEncoding)
   at ServerSideServices.BLL.AsistanIslemi() in d:\Aykut\aVUKATPRO\trunk\Base\AdimAdimDavaKaydi\ServerSideServices\BLL.cs:line 784
2014-05-21 08:58:41.5396 Serverside 
 The parameter 'address' cannot be an empty string.
Parameter name: address System.ArgumentException ArgumentException System.ArgumentException: The parameter 'address' cannot be an empty string.
Parameter name: address
   at System.Net.Mail.MailAddress..ctor(String address, String displayName, Encoding displayNameEncoding)
   at ServerSideServices.BLL.AsistanIslemi() in d:\Aykut\aVUKATPRO\trunk\Base\AdimAdimDavaKaydi\ServerSideServices\BLL.cs:line 784 Void .ctor(System.String, System.String, System.Text.Encoding)    at System.Net.Mail.MailAddress..ctor(String address, String displayName, Encoding displayNameEncoding)
   at ServerSideServices.BLL.AsistanIslemi() in d:\Aykut\aVUKATPRO\trunk\Base\AdimAdimDavaKaydi\ServerSideServices\BLL.cs:line 784
2014-05-21 08:58:41.5396 Serverside 
 The parameter 'address' cannot be an empty string.
Parameter name: address System.ArgumentException ArgumentException System.ArgumentException: The parameter 'address' cannot be an empty string.
Parameter name: address
   at System.Net.Mail.MailAddress..ctor(String address, String displayName, Encoding displayNameEncoding)
   at ServerSideServices.BLL.AsistanIslemi() in d:\Aykut\aVUKATPRO\trunk\Base\AdimAdimDavaKaydi\ServerSideServices\BLL.cs:line 784 Void .ctor(System.String, System.String, System.Text.Encoding)    at System.Net.Mail.MailAddress..ctor(String address, String displayName, Encoding displayNameEncoding)
   at ServerSideServices.BLL.AsistanIslemi() in d:\Aykut\aVUKATPRO\trunk\Base\AdimAdimDavaKaydi\ServerSideServices\BLL.cs:line 784
2014-05-21 08:58:41.5396 Serverside 
 The parameter 'address' cannot be an empty string.
Parameter name: address System.ArgumentException ArgumentException System.ArgumentException: The parameter 'address' cannot be an empty string.
Parameter name: address
   at System.Net.Mail.MailAddress..ctor(String address, String displayName, Encoding displayNameEncoding)
   at ServerSideServices.BLL.AsistanIslemi() in d:\Aykut\aVUKATPRO\trunk\Base\AdimAdimDavaKaydi\ServerSideServices\BLL.cs:line 784 Void .ctor(System.String, System.String, System.Text.Encoding)    at System.Net.Mail.MailAddress..ctor(String address, String displayName, Encoding displayNameEncoding)
   at ServerSideServices.BLL.AsistanIslemi() in d:\Aykut\aVUKATPRO\trunk\Base\AdimAdimDavaKaydi\ServerSideServices\BLL.cs:line 784
2014-05-21 08:58:41.5546 Serverside 
 The parameter 'address' cannot be an empty string.
Parameter name: address System.ArgumentException ArgumentException System.ArgumentException: The parameter 'address' cannot be an empty string.
Parameter name: address
   at System.Net.Mail.MailAddress..ctor(String address, String displayName, Encoding displayNameEncoding)
   at ServerSideServices.BLL.AsistanIslemi() in d:\Aykut\aVUKATPRO\trunk\Base\AdimAdimDavaKaydi\ServerSideServices\BLL.cs:line 784 Void .ctor(System.String, System.String, System.Text.Encoding)    at System.Net.Mail.MailAddress..ctor(String address, String displayName, Encoding displayNameEncoding)
   at ServerSideServices.BLL.AsistanIslemi() in d:\Aykut\aVUKATPRO\trunk\Base\AdimAdimDavaKaydi\ServerSideServices\BLL.cs:line 784
2014-05-21 08:58:41.5546 Serverside 
 The parameter 'address' cannot be an empty string.
Parameter name: address System.ArgumentException ArgumentException System.ArgumentException: The parameter 'address' cannot be an empty string.
Parameter name: address
   at System.Net.Mail.MailAddress..ctor(String address, String displayName, Encoding displayNameEncoding)
   at ServerSideServices.BLL.AsistanIslemi() in d:\Aykut\aVUKATPRO\trunk\Base\AdimAdimDavaKaydi\ServerSideServices\BLL.cs:line 784 Void .ctor(System.String, System.String, System.Text.Encoding)    at System.Net.Mail.MailAddress..ctor(String address, String displayName, Encoding displayNameEncoding)
   at ServerSideServices.BLL.AsistanIslemi() in d:\Aykut\aVUKATPRO\trunk\Base\AdimAdimDavaKaydi\ServerSideServices\BLL.cs:line 784
2014-05-21 08:58:41.5546 Serverside 
 The parameter 'address' cannot be an empty string.
Parameter name: address System.ArgumentException ArgumentException System.ArgumentException: The parameter 'address' cannot be an empty string.
Parameter name: address
   at System.Net.Mail.MailAddress..ctor(String address, String displayName, Encoding displayNameEncoding)
   at ServerSideServices.BLL.AsistanIslemi() in d:\Aykut\aVUKATPRO\trunk\Base\AdimAdimDavaKaydi\ServerSideServices\BLL.cs:line 784 Void .ctor(System.String, System.String, System.Text.Encoding)    at System.Net.Mail.MailAddress..ctor(String address, String displayName, Encoding displayNameEncoding)
   at ServerSideServices.BLL.AsistanIslemi() in d:\Aykut\aVUKATPRO\trunk\Base\AdimAdimDavaKaydi\ServerSideServices\BLL.cs:line 784
2014-05-21 08:58:41.5546 Serverside 
 The parameter 'address' cannot be an empty string.
Parameter name: address System.ArgumentException ArgumentException System.ArgumentException: The parameter 'address' cannot be an empty string.
Parameter name: address
   at System.Net.Mail.MailAddress..ctor(String address, String displayName, Encoding displayNameEncoding)
   at ServerSideServices.BLL.AsistanIslemi() in d:\Aykut\aVUKATPRO\trunk\Base\AdimAdimDavaKaydi\ServerSideServices\BLL.cs:line 784 Void .ctor(System.String, System.String, System.Text.Encoding)    at System.Net.Mail.MailAddress..ctor(String address, String displayName, Encoding displayNameEncoding)
   at ServerSideServices.BLL.AsistanIslemi() in d:\Aykut\aVUKATPRO\trunk\Base\AdimAdimDavaKaydi\ServerSideServices\BLL.cs:line 784
2014-05-21 08:58:41.5546 Serverside 
 The parameter 'address' cannot be an empty string.
Parameter name: address System.ArgumentException ArgumentException System.ArgumentException: The parameter 'address' cannot be an empty string.
Parameter name: address
   at System.Net.Mail.MailAddress..ctor(String address, String displayName, Encoding displayNameEncoding)
   at ServerSideServices.BLL.AsistanIslemi() in d:\Aykut\aVUKATPRO\trunk\Base\AdimAdimDavaKaydi\ServerSideServices\BLL.cs:line 784 Void .ctor(System.String, System.String, System.Text.Encoding)    at System.Net.Mail.MailAddress..ctor(String address, String displayName, Encoding displayNameEncoding)
   at ServerSideServices.BLL.AsistanIslemi() in d:\Aykut\aVUKATPRO\trunk\Base\AdimAdimDavaKaydi\ServerSideServices\BLL.cs:line 784
2014-05-21 08:58:41.5546 Serverside 
 The parameter 'address' cannot be an empty string.
Parameter name: address System.ArgumentException ArgumentException System.ArgumentException: The parameter 'address' cannot be an empty string.
Parameter name: address
   at System.Net.Mail.MailAddress..ctor(String address, String displayName, Encoding displayNameEncoding)
   at ServerSideServices.BLL.AsistanIslemi() in d:\Aykut\aVUKATPRO\trunk\Base\AdimAdimDavaKaydi\ServerSideServices\BLL.cs:line 784 Void .ctor(System.String, System.String, System.Text.Encoding)    at System.Net.Mail.MailAddress..ctor(String address, String displayName, Encoding displayNameEncoding)
   at ServerSideServices.BLL.AsistanIslemi() in d:\Aykut\aVUKATPRO\trunk\Base\AdimAdimDavaKaydi\ServerSideServices\BLL.cs:line 784
2014-05-21 08:58:41.5546 Serverside 
 The parameter 'address' cannot be an empty string.
Parameter name: address System.ArgumentException ArgumentException System.ArgumentException: The parameter 'address' cannot be an empty string.
Parameter name: address
   at System.Net.Mail.MailAddress..ctor(String address, String displayName, Encoding displayNameEncoding)
   at ServerSideServices.BLL.AsistanIslemi() in d:\Aykut\aVUKATPRO\trunk\Base\AdimAdimDavaKaydi\ServerSideServices\BLL.cs:line 784 Void .ctor(System.String, System.String, System.Text.Encoding)    at System.Net.Mail.MailAddress..ctor(String address, String displayName, Encoding displayNameEncoding)
   at ServerSideServices.BLL.AsistanIslemi() in d:\Aykut\aVUKATPRO\trunk\Base\AdimAdimDavaKaydi\ServerSideServices\BLL.cs:line 784
