2014-06-10 08:56:41.0157 Serverside 
 The parameter 'address' cannot be an empty string.
Parameter name: address System.ArgumentException ArgumentException System.ArgumentException: The parameter 'address' cannot be an empty string.
Parameter name: address
   at System.Net.Mail.MailAddress..ctor(String address, String displayName, Encoding displayNameEncoding)
   at ServerSideServices.BLL.AsistanIslemi() in d:\Aykut\aVUKATPRO\trunk\Base\AdimAdimDavaKaydi\ServerSideServices\BLL.cs:line 649 Void .ctor(System.String, System.String, System.Text.Encoding)    at System.Net.Mail.MailAddress..ctor(String address, String displayName, Encoding displayNameEncoding)
   at ServerSideServices.BLL.AsistanIslemi() in d:\Aykut\aVUKATPRO\trunk\Base\AdimAdimDavaKaydi\ServerSideServices\BLL.cs:line 649
2014-06-10 08:56:41.5238 Serverside 
 The parameter 'address' cannot be an empty string.
Parameter name: address System.ArgumentException ArgumentException System.ArgumentException: The parameter 'address' cannot be an empty string.
Parameter name: address
   at System.Net.Mail.MailAddress..ctor(String address, String displayName, Encoding displayNameEncoding)
   at ServerSideServices.BLL.AsistanIslemi() in d:\Aykut\aVUKATPRO\trunk\Base\AdimAdimDavaKaydi\ServerSideServices\BLL.cs:line 784 Void .ctor(System.String, System.String, System.Text.Encoding)    at System.Net.Mail.MailAddress..ctor(String address, String displayName, Encoding displayNameEncoding)
   at ServerSideServices.BLL.AsistanIslemi() in d:\Aykut\aVUKATPRO\trunk\Base\AdimAdimDavaKaydi\ServerSideServices\BLL.cs:line 784
2014-06-10 08:56:41.5238 Serverside 
 The parameter 'address' cannot be an empty string.
Parameter name: address System.ArgumentException ArgumentException System.ArgumentException: The parameter 'address' cannot be an empty string.
Parameter name: address
   at System.Net.Mail.MailAddress..ctor(String address, String displayName, Encoding displayNameEncoding)
   at ServerSideServices.BLL.AsistanIslemi() in d:\Aykut\aVUKATPRO\trunk\Base\AdimAdimDavaKaydi\ServerSideServices\BLL.cs:line 784 Void .ctor(System.String, System.String, System.Text.Encoding)    at System.Net.Mail.MailAddress..ctor(String address, String displayName, Encoding displayNameEncoding)
   at ServerSideServices.BLL.AsistanIslemi() in d:\Aykut\aVUKATPRO\trunk\Base\AdimAdimDavaKaydi\ServerSideServices\BLL.cs:line 784
2014-06-10 08:56:41.5278 Serverside 
 The parameter 'address' cannot be an empty string.
Parameter name: address System.ArgumentException ArgumentException System.ArgumentException: The parameter 'address' cannot be an empty string.
Parameter name: address
   at System.Net.Mail.MailAddress..ctor(String address, String displayName, Encoding displayNameEncoding)
   at ServerSideServices.BLL.AsistanIslemi() in d:\Aykut\aVUKATPRO\trunk\Base\AdimAdimDavaKaydi\ServerSideServices\BLL.cs:line 784 Void .ctor(System.String, System.String, System.Text.Encoding)    at System.Net.Mail.MailAddress..ctor(String address, String displayName, Encoding displayNameEncoding)
   at ServerSideServices.BLL.AsistanIslemi() in d:\Aykut\aVUKATPRO\trunk\Base\AdimAdimDavaKaydi\ServerSideServices\BLL.cs:line 784
2014-06-10 08:56:41.5278 Serverside 
 The parameter 'address' cannot be an empty string.
Parameter name: address System.ArgumentException ArgumentException System.ArgumentException: The parameter 'address' cannot be an empty string.
Parameter name: address
   at System.Net.Mail.MailAddress..ctor(String address, String displayName, Encoding displayNameEncoding)
   at ServerSideServices.BLL.AsistanIslemi() in d:\Aykut\aVUKATPRO\trunk\Base\AdimAdimDavaKaydi\ServerSideServices\BLL.cs:line 784 Void .ctor(System.String, System.String, System.Text.Encoding)    at System.Net.Mail.MailAddress..ctor(String address, String displayName, Encoding displayNameEncoding)
   at ServerSideServices.BLL.AsistanIslemi() in d:\Aykut\aVUKATPRO\trunk\Base\AdimAdimDavaKaydi\ServerSideServices\BLL.cs:line 784
2014-06-10 08:56:41.5278 Serverside 
 The parameter 'address' cannot be an empty string.
Parameter name: address System.ArgumentException ArgumentException System.ArgumentException: The parameter 'address' cannot be an empty string.
Parameter name: address
   at System.Net.Mail.MailAddress..ctor(String address, String displayName, Encoding displayNameEncoding)
   at ServerSideServices.BLL.AsistanIslemi() in d:\Aykut\aVUKATPRO\trunk\Base\AdimAdimDavaKaydi\ServerSideServices\BLL.cs:line 784 Void .ctor(System.String, System.String, System.Text.Encoding)    at System.Net.Mail.MailAddress..ctor(String address, String displayName, Encoding displayNameEncoding)
   at ServerSideServices.BLL.AsistanIslemi() in d:\Aykut\aVUKATPRO\trunk\Base\AdimAdimDavaKaydi\ServerSideServices\BLL.cs:line 784
2014-06-10 08:56:41.5278 Serverside 
 The parameter 'address' cannot be an empty string.
Parameter name: address System.ArgumentException ArgumentException System.ArgumentException: The parameter 'address' cannot be an empty string.
Parameter name: address
   at System.Net.Mail.MailAddress..ctor(String address, String displayName, Encoding displayNameEncoding)
   at ServerSideServices.BLL.AsistanIslemi() in d:\Aykut\aVUKATPRO\trunk\Base\AdimAdimDavaKaydi\ServerSideServices\BLL.cs:line 784 Void .ctor(System.String, System.String, System.Text.Encoding)    at System.Net.Mail.MailAddress..ctor(String address, String displayName, Encoding displayNameEncoding)
   at ServerSideServices.BLL.AsistanIslemi() in d:\Aykut\aVUKATPRO\trunk\Base\AdimAdimDavaKaydi\ServerSideServices\BLL.cs:line 784
2014-06-10 08:56:41.5278 Serverside 
 The parameter 'address' cannot be an empty string.
Parameter name: address System.ArgumentException ArgumentException System.ArgumentException: The parameter 'address' cannot be an empty string.
Parameter name: address
   at System.Net.Mail.MailAddress..ctor(String address, String displayName, Encoding displayNameEncoding)
   at ServerSideServices.BLL.AsistanIslemi() in d:\Aykut\aVUKATPRO\trunk\Base\AdimAdimDavaKaydi\ServerSideServices\BLL.cs:line 784 Void .ctor(System.String, System.String, System.Text.Encoding)    at System.Net.Mail.MailAddress..ctor(String address, String displayName, Encoding displayNameEncoding)
   at ServerSideServices.BLL.AsistanIslemi() in d:\Aykut\aVUKATPRO\trunk\Base\AdimAdimDavaKaydi\ServerSideServices\BLL.cs:line 784
2014-06-10 08:56:41.5278 Serverside 
 The parameter 'address' cannot be an empty string.
Parameter name: address System.ArgumentException ArgumentException System.ArgumentException: The parameter 'address' cannot be an empty string.
Parameter name: address
   at System.Net.Mail.MailAddress..ctor(String address, String displayName, Encoding displayNameEncoding)
   at ServerSideServices.BLL.AsistanIslemi() in d:\Aykut\aVUKATPRO\trunk\Base\AdimAdimDavaKaydi\ServerSideServices\BLL.cs:line 784 Void .ctor(System.String, System.String, System.Text.Encoding)    at System.Net.Mail.MailAddress..ctor(String address, String displayName, Encoding displayNameEncoding)
   at ServerSideServices.BLL.AsistanIslemi() in d:\Aykut\aVUKATPRO\trunk\Base\AdimAdimDavaKaydi\ServerSideServices\BLL.cs:line 784
2014-06-10 08:56:41.5278 Serverside 
 The parameter 'address' cannot be an empty string.
Parameter name: address System.ArgumentException ArgumentException System.ArgumentException: The parameter 'address' cannot be an empty string.
Parameter name: address
   at System.Net.Mail.MailAddress..ctor(String address, String displayName, Encoding displayNameEncoding)
   at ServerSideServices.BLL.AsistanIslemi() in d:\Aykut\aVUKATPRO\trunk\Base\AdimAdimDavaKaydi\ServerSideServices\BLL.cs:line 784 Void .ctor(System.String, System.String, System.Text.Encoding)    at System.Net.Mail.MailAddress..ctor(String address, String displayName, Encoding displayNameEncoding)
   at ServerSideServices.BLL.AsistanIslemi() in d:\Aykut\aVUKATPRO\trunk\Base\AdimAdimDavaKaydi\ServerSideServices\BLL.cs:line 784
2014-06-10 08:56:41.5278 Serverside 
 The parameter 'address' cannot be an empty string.
Parameter name: address System.ArgumentException ArgumentException System.ArgumentException: The parameter 'address' cannot be an empty string.
Parameter name: address
   at System.Net.Mail.MailAddress..ctor(String address, String displayName, Encoding displayNameEncoding)
   at ServerSideServices.BLL.AsistanIslemi() in d:\Aykut\aVUKATPRO\trunk\Base\AdimAdimDavaKaydi\ServerSideServices\BLL.cs:line 784 Void .ctor(System.String, System.String, System.Text.Encoding)    at System.Net.Mail.MailAddress..ctor(String address, String displayName, Encoding displayNameEncoding)
   at ServerSideServices.BLL.AsistanIslemi() in d:\Aykut\aVUKATPRO\trunk\Base\AdimAdimDavaKaydi\ServerSideServices\BLL.cs:line 784
2014-06-10 08:56:41.5428 Serverside 
 The parameter 'address' cannot be an empty string.
Parameter name: address System.ArgumentException ArgumentException System.ArgumentException: The parameter 'address' cannot be an empty string.
Parameter name: address
   at System.Net.Mail.MailAddress..ctor(String address, String displayName, Encoding displayNameEncoding)
   at ServerSideServices.BLL.AsistanIslemi() in d:\Aykut\aVUKATPRO\trunk\Base\AdimAdimDavaKaydi\ServerSideServices\BLL.cs:line 784 Void .ctor(System.String, System.String, System.Text.Encoding)    at System.Net.Mail.MailAddress..ctor(String address, String displayName, Encoding displayNameEncoding)
   at ServerSideServices.BLL.AsistanIslemi() in d:\Aykut\aVUKATPRO\trunk\Base\AdimAdimDavaKaydi\ServerSideServices\BLL.cs:line 784
2014-06-10 08:56:41.5428 Serverside 
 The parameter 'address' cannot be an empty string.
Parameter name: address System.ArgumentException ArgumentException System.ArgumentException: The parameter 'address' cannot be an empty string.
Parameter name: address
   at System.Net.Mail.MailAddress..ctor(String address, String displayName, Encoding displayNameEncoding)
   at ServerSideServices.BLL.AsistanIslemi() in d:\Aykut\aVUKATPRO\trunk\Base\AdimAdimDavaKaydi\ServerSideServices\BLL.cs:line 784 Void .ctor(System.String, System.String, System.Text.Encoding)    at System.Net.Mail.MailAddress..ctor(String address, String displayName, Encoding displayNameEncoding)
   at ServerSideServices.BLL.AsistanIslemi() in d:\Aykut\aVUKATPRO\trunk\Base\AdimAdimDavaKaydi\ServerSideServices\BLL.cs:line 784
2014-06-10 08:56:41.5428 Serverside 
 The parameter 'address' cannot be an empty string.
Parameter name: address System.ArgumentException ArgumentException System.ArgumentException: The parameter 'address' cannot be an empty string.
Parameter name: address
   at System.Net.Mail.MailAddress..ctor(String address, String displayName, Encoding displayNameEncoding)
   at ServerSideServices.BLL.AsistanIslemi() in d:\Aykut\aVUKATPRO\trunk\Base\AdimAdimDavaKaydi\ServerSideServices\BLL.cs:line 784 Void .ctor(System.String, System.String, System.Text.Encoding)    at System.Net.Mail.MailAddress..ctor(String address, String displayName, Encoding displayNameEncoding)
   at ServerSideServices.BLL.AsistanIslemi() in d:\Aykut\aVUKATPRO\trunk\Base\AdimAdimDavaKaydi\ServerSideServices\BLL.cs:line 784
2014-06-10 08:56:41.5428 Serverside 
 The parameter 'address' cannot be an empty string.
Parameter name: address System.ArgumentException ArgumentException System.ArgumentException: The parameter 'address' cannot be an empty string.
Parameter name: address
   at System.Net.Mail.MailAddress..ctor(String address, String displayName, Encoding displayNameEncoding)
   at ServerSideServices.BLL.AsistanIslemi() in d:\Aykut\aVUKATPRO\trunk\Base\AdimAdimDavaKaydi\ServerSideServices\BLL.cs:line 784 Void .ctor(System.String, System.String, System.Text.Encoding)    at System.Net.Mail.MailAddress..ctor(String address, String displayName, Encoding displayNameEncoding)
   at ServerSideServices.BLL.AsistanIslemi() in d:\Aykut\aVUKATPRO\trunk\Base\AdimAdimDavaKaydi\ServerSideServices\BLL.cs:line 784
2014-06-10 08:56:41.5428 Serverside 
 The parameter 'address' cannot be an empty string.
Parameter name: address System.ArgumentException ArgumentException System.ArgumentException: The parameter 'address' cannot be an empty string.
Parameter name: address
   at System.Net.Mail.MailAddress..ctor(String address, String displayName, Encoding displayNameEncoding)
   at ServerSideServices.BLL.AsistanIslemi() in d:\Aykut\aVUKATPRO\trunk\Base\AdimAdimDavaKaydi\ServerSideServices\BLL.cs:line 784 Void .ctor(System.String, System.String, System.Text.Encoding)    at System.Net.Mail.MailAddress..ctor(String address, String displayName, Encoding displayNameEncoding)
   at ServerSideServices.BLL.AsistanIslemi() in d:\Aykut\aVUKATPRO\trunk\Base\AdimAdimDavaKaydi\ServerSideServices\BLL.cs:line 784
2014-06-10 08:56:41.5428 Serverside 
 The parameter 'address' cannot be an empty string.
Parameter name: address System.ArgumentException ArgumentException System.ArgumentException: The parameter 'address' cannot be an empty string.
Parameter name: address
   at System.Net.Mail.MailAddress..ctor(String address, String displayName, Encoding displayNameEncoding)
   at ServerSideServices.BLL.AsistanIslemi() in d:\Aykut\aVUKATPRO\trunk\Base\AdimAdimDavaKaydi\ServerSideServices\BLL.cs:line 784 Void .ctor(System.String, System.String, System.Text.Encoding)    at System.Net.Mail.MailAddress..ctor(String address, String displayName, Encoding displayNameEncoding)
   at ServerSideServices.BLL.AsistanIslemi() in d:\Aykut\aVUKATPRO\trunk\Base\AdimAdimDavaKaydi\ServerSideServices\BLL.cs:line 784
2014-06-10 08:56:41.5428 Serverside 
 The parameter 'address' cannot be an empty string.
Parameter name: address System.ArgumentException ArgumentException System.ArgumentException: The parameter 'address' cannot be an empty string.
Parameter name: address
   at System.Net.Mail.MailAddress..ctor(String address, String displayName, Encoding displayNameEncoding)
   at ServerSideServices.BLL.AsistanIslemi() in d:\Aykut\aVUKATPRO\trunk\Base\AdimAdimDavaKaydi\ServerSideServices\BLL.cs:line 784 Void .ctor(System.String, System.String, System.Text.Encoding)    at System.Net.Mail.MailAddress..ctor(String address, String displayName, Encoding displayNameEncoding)
   at ServerSideServices.BLL.AsistanIslemi() in d:\Aykut\aVUKATPRO\trunk\Base\AdimAdimDavaKaydi\ServerSideServices\BLL.cs:line 784
2014-06-10 08:56:41.5428 Serverside 
 The parameter 'address' cannot be an empty string.
Parameter name: address System.ArgumentException ArgumentException System.ArgumentException: The parameter 'address' cannot be an empty string.
Parameter name: address
   at System.Net.Mail.MailAddress..ctor(String address, String displayName, Encoding displayNameEncoding)
   at ServerSideServices.BLL.AsistanIslemi() in d:\Aykut\aVUKATPRO\trunk\Base\AdimAdimDavaKaydi\ServerSideServices\BLL.cs:line 784 Void .ctor(System.String, System.String, System.Text.Encoding)    at System.Net.Mail.MailAddress..ctor(String address, String displayName, Encoding displayNameEncoding)
   at ServerSideServices.BLL.AsistanIslemi() in d:\Aykut\aVUKATPRO\trunk\Base\AdimAdimDavaKaydi\ServerSideServices\BLL.cs:line 784
2014-06-10 08:56:41.5428 Serverside 
 The parameter 'address' cannot be an empty string.
Parameter name: address System.ArgumentException ArgumentException System.ArgumentException: The parameter 'address' cannot be an empty string.
Parameter name: address
   at System.Net.Mail.MailAddress..ctor(String address, String displayName, Encoding displayNameEncoding)
   at ServerSideServices.BLL.AsistanIslemi() in d:\Aykut\aVUKATPRO\trunk\Base\AdimAdimDavaKaydi\ServerSideServices\BLL.cs:line 784 Void .ctor(System.String, System.String, System.Text.Encoding)    at System.Net.Mail.MailAddress..ctor(String address, String displayName, Encoding displayNameEncoding)
   at ServerSideServices.BLL.AsistanIslemi() in d:\Aykut\aVUKATPRO\trunk\Base\AdimAdimDavaKaydi\ServerSideServices\BLL.cs:line 784
2014-06-10 08:56:41.5578 Serverside 
 The parameter 'address' cannot be an empty string.
Parameter name: address System.ArgumentException ArgumentException System.ArgumentException: The parameter 'address' cannot be an empty string.
Parameter name: address
   at System.Net.Mail.MailAddress..ctor(String address, String displayName, Encoding displayNameEncoding)
   at ServerSideServices.BLL.AsistanIslemi() in d:\Aykut\aVUKATPRO\trunk\Base\AdimAdimDavaKaydi\ServerSideServices\BLL.cs:line 784 Void .ctor(System.String, System.String, System.Text.Encoding)    at System.Net.Mail.MailAddress..ctor(String address, String displayName, Encoding displayNameEncoding)
   at ServerSideServices.BLL.AsistanIslemi() in d:\Aykut\aVUKATPRO\trunk\Base\AdimAdimDavaKaydi\ServerSideServices\BLL.cs:line 784
2014-06-10 08:56:41.5578 Serverside 
 The parameter 'address' cannot be an empty string.
Parameter name: address System.ArgumentException ArgumentException System.ArgumentException: The parameter 'address' cannot be an empty string.
Parameter name: address
   at System.Net.Mail.MailAddress..ctor(String address, String displayName, Encoding displayNameEncoding)
   at ServerSideServices.BLL.AsistanIslemi() in d:\Aykut\aVUKATPRO\trunk\Base\AdimAdimDavaKaydi\ServerSideServices\BLL.cs:line 784 Void .ctor(System.String, System.String, System.Text.Encoding)    at System.Net.Mail.MailAddress..ctor(String address, String displayName, Encoding displayNameEncoding)
   at ServerSideServices.BLL.AsistanIslemi() in d:\Aykut\aVUKATPRO\trunk\Base\AdimAdimDavaKaydi\ServerSideServices\BLL.cs:line 784
2014-06-10 08:56:41.5578 Serverside 
 The parameter 'address' cannot be an empty string.
Parameter name: address System.ArgumentException ArgumentException System.ArgumentException: The parameter 'address' cannot be an empty string.
Parameter name: address
   at System.Net.Mail.MailAddress..ctor(String address, String displayName, Encoding displayNameEncoding)
   at ServerSideServices.BLL.AsistanIslemi() in d:\Aykut\aVUKATPRO\trunk\Base\AdimAdimDavaKaydi\ServerSideServices\BLL.cs:line 784 Void .ctor(System.String, System.String, System.Text.Encoding)    at System.Net.Mail.MailAddress..ctor(String address, String displayName, Encoding displayNameEncoding)
   at ServerSideServices.BLL.AsistanIslemi() in d:\Aykut\aVUKATPRO\trunk\Base\AdimAdimDavaKaydi\ServerSideServices\BLL.cs:line 784
2014-06-10 08:56:41.5578 Serverside 
 The parameter 'address' cannot be an empty string.
Parameter name: address System.ArgumentException ArgumentException System.ArgumentException: The parameter 'address' cannot be an empty string.
Parameter name: address
   at System.Net.Mail.MailAddress..ctor(String address, String displayName, Encoding displayNameEncoding)
   at ServerSideServices.BLL.AsistanIslemi() in d:\Aykut\aVUKATPRO\trunk\Base\AdimAdimDavaKaydi\ServerSideServices\BLL.cs:line 784 Void .ctor(System.String, System.String, System.Text.Encoding)    at System.Net.Mail.MailAddress..ctor(String address, String displayName, Encoding displayNameEncoding)
   at ServerSideServices.BLL.AsistanIslemi() in d:\Aykut\aVUKATPRO\trunk\Base\AdimAdimDavaKaydi\ServerSideServices\BLL.cs:line 784
2014-06-10 08:56:41.5578 Serverside 
 The parameter 'address' cannot be an empty string.
Parameter name: address System.ArgumentException ArgumentException System.ArgumentException: The parameter 'address' cannot be an empty string.
Parameter name: address
   at System.Net.Mail.MailAddress..ctor(String address, String displayName, Encoding displayNameEncoding)
   at ServerSideServices.BLL.AsistanIslemi() in d:\Aykut\aVUKATPRO\trunk\Base\AdimAdimDavaKaydi\ServerSideServices\BLL.cs:line 784 Void .ctor(System.String, System.String, System.Text.Encoding)    at System.Net.Mail.MailAddress..ctor(String address, String displayName, Encoding displayNameEncoding)
   at ServerSideServices.BLL.AsistanIslemi() in d:\Aykut\aVUKATPRO\trunk\Base\AdimAdimDavaKaydi\ServerSideServices\BLL.cs:line 784
2014-06-10 08:56:41.5578 Serverside 
 The parameter 'address' cannot be an empty string.
Parameter name: address System.ArgumentException ArgumentException System.ArgumentException: The parameter 'address' cannot be an empty string.
Parameter name: address
   at System.Net.Mail.MailAddress..ctor(String address, String displayName, Encoding displayNameEncoding)
   at ServerSideServices.BLL.AsistanIslemi() in d:\Aykut\aVUKATPRO\trunk\Base\AdimAdimDavaKaydi\ServerSideServices\BLL.cs:line 784 Void .ctor(System.String, System.String, System.Text.Encoding)    at System.Net.Mail.MailAddress..ctor(String address, String displayName, Encoding displayNameEncoding)
   at ServerSideServices.BLL.AsistanIslemi() in d:\Aykut\aVUKATPRO\trunk\Base\AdimAdimDavaKaydi\ServerSideServices\BLL.cs:line 784
2014-06-10 08:56:41.5578 Serverside 
 The parameter 'address' cannot be an empty string.
Parameter name: address System.ArgumentException ArgumentException System.ArgumentException: The parameter 'address' cannot be an empty string.
Parameter name: address
   at System.Net.Mail.MailAddress..ctor(String address, String displayName, Encoding displayNameEncoding)
   at ServerSideServices.BLL.AsistanIslemi() in d:\Aykut\aVUKATPRO\trunk\Base\AdimAdimDavaKaydi\ServerSideServices\BLL.cs:line 784 Void .ctor(System.String, System.String, System.Text.Encoding)    at System.Net.Mail.MailAddress..ctor(String address, String displayName, Encoding displayNameEncoding)
   at ServerSideServices.BLL.AsistanIslemi() in d:\Aykut\aVUKATPRO\trunk\Base\AdimAdimDavaKaydi\ServerSideServices\BLL.cs:line 784
2014-06-10 08:56:41.5578 Serverside 
 The parameter 'address' cannot be an empty string.
Parameter name: address System.ArgumentException ArgumentException System.ArgumentException: The parameter 'address' cannot be an empty string.
Parameter name: address
   at System.Net.Mail.MailAddress..ctor(String address, String displayName, Encoding displayNameEncoding)
   at ServerSideServices.BLL.AsistanIslemi() in d:\Aykut\aVUKATPRO\trunk\Base\AdimAdimDavaKaydi\ServerSideServices\BLL.cs:line 784 Void .ctor(System.String, System.String, System.Text.Encoding)    at System.Net.Mail.MailAddress..ctor(String address, String displayName, Encoding displayNameEncoding)
   at ServerSideServices.BLL.AsistanIslemi() in d:\Aykut\aVUKATPRO\trunk\Base\AdimAdimDavaKaydi\ServerSideServices\BLL.cs:line 784
2014-06-10 08:56:41.5578 Serverside 
 The parameter 'address' cannot be an empty string.
Parameter name: address System.ArgumentException ArgumentException System.ArgumentException: The parameter 'address' cannot be an empty string.
Parameter name: address
   at System.Net.Mail.MailAddress..ctor(String address, String displayName, Encoding displayNameEncoding)
   at ServerSideServices.BLL.AsistanIslemi() in d:\Aykut\aVUKATPRO\trunk\Base\AdimAdimDavaKaydi\ServerSideServices\BLL.cs:line 784 Void .ctor(System.String, System.String, System.Text.Encoding)    at System.Net.Mail.MailAddress..ctor(String address, String displayName, Encoding displayNameEncoding)
   at ServerSideServices.BLL.AsistanIslemi() in d:\Aykut\aVUKATPRO\trunk\Base\AdimAdimDavaKaydi\ServerSideServices\BLL.cs:line 784
2014-06-10 08:57:00.2408 Serverside 
 The parameter 'address' cannot be an empty string.
Parameter name: address System.ArgumentException ArgumentException System.ArgumentException: The parameter 'address' cannot be an empty string.
Parameter name: address
   at System.Net.Mail.MailAddress..ctor(String address, String displayName, Encoding displayNameEncoding)
   at ServerSideServices.BLL.AsistanIslemi() in d:\Aykut\aVUKATPRO\trunk\Base\AdimAdimDavaKaydi\ServerSideServices\BLL.cs:line 649 Void .ctor(System.String, System.String, System.Text.Encoding)    at System.Net.Mail.MailAddress..ctor(String address, String displayName, Encoding displayNameEncoding)
   at ServerSideServices.BLL.AsistanIslemi() in d:\Aykut\aVUKATPRO\trunk\Base\AdimAdimDavaKaydi\ServerSideServices\BLL.cs:line 649
2014-06-10 08:57:00.2408 Serverside 
 The parameter 'address' cannot be an empty string.
Parameter name: address System.ArgumentException ArgumentException System.ArgumentException: The parameter 'address' cannot be an empty string.
Parameter name: address
   at System.Net.Mail.MailAddress..ctor(String address, String displayName, Encoding displayNameEncoding)
   at ServerSideServices.BLL.AsistanIslemi() in d:\Aykut\aVUKATPRO\trunk\Base\AdimAdimDavaKaydi\ServerSideServices\BLL.cs:line 784 Void .ctor(System.String, System.String, System.Text.Encoding)    at System.Net.Mail.MailAddress..ctor(String address, String displayName, Encoding displayNameEncoding)
   at ServerSideServices.BLL.AsistanIslemi() in d:\Aykut\aVUKATPRO\trunk\Base\AdimAdimDavaKaydi\ServerSideServices\BLL.cs:line 784
2014-06-10 08:57:00.2408 Serverside 
 The parameter 'address' cannot be an empty string.
Parameter name: address System.ArgumentException ArgumentException System.ArgumentException: The parameter 'address' cannot be an empty string.
Parameter name: address
   at System.Net.Mail.MailAddress..ctor(String address, String displayName, Encoding displayNameEncoding)
   at ServerSideServices.BLL.AsistanIslemi() in d:\Aykut\aVUKATPRO\trunk\Base\AdimAdimDavaKaydi\ServerSideServices\BLL.cs:line 784 Void .ctor(System.String, System.String, System.Text.Encoding)    at System.Net.Mail.MailAddress..ctor(String address, String displayName, Encoding displayNameEncoding)
   at ServerSideServices.BLL.AsistanIslemi() in d:\Aykut\aVUKATPRO\trunk\Base\AdimAdimDavaKaydi\ServerSideServices\BLL.cs:line 784
2014-06-10 08:57:00.2468 Serverside 
 The parameter 'address' cannot be an empty string.
Parameter name: address System.ArgumentException ArgumentException System.ArgumentException: The parameter 'address' cannot be an empty string.
Parameter name: address
   at System.Net.Mail.MailAddress..ctor(String address, String displayName, Encoding displayNameEncoding)
   at ServerSideServices.BLL.AsistanIslemi() in d:\Aykut\aVUKATPRO\trunk\Base\AdimAdimDavaKaydi\ServerSideServices\BLL.cs:line 784 Void .ctor(System.String, System.String, System.Text.Encoding)    at System.Net.Mail.MailAddress..ctor(String address, String displayName, Encoding displayNameEncoding)
   at ServerSideServices.BLL.AsistanIslemi() in d:\Aykut\aVUKATPRO\trunk\Base\AdimAdimDavaKaydi\ServerSideServices\BLL.cs:line 784
2014-06-10 08:57:00.2468 Serverside 
 The parameter 'address' cannot be an empty string.
Parameter name: address System.ArgumentException ArgumentException System.ArgumentException: The parameter 'address' cannot be an empty string.
Parameter name: address
   at System.Net.Mail.MailAddress..ctor(String address, String displayName, Encoding displayNameEncoding)
   at ServerSideServices.BLL.AsistanIslemi() in d:\Aykut\aVUKATPRO\trunk\Base\AdimAdimDavaKaydi\ServerSideServices\BLL.cs:line 784 Void .ctor(System.String, System.String, System.Text.Encoding)    at System.Net.Mail.MailAddress..ctor(String address, String displayName, Encoding displayNameEncoding)
   at ServerSideServices.BLL.AsistanIslemi() in d:\Aykut\aVUKATPRO\trunk\Base\AdimAdimDavaKaydi\ServerSideServices\BLL.cs:line 784
2014-06-10 08:57:00.2468 Serverside 
 The parameter 'address' cannot be an empty string.
Parameter name: address System.ArgumentException ArgumentException System.ArgumentException: The parameter 'address' cannot be an empty string.
Parameter name: address
   at System.Net.Mail.MailAddress..ctor(String address, String displayName, Encoding displayNameEncoding)
   at ServerSideServices.BLL.AsistanIslemi() in d:\Aykut\aVUKATPRO\trunk\Base\AdimAdimDavaKaydi\ServerSideServices\BLL.cs:line 784 Void .ctor(System.String, System.String, System.Text.Encoding)    at System.Net.Mail.MailAddress..ctor(String address, String displayName, Encoding displayNameEncoding)
   at ServerSideServices.BLL.AsistanIslemi() in d:\Aykut\aVUKATPRO\trunk\Base\AdimAdimDavaKaydi\ServerSideServices\BLL.cs:line 784
2014-06-10 08:57:00.2468 Serverside 
 The parameter 'address' cannot be an empty string.
Parameter name: address System.ArgumentException ArgumentException System.ArgumentException: The parameter 'address' cannot be an empty string.
Parameter name: address
   at System.Net.Mail.MailAddress..ctor(String address, String displayName, Encoding displayNameEncoding)
   at ServerSideServices.BLL.AsistanIslemi() in d:\Aykut\aVUKATPRO\trunk\Base\AdimAdimDavaKaydi\ServerSideServices\BLL.cs:line 784 Void .ctor(System.String, System.String, System.Text.Encoding)    at System.Net.Mail.MailAddress..ctor(String address, String displayName, Encoding displayNameEncoding)
   at ServerSideServices.BLL.AsistanIslemi() in d:\Aykut\aVUKATPRO\trunk\Base\AdimAdimDavaKaydi\ServerSideServices\BLL.cs:line 784
2014-06-10 08:57:00.2468 Serverside 
 The parameter 'address' cannot be an empty string.
Parameter name: address System.ArgumentException ArgumentException System.ArgumentException: The parameter 'address' cannot be an empty string.
Parameter name: address
   at System.Net.Mail.MailAddress..ctor(String address, String displayName, Encoding displayNameEncoding)
   at ServerSideServices.BLL.AsistanIslemi() in d:\Aykut\aVUKATPRO\trunk\Base\AdimAdimDavaKaydi\ServerSideServices\BLL.cs:line 784 Void .ctor(System.String, System.String, System.Text.Encoding)    at System.Net.Mail.MailAddress..ctor(String address, String displayName, Encoding displayNameEncoding)
   at ServerSideServices.BLL.AsistanIslemi() in d:\Aykut\aVUKATPRO\trunk\Base\AdimAdimDavaKaydi\ServerSideServices\BLL.cs:line 784
2014-06-10 08:57:00.2468 Serverside 
 The parameter 'address' cannot be an empty string.
Parameter name: address System.ArgumentException ArgumentException System.ArgumentException: The parameter 'address' cannot be an empty string.
Parameter name: address
   at System.Net.Mail.MailAddress..ctor(String address, String displayName, Encoding displayNameEncoding)
   at ServerSideServices.BLL.AsistanIslemi() in d:\Aykut\aVUKATPRO\trunk\Base\AdimAdimDavaKaydi\ServerSideServices\BLL.cs:line 784 Void .ctor(System.String, System.String, System.Text.Encoding)    at System.Net.Mail.MailAddress..ctor(String address, String displayName, Encoding displayNameEncoding)
   at ServerSideServices.BLL.AsistanIslemi() in d:\Aykut\aVUKATPRO\trunk\Base\AdimAdimDavaKaydi\ServerSideServices\BLL.cs:line 784
2014-06-10 08:57:00.2468 Serverside 
 The parameter 'address' cannot be an empty string.
Parameter name: address System.ArgumentException ArgumentException System.ArgumentException: The parameter 'address' cannot be an empty string.
Parameter name: address
   at System.Net.Mail.MailAddress..ctor(String address, String displayName, Encoding displayNameEncoding)
   at ServerSideServices.BLL.AsistanIslemi() in d:\Aykut\aVUKATPRO\trunk\Base\AdimAdimDavaKaydi\ServerSideServices\BLL.cs:line 784 Void .ctor(System.String, System.String, System.Text.Encoding)    at System.Net.Mail.MailAddress..ctor(String address, String displayName, Encoding displayNameEncoding)
   at ServerSideServices.BLL.AsistanIslemi() in d:\Aykut\aVUKATPRO\trunk\Base\AdimAdimDavaKaydi\ServerSideServices\BLL.cs:line 784
2014-06-10 08:57:00.2468 Serverside 
 The parameter 'address' cannot be an empty string.
Parameter name: address System.ArgumentException ArgumentException System.ArgumentException: The parameter 'address' cannot be an empty string.
Parameter name: address
   at System.Net.Mail.MailAddress..ctor(String address, String displayName, Encoding displayNameEncoding)
   at ServerSideServices.BLL.AsistanIslemi() in d:\Aykut\aVUKATPRO\trunk\Base\AdimAdimDavaKaydi\ServerSideServices\BLL.cs:line 784 Void .ctor(System.String, System.String, System.Text.Encoding)    at System.Net.Mail.MailAddress..ctor(String address, String displayName, Encoding displayNameEncoding)
   at ServerSideServices.BLL.AsistanIslemi() in d:\Aykut\aVUKATPRO\trunk\Base\AdimAdimDavaKaydi\ServerSideServices\BLL.cs:line 784
2014-06-10 08:57:00.2468 Serverside 
 The parameter 'address' cannot be an empty string.
Parameter name: address System.ArgumentException ArgumentException System.ArgumentException: The parameter 'address' cannot be an empty string.
Parameter name: address
   at System.Net.Mail.MailAddress..ctor(String address, String displayName, Encoding displayNameEncoding)
   at ServerSideServices.BLL.AsistanIslemi() in d:\Aykut\aVUKATPRO\trunk\Base\AdimAdimDavaKaydi\ServerSideServices\BLL.cs:line 784 Void .ctor(System.String, System.String, System.Text.Encoding)    at System.Net.Mail.MailAddress..ctor(String address, String displayName, Encoding displayNameEncoding)
   at ServerSideServices.BLL.AsistanIslemi() in d:\Aykut\aVUKATPRO\trunk\Base\AdimAdimDavaKaydi\ServerSideServices\BLL.cs:line 784
2014-06-10 08:57:00.2468 Serverside 
 The parameter 'address' cannot be an empty string.
Parameter name: address System.ArgumentException ArgumentException System.ArgumentException: The parameter 'address' cannot be an empty string.
Parameter name: address
   at System.Net.Mail.MailAddress..ctor(String address, String displayName, Encoding displayNameEncoding)
   at ServerSideServices.BLL.AsistanIslemi() in d:\Aykut\aVUKATPRO\trunk\Base\AdimAdimDavaKaydi\ServerSideServices\BLL.cs:line 784 Void .ctor(System.String, System.String, System.Text.Encoding)    at System.Net.Mail.MailAddress..ctor(String address, String displayName, Encoding displayNameEncoding)
   at ServerSideServices.BLL.AsistanIslemi() in d:\Aykut\aVUKATPRO\trunk\Base\AdimAdimDavaKaydi\ServerSideServices\BLL.cs:line 784
2014-06-10 08:57:00.2468 Serverside 
 The parameter 'address' cannot be an empty string.
Parameter name: address System.ArgumentException ArgumentException System.ArgumentException: The parameter 'address' cannot be an empty string.
Parameter name: address
   at System.Net.Mail.MailAddress..ctor(String address, String displayName, Encoding displayNameEncoding)
   at ServerSideServices.BLL.AsistanIslemi() in d:\Aykut\aVUKATPRO\trunk\Base\AdimAdimDavaKaydi\ServerSideServices\BLL.cs:line 784 Void .ctor(System.String, System.String, System.Text.Encoding)    at System.Net.Mail.MailAddress..ctor(String address, String displayName, Encoding displayNameEncoding)
   at ServerSideServices.BLL.AsistanIslemi() in d:\Aykut\aVUKATPRO\trunk\Base\AdimAdimDavaKaydi\ServerSideServices\BLL.cs:line 784
2014-06-10 08:57:00.2468 Serverside 
 The parameter 'address' cannot be an empty string.
Parameter name: address System.ArgumentException ArgumentException System.ArgumentException: The parameter 'address' cannot be an empty string.
Parameter name: address
   at System.Net.Mail.MailAddress..ctor(String address, String displayName, Encoding displayNameEncoding)
   at ServerSideServices.BLL.AsistanIslemi() in d:\Aykut\aVUKATPRO\trunk\Base\AdimAdimDavaKaydi\ServerSideServices\BLL.cs:line 784 Void .ctor(System.String, System.String, System.Text.Encoding)    at System.Net.Mail.MailAddress..ctor(String address, String displayName, Encoding displayNameEncoding)
   at ServerSideServices.BLL.AsistanIslemi() in d:\Aykut\aVUKATPRO\trunk\Base\AdimAdimDavaKaydi\ServerSideServices\BLL.cs:line 784
2014-06-10 08:57:00.2468 Serverside 
 The parameter 'address' cannot be an empty string.
Parameter name: address System.ArgumentException ArgumentException System.ArgumentException: The parameter 'address' cannot be an empty string.
Parameter name: address
   at System.Net.Mail.MailAddress..ctor(String address, String displayName, Encoding displayNameEncoding)
   at ServerSideServices.BLL.AsistanIslemi() in d:\Aykut\aVUKATPRO\trunk\Base\AdimAdimDavaKaydi\ServerSideServices\BLL.cs:line 784 Void .ctor(System.String, System.String, System.Text.Encoding)    at System.Net.Mail.MailAddress..ctor(String address, String displayName, Encoding displayNameEncoding)
   at ServerSideServices.BLL.AsistanIslemi() in d:\Aykut\aVUKATPRO\trunk\Base\AdimAdimDavaKaydi\ServerSideServices\BLL.cs:line 784
2014-06-10 08:57:00.2468 Serverside 
 The parameter 'address' cannot be an empty string.
Parameter name: address System.ArgumentException ArgumentException System.ArgumentException: The parameter 'address' cannot be an empty string.
Parameter name: address
   at System.Net.Mail.MailAddress..ctor(String address, String displayName, Encoding displayNameEncoding)
   at ServerSideServices.BLL.AsistanIslemi() in d:\Aykut\aVUKATPRO\trunk\Base\AdimAdimDavaKaydi\ServerSideServices\BLL.cs:line 784 Void .ctor(System.String, System.String, System.Text.Encoding)    at System.Net.Mail.MailAddress..ctor(String address, String displayName, Encoding displayNameEncoding)
   at ServerSideServices.BLL.AsistanIslemi() in d:\Aykut\aVUKATPRO\trunk\Base\AdimAdimDavaKaydi\ServerSideServices\BLL.cs:line 784
2014-06-10 08:57:00.2618 Serverside 
 The parameter 'address' cannot be an empty string.
Parameter name: address System.ArgumentException ArgumentException System.ArgumentException: The parameter 'address' cannot be an empty string.
Parameter name: address
   at System.Net.Mail.MailAddress..ctor(String address, String displayName, Encoding displayNameEncoding)
   at ServerSideServices.BLL.AsistanIslemi() in d:\Aykut\aVUKATPRO\trunk\Base\AdimAdimDavaKaydi\ServerSideServices\BLL.cs:line 784 Void .ctor(System.String, System.String, System.Text.Encoding)    at System.Net.Mail.MailAddress..ctor(String address, String displayName, Encoding displayNameEncoding)
   at ServerSideServices.BLL.AsistanIslemi() in d:\Aykut\aVUKATPRO\trunk\Base\AdimAdimDavaKaydi\ServerSideServices\BLL.cs:line 784
2014-06-10 08:57:00.2618 Serverside 
 The parameter 'address' cannot be an empty string.
Parameter name: address System.ArgumentException ArgumentException System.ArgumentException: The parameter 'address' cannot be an empty string.
Parameter name: address
   at System.Net.Mail.MailAddress..ctor(String address, String displayName, Encoding displayNameEncoding)
   at ServerSideServices.BLL.AsistanIslemi() in d:\Aykut\aVUKATPRO\trunk\Base\AdimAdimDavaKaydi\ServerSideServices\BLL.cs:line 784 Void .ctor(System.String, System.String, System.Text.Encoding)    at System.Net.Mail.MailAddress..ctor(String address, String displayName, Encoding displayNameEncoding)
   at ServerSideServices.BLL.AsistanIslemi() in d:\Aykut\aVUKATPRO\trunk\Base\AdimAdimDavaKaydi\ServerSideServices\BLL.cs:line 784
2014-06-10 08:57:00.2618 Serverside 
 The parameter 'address' cannot be an empty string.
Parameter name: address System.ArgumentException ArgumentException System.ArgumentException: The parameter 'address' cannot be an empty string.
Parameter name: address
   at System.Net.Mail.MailAddress..ctor(String address, String displayName, Encoding displayNameEncoding)
   at ServerSideServices.BLL.AsistanIslemi() in d:\Aykut\aVUKATPRO\trunk\Base\AdimAdimDavaKaydi\ServerSideServices\BLL.cs:line 784 Void .ctor(System.String, System.String, System.Text.Encoding)    at System.Net.Mail.MailAddress..ctor(String address, String displayName, Encoding displayNameEncoding)
   at ServerSideServices.BLL.AsistanIslemi() in d:\Aykut\aVUKATPRO\trunk\Base\AdimAdimDavaKaydi\ServerSideServices\BLL.cs:line 784
2014-06-10 08:57:00.2618 Serverside 
 The parameter 'address' cannot be an empty string.
Parameter name: address System.ArgumentException ArgumentException System.ArgumentException: The parameter 'address' cannot be an empty string.
Parameter name: address
   at System.Net.Mail.MailAddress..ctor(String address, String displayName, Encoding displayNameEncoding)
   at ServerSideServices.BLL.AsistanIslemi() in d:\Aykut\aVUKATPRO\trunk\Base\AdimAdimDavaKaydi\ServerSideServices\BLL.cs:line 784 Void .ctor(System.String, System.String, System.Text.Encoding)    at System.Net.Mail.MailAddress..ctor(String address, String displayName, Encoding displayNameEncoding)
   at ServerSideServices.BLL.AsistanIslemi() in d:\Aykut\aVUKATPRO\trunk\Base\AdimAdimDavaKaydi\ServerSideServices\BLL.cs:line 784
2014-06-10 08:57:00.2618 Serverside 
 The parameter 'address' cannot be an empty string.
Parameter name: address System.ArgumentException ArgumentException System.ArgumentException: The parameter 'address' cannot be an empty string.
Parameter name: address
   at System.Net.Mail.MailAddress..ctor(String address, String displayName, Encoding displayNameEncoding)
   at ServerSideServices.BLL.AsistanIslemi() in d:\Aykut\aVUKATPRO\trunk\Base\AdimAdimDavaKaydi\ServerSideServices\BLL.cs:line 784 Void .ctor(System.String, System.String, System.Text.Encoding)    at System.Net.Mail.MailAddress..ctor(String address, String displayName, Encoding displayNameEncoding)
   at ServerSideServices.BLL.AsistanIslemi() in d:\Aykut\aVUKATPRO\trunk\Base\AdimAdimDavaKaydi\ServerSideServices\BLL.cs:line 784
2014-06-10 08:57:00.2618 Serverside 
 The parameter 'address' cannot be an empty string.
Parameter name: address System.ArgumentException ArgumentException System.ArgumentException: The parameter 'address' cannot be an empty string.
Parameter name: address
   at System.Net.Mail.MailAddress..ctor(String address, String displayName, Encoding displayNameEncoding)
   at ServerSideServices.BLL.AsistanIslemi() in d:\Aykut\aVUKATPRO\trunk\Base\AdimAdimDavaKaydi\ServerSideServices\BLL.cs:line 784 Void .ctor(System.String, System.String, System.Text.Encoding)    at System.Net.Mail.MailAddress..ctor(String address, String displayName, Encoding displayNameEncoding)
   at ServerSideServices.BLL.AsistanIslemi() in d:\Aykut\aVUKATPRO\trunk\Base\AdimAdimDavaKaydi\ServerSideServices\BLL.cs:line 784
2014-06-10 08:57:00.2618 Serverside 
 The parameter 'address' cannot be an empty string.
Parameter name: address System.ArgumentException ArgumentException System.ArgumentException: The parameter 'address' cannot be an empty string.
Parameter name: address
   at System.Net.Mail.MailAddress..ctor(String address, String displayName, Encoding displayNameEncoding)
   at ServerSideServices.BLL.AsistanIslemi() in d:\Aykut\aVUKATPRO\trunk\Base\AdimAdimDavaKaydi\ServerSideServices\BLL.cs:line 784 Void .ctor(System.String, System.String, System.Text.Encoding)    at System.Net.Mail.MailAddress..ctor(String address, String displayName, Encoding displayNameEncoding)
   at ServerSideServices.BLL.AsistanIslemi() in d:\Aykut\aVUKATPRO\trunk\Base\AdimAdimDavaKaydi\ServerSideServices\BLL.cs:line 784
2014-06-10 08:57:00.2618 Serverside 
 The parameter 'address' cannot be an empty string.
Parameter name: address System.ArgumentException ArgumentException System.ArgumentException: The parameter 'address' cannot be an empty string.
Parameter name: address
   at System.Net.Mail.MailAddress..ctor(String address, String displayName, Encoding displayNameEncoding)
   at ServerSideServices.BLL.AsistanIslemi() in d:\Aykut\aVUKATPRO\trunk\Base\AdimAdimDavaKaydi\ServerSideServices\BLL.cs:line 784 Void .ctor(System.String, System.String, System.Text.Encoding)    at System.Net.Mail.MailAddress..ctor(String address, String displayName, Encoding displayNameEncoding)
   at ServerSideServices.BLL.AsistanIslemi() in d:\Aykut\aVUKATPRO\trunk\Base\AdimAdimDavaKaydi\ServerSideServices\BLL.cs:line 784
2014-06-10 08:57:00.2618 Serverside 
 The parameter 'address' cannot be an empty string.
Parameter name: address System.ArgumentException ArgumentException System.ArgumentException: The parameter 'address' cannot be an empty string.
Parameter name: address
   at System.Net.Mail.MailAddress..ctor(String address, String displayName, Encoding displayNameEncoding)
   at ServerSideServices.BLL.AsistanIslemi() in d:\Aykut\aVUKATPRO\trunk\Base\AdimAdimDavaKaydi\ServerSideServices\BLL.cs:line 784 Void .ctor(System.String, System.String, System.Text.Encoding)    at System.Net.Mail.MailAddress..ctor(String address, String displayName, Encoding displayNameEncoding)
   at ServerSideServices.BLL.AsistanIslemi() in d:\Aykut\aVUKATPRO\trunk\Base\AdimAdimDavaKaydi\ServerSideServices\BLL.cs:line 784
2014-06-10 08:57:00.2618 Serverside 
 The parameter 'address' cannot be an empty string.
Parameter name: address System.ArgumentException ArgumentException System.ArgumentException: The parameter 'address' cannot be an empty string.
Parameter name: address
   at System.Net.Mail.MailAddress..ctor(String address, String displayName, Encoding displayNameEncoding)
   at ServerSideServices.BLL.AsistanIslemi() in d:\Aykut\aVUKATPRO\trunk\Base\AdimAdimDavaKaydi\ServerSideServices\BLL.cs:line 784 Void .ctor(System.String, System.String, System.Text.Encoding)    at System.Net.Mail.MailAddress..ctor(String address, String displayName, Encoding displayNameEncoding)
   at ServerSideServices.BLL.AsistanIslemi() in d:\Aykut\aVUKATPRO\trunk\Base\AdimAdimDavaKaydi\ServerSideServices\BLL.cs:line 784
2014-06-10 08:57:00.2618 Serverside 
 The parameter 'address' cannot be an empty string.
Parameter name: address System.ArgumentException ArgumentException System.ArgumentException: The parameter 'address' cannot be an empty string.
Parameter name: address
   at System.Net.Mail.MailAddress..ctor(String address, String displayName, Encoding displayNameEncoding)
   at ServerSideServices.BLL.AsistanIslemi() in d:\Aykut\aVUKATPRO\trunk\Base\AdimAdimDavaKaydi\ServerSideServices\BLL.cs:line 784 Void .ctor(System.String, System.String, System.Text.Encoding)    at System.Net.Mail.MailAddress..ctor(String address, String displayName, Encoding displayNameEncoding)
   at ServerSideServices.BLL.AsistanIslemi() in d:\Aykut\aVUKATPRO\trunk\Base\AdimAdimDavaKaydi\ServerSideServices\BLL.cs:line 784
2014-06-10 08:57:00.2618 Serverside 
 The parameter 'address' cannot be an empty string.
Parameter name: address System.ArgumentException ArgumentException System.ArgumentException: The parameter 'address' cannot be an empty string.
Parameter name: address
   at System.Net.Mail.MailAddress..ctor(String address, String displayName, Encoding displayNameEncoding)
   at ServerSideServices.BLL.AsistanIslemi() in d:\Aykut\aVUKATPRO\trunk\Base\AdimAdimDavaKaydi\ServerSideServices\BLL.cs:line 784 Void .ctor(System.String, System.String, System.Text.Encoding)    at System.Net.Mail.MailAddress..ctor(String address, String displayName, Encoding displayNameEncoding)
   at ServerSideServices.BLL.AsistanIslemi() in d:\Aykut\aVUKATPRO\trunk\Base\AdimAdimDavaKaydi\ServerSideServices\BLL.cs:line 784
