2014-07-08 14:23:02.4930 Hata 
 Unable to cast object of type 'System.DBNull' to type 'System.String'. System.InvalidCastException InvalidCastException System.InvalidCastException: Unable to cast object of type 'System.DBNull' to type 'System.String'.
   at AvukatProLib2.Data.Bases.TDI_BIL_KULLANICI_LISTESIProviderBaseCore.Fill(IDataReader reader, TList`1 rows, Int32 start, Int32 pageLength)
   at AvukatProLib2.Data.SqlClient.SqlTDI_BIL_KULLANICI_LISTESIProviderBase.GetAll(TransactionManager transactionManager, Int32 start, Int32 pageLength, Int32& count)
   at AvukatProLib2.Data.Bases.EntityProviderBaseCore`2.GetAll(TransactionManager mgr, Int32 start, Int32 pageLength)
   at AvukatProLib2.Data.Bases.EntityProviderBaseCore`2.GetAll(TransactionManager mgr)
   at AvukatProLib2.Data.Bases.EntityProviderBaseCore`2.GetAll()
   at BelgeUtil.Inits.KontrolKimGetir(RepositoryItemLookUpEdit lue) in d:\dogan\AdimAdimDavaKaydi\BelgeUtil\Inits.Ext.cs:line 1395
   at AdimAdimDavaKaydi.GirisEkran.frmIsSurecArama.InitsDoldur() in d:\dogan\AdimAdimDavaKaydi\AdimAdimDavaKaydi\GirisEkran\frmIsSurecArama.cs:line 350
   at AdimAdimDavaKaydi.GirisEkran.frmIsSurecArama.frmIsSurecArama_Load(Object sender, EventArgs e) in d:\dogan\AdimAdimDavaKaydi\AdimAdimDavaKaydi\GirisEkran\frmIsSurecArama.cs:line 308
   at System.EventHandler.Invoke(Object sender, EventArgs e)
   at System.Windows.Forms.Form.OnLoad(EventArgs e)
   at DevExpress.XtraEditors.XtraForm.OnLoad(EventArgs e)
   at AdimAdimDavaKaydi.Util.BaseClasses.AvpXtraForm.OnLoad(EventArgs e) in d:\dogan\AdimAdimDavaKaydi\AdimAdimDavaKaydi\Util\BaseClasses\AvpXtraForm.cs:line 569
   at System.Windows.Forms.Control.CreateControl(Boolean fIgnoreVisible)
   at System.Windows.Forms.Control.CreateControl()
   at System.Windows.Forms.Control.WmShowWindow(Message& m)
   at System.Windows.Forms.Control.WndProc(Message& m)
   at DevExpress.XtraEditors.XtraForm.WndProc(Message& msg)
   at System.Windows.Forms.Control.ControlNativeWindow.WndProc(Message& m)
   at System.Windows.Forms.NativeWindow.Callback(IntPtr hWnd, Int32 msg, IntPtr wparam, IntPtr lparam) AvukatProLib2.Entities.TList`1[AvukatProLib2.Entities.TDI_BIL_KULLANICI_LISTESI] Fill(System.Data.IDataReader, AvukatProLib2.Entities.TList`1[AvukatProLib2.Entities.TDI_BIL_KULLANICI_LISTESI], Int32, Int32)    at AvukatProLib2.Data.Bases.TDI_BIL_KULLANICI_LISTESIProviderBaseCore.Fill(IDataReader reader, TList`1 rows, Int32 start, Int32 pageLength)
   at AvukatProLib2.Data.SqlClient.SqlTDI_BIL_KULLANICI_LISTESIProviderBase.GetAll(TransactionManager transactionManager, Int32 start, Int32 pageLength, Int32& count)
   at AvukatProLib2.Data.Bases.EntityProviderBaseCore`2.GetAll(TransactionManager mgr, Int32 start, Int32 pageLength)
   at AvukatProLib2.Data.Bases.EntityProviderBaseCore`2.GetAll(TransactionManager mgr)
   at AvukatProLib2.Data.Bases.EntityProviderBaseCore`2.GetAll()
   at BelgeUtil.Inits.KontrolKimGetir(RepositoryItemLookUpEdit lue) in d:\dogan\AdimAdimDavaKaydi\BelgeUtil\Inits.Ext.cs:line 1395
   at AdimAdimDavaKaydi.GirisEkran.frmIsSurecArama.InitsDoldur() in d:\dogan\AdimAdimDavaKaydi\AdimAdimDavaKaydi\GirisEkran\frmIsSurecArama.cs:line 350
   at AdimAdimDavaKaydi.GirisEkran.frmIsSurecArama.frmIsSurecArama_Load(Object sender, EventArgs e) in d:\dogan\AdimAdimDavaKaydi\AdimAdimDavaKaydi\GirisEkran\frmIsSurecArama.cs:line 308
   at System.EventHandler.Invoke(Object sender, EventArgs e)
   at System.Windows.Forms.Form.OnLoad(EventArgs e)
   at DevExpress.XtraEditors.XtraForm.OnLoad(EventArgs e)
   at AdimAdimDavaKaydi.Util.BaseClasses.AvpXtraForm.OnLoad(EventArgs e) in d:\dogan\AdimAdimDavaKaydi\AdimAdimDavaKaydi\Util\BaseClasses\AvpXtraForm.cs:line 569
   at System.Windows.Forms.Control.CreateControl(Boolean fIgnoreVisible)
   at System.Windows.Forms.Control.CreateControl()
   at System.Windows.Forms.Control.WmShowWindow(Message& m)
   at System.Windows.Forms.Control.WndProc(Message& m)
   at DevExpress.XtraEditors.XtraForm.WndProc(Message& msg)
   at System.Windows.Forms.Control.ControlNativeWindow.WndProc(Message& m)
   at System.Windows.Forms.NativeWindow.Callback(IntPtr hWnd, Int32 msg, IntPtr wparam, IntPtr lparam)
2014-07-08 14:26:48.4499 Hata 
 Unable to cast object of type 'System.DBNull' to type 'System.String'. System.InvalidCastException InvalidCastException System.InvalidCastException: Unable to cast object of type 'System.DBNull' to type 'System.String'.
   at AvukatProLib2.Data.Bases.TDI_BIL_KULLANICI_LISTESIProviderBaseCore.Fill(IDataReader reader, TList`1 rows, Int32 start, Int32 pageLength)
   at AvukatProLib2.Data.SqlClient.SqlTDI_BIL_KULLANICI_LISTESIProviderBase.GetAll(TransactionManager transactionManager, Int32 start, Int32 pageLength, Int32& count)
   at AvukatProLib2.Data.Bases.EntityProviderBaseCore`2.GetAll(TransactionManager mgr, Int32 start, Int32 pageLength)
   at AvukatProLib2.Data.Bases.EntityProviderBaseCore`2.GetAll(TransactionManager mgr)
   at AvukatProLib2.Data.Bases.EntityProviderBaseCore`2.GetAll()
   at BelgeUtil.Inits.KontrolKimGetir(RepositoryItemLookUpEdit lue) in d:\dogan\AdimAdimDavaKaydi\BelgeUtil\Inits.Ext.cs:line 1395
   at AdimAdimDavaKaydi.GirisEkran.frmIsSurecArama.InitsDoldur() in d:\dogan\AdimAdimDavaKaydi\AdimAdimDavaKaydi\GirisEkran\frmIsSurecArama.cs:line 350
   at AdimAdimDavaKaydi.GirisEkran.frmIsSurecArama.frmIsSurecArama_Load(Object sender, EventArgs e) in d:\dogan\AdimAdimDavaKaydi\AdimAdimDavaKaydi\GirisEkran\frmIsSurecArama.cs:line 308
   at System.EventHandler.Invoke(Object sender, EventArgs e)
   at System.Windows.Forms.Form.OnLoad(EventArgs e)
   at DevExpress.XtraEditors.XtraForm.OnLoad(EventArgs e)
   at AdimAdimDavaKaydi.Util.BaseClasses.AvpXtraForm.OnLoad(EventArgs e) in d:\dogan\AdimAdimDavaKaydi\AdimAdimDavaKaydi\Util\BaseClasses\AvpXtraForm.cs:line 569
   at System.Windows.Forms.Control.CreateControl(Boolean fIgnoreVisible)
   at System.Windows.Forms.Control.CreateControl()
   at System.Windows.Forms.Control.WmShowWindow(Message& m)
   at System.Windows.Forms.Control.WndProc(Message& m)
   at DevExpress.XtraEditors.XtraForm.WndProc(Message& msg)
   at System.Windows.Forms.Control.ControlNativeWindow.WndProc(Message& m)
   at System.Windows.Forms.NativeWindow.Callback(IntPtr hWnd, Int32 msg, IntPtr wparam, IntPtr lparam) AvukatProLib2.Entities.TList`1[AvukatProLib2.Entities.TDI_BIL_KULLANICI_LISTESI] Fill(System.Data.IDataReader, AvukatProLib2.Entities.TList`1[AvukatProLib2.Entities.TDI_BIL_KULLANICI_LISTESI], Int32, Int32)    at AvukatProLib2.Data.Bases.TDI_BIL_KULLANICI_LISTESIProviderBaseCore.Fill(IDataReader reader, TList`1 rows, Int32 start, Int32 pageLength)
   at AvukatProLib2.Data.SqlClient.SqlTDI_BIL_KULLANICI_LISTESIProviderBase.GetAll(TransactionManager transactionManager, Int32 start, Int32 pageLength, Int32& count)
   at AvukatProLib2.Data.Bases.EntityProviderBaseCore`2.GetAll(TransactionManager mgr, Int32 start, Int32 pageLength)
   at AvukatProLib2.Data.Bases.EntityProviderBaseCore`2.GetAll(TransactionManager mgr)
   at AvukatProLib2.Data.Bases.EntityProviderBaseCore`2.GetAll()
   at BelgeUtil.Inits.KontrolKimGetir(RepositoryItemLookUpEdit lue) in d:\dogan\AdimAdimDavaKaydi\BelgeUtil\Inits.Ext.cs:line 1395
   at AdimAdimDavaKaydi.GirisEkran.frmIsSurecArama.InitsDoldur() in d:\dogan\AdimAdimDavaKaydi\AdimAdimDavaKaydi\GirisEkran\frmIsSurecArama.cs:line 350
   at AdimAdimDavaKaydi.GirisEkran.frmIsSurecArama.frmIsSurecArama_Load(Object sender, EventArgs e) in d:\dogan\AdimAdimDavaKaydi\AdimAdimDavaKaydi\GirisEkran\frmIsSurecArama.cs:line 308
   at System.EventHandler.Invoke(Object sender, EventArgs e)
   at System.Windows.Forms.Form.OnLoad(EventArgs e)
   at DevExpress.XtraEditors.XtraForm.OnLoad(EventArgs e)
   at AdimAdimDavaKaydi.Util.BaseClasses.AvpXtraForm.OnLoad(EventArgs e) in d:\dogan\AdimAdimDavaKaydi\AdimAdimDavaKaydi\Util\BaseClasses\AvpXtraForm.cs:line 569
   at System.Windows.Forms.Control.CreateControl(Boolean fIgnoreVisible)
   at System.Windows.Forms.Control.CreateControl()
   at System.Windows.Forms.Control.WmShowWindow(Message& m)
   at System.Windows.Forms.Control.WndProc(Message& m)
   at DevExpress.XtraEditors.XtraForm.WndProc(Message& msg)
   at System.Windows.Forms.Control.ControlNativeWindow.WndProc(Message& m)
   at System.Windows.Forms.NativeWindow.Callback(IntPtr hWnd, Int32 msg, IntPtr wparam, IntPtr lparam)
2014-07-08 14:27:04.1938 Hata 
 Object reference not set to an instance of an object. System.NullReferenceException NullReferenceException System.NullReferenceException: Object reference not set to an instance of an object.
   at AdimAdimDavaKaydi.UserControls.ucDavaAramaFoy.RightClickPopup_PopupButtonClick(Object sender, ItemClickEventArgs e) in d:\dogan\AdimAdimDavaKaydi\AdimAdimDavaKaydi\UserControls\ucDavaAramaFoy.cs:line 306
   at System.EventHandler`1.Invoke(Object sender, TEventArgs e)
   at AdimAdimDavaKaydi.UserControls.compGridRightClickMenu.MyBarManager_ItemClick(Object sender, ItemClickEventArgs e) in d:\dogan\AdimAdimDavaKaydi\AdimAdimDavaKaydi\UserControls\compGridRightClickMenu.cs:line 350
   at DevExpress.XtraBars.BarManager.RaiseItemClick(ItemClickEventArgs e)
   at DevExpress.XtraBars.BarItem.OnClick(BarItemLink link)
   at DevExpress.XtraBars.BarBaseButtonItem.OnClick(BarItemLink link)
   at DevExpress.XtraBars.BarItemLink.OnLinkClick()
   at DevExpress.XtraBars.BarItemLink.OnLinkAction(BarLinkAction action, Object actionArgs)
   at DevExpress.XtraBars.BarButtonItemLink.OnLinkAction(BarLinkAction action, Object actionArgs)
   at DevExpress.XtraBars.BarItemLink.OnLinkActionCore(BarLinkAction action, Object actionArgs)
   at DevExpress.XtraBars.ViewInfo.BarSelectionInfo.ClickLink(BarItemLink link)
   at DevExpress.XtraBars.ViewInfo.BarSelectionInfo.UnPressLink(BarItemLink link)
   at DevExpress.XtraBars.Controls.CustomLinksControl.OnMouseUp(MouseEventArgs e)
   at System.Windows.Forms.Control.WmMouseUp(Message& m, MouseButtons button, Int32 clicks)
   at System.Windows.Forms.Control.WndProc(Message& m)
   at DevExpress.XtraBars.Controls.CustomControl.WndProc(Message& msg)
   at System.Windows.Forms.Control.ControlNativeWindow.WndProc(Message& m)
   at System.Windows.Forms.NativeWindow.Callback(IntPtr hWnd, Int32 msg, IntPtr wparam, IntPtr lparam) Void RightClickPopup_PopupButtonClick(System.Object, DevExpress.XtraBars.ItemClickEventArgs)    at AdimAdimDavaKaydi.UserControls.ucDavaAramaFoy.RightClickPopup_PopupButtonClick(Object sender, ItemClickEventArgs e) in d:\dogan\AdimAdimDavaKaydi\AdimAdimDavaKaydi\UserControls\ucDavaAramaFoy.cs:line 306
   at System.EventHandler`1.Invoke(Object sender, TEventArgs e)
   at AdimAdimDavaKaydi.UserControls.compGridRightClickMenu.MyBarManager_ItemClick(Object sender, ItemClickEventArgs e) in d:\dogan\AdimAdimDavaKaydi\AdimAdimDavaKaydi\UserControls\compGridRightClickMenu.cs:line 350
   at DevExpress.XtraBars.BarManager.RaiseItemClick(ItemClickEventArgs e)
   at DevExpress.XtraBars.BarItem.OnClick(BarItemLink link)
   at DevExpress.XtraBars.BarBaseButtonItem.OnClick(BarItemLink link)
   at DevExpress.XtraBars.BarItemLink.OnLinkClick()
   at DevExpress.XtraBars.BarItemLink.OnLinkAction(BarLinkAction action, Object actionArgs)
   at DevExpress.XtraBars.BarButtonItemLink.OnLinkAction(BarLinkAction action, Object actionArgs)
   at DevExpress.XtraBars.BarItemLink.OnLinkActionCore(BarLinkAction action, Object actionArgs)
   at DevExpress.XtraBars.ViewInfo.BarSelectionInfo.ClickLink(BarItemLink link)
   at DevExpress.XtraBars.ViewInfo.BarSelectionInfo.UnPressLink(BarItemLink link)
   at DevExpress.XtraBars.Controls.CustomLinksControl.OnMouseUp(MouseEventArgs e)
   at System.Windows.Forms.Control.WmMouseUp(Message& m, MouseButtons button, Int32 clicks)
   at System.Windows.Forms.Control.WndProc(Message& m)
   at DevExpress.XtraBars.Controls.CustomControl.WndProc(Message& msg)
   at System.Windows.Forms.Control.ControlNativeWindow.WndProc(Message& m)
   at System.Windows.Forms.NativeWindow.Callback(IntPtr hWnd, Int32 msg, IntPtr wparam, IntPtr lparam)
