2014-06-26 10:25:49.0570 Hata 
 Object cannot be cast from DBNull to other types. System.InvalidCastException InvalidCastException System.InvalidCastException: Object cannot be cast from DBNull to other types.
   at System.DBNull.System.IConvertible.ToInt32(IFormatProvider provider)
   at System.Convert.ToInt32(Object value)
   at AdimAdimDavaKaydi.Is.frmIsSureOlcer.ISMIKTAR() in d:\dogan\AdimAdimDavaKaydi\AdimAdimDavaKaydi\Is\frmIsSureOlcer.cs:line 402
   at AdimAdimDavaKaydi.Is.frmIsSureOlcer.MyDataSource_AddingNew(Object sender, AddingNewEventArgs e) in d:\dogan\AdimAdimDavaKaydi\AdimAdimDavaKaydi\Is\frmIsSureOlcer.cs:line 480
   at System.Windows.Forms.BindingSource.OnAddingNew(AddingNewEventArgs e)
   at System.Windows.Forms.BindingSource.AddNew()
   at AdimAdimDavaKaydi.Is.frmIsSureOlcer.btnDurdur_Click(Object sender, EventArgs e) in d:\dogan\AdimAdimDavaKaydi\AdimAdimDavaKaydi\Is\frmIsSureOlcer.cs:line 178
   at System.Windows.Forms.Control.OnClick(EventArgs e)
   at DevExpress.XtraEditors.BaseButton.OnClick(EventArgs e)
   at DevExpress.XtraEditors.BaseButton.OnMouseUp(MouseEventArgs e)
   at System.Windows.Forms.Control.WmMouseUp(Message& m, MouseButtons button, Int32 clicks)
   at System.Windows.Forms.Control.WndProc(Message& m)
   at DevExpress.Utils.Controls.ControlBase.WndProc(Message& m)
   at DevExpress.XtraEditors.BaseControl.WndProc(Message& msg)
   at System.Windows.Forms.Control.ControlNativeWindow.WndProc(Message& m)
   at System.Windows.Forms.NativeWindow.Callback(IntPtr hWnd, Int32 msg, IntPtr wparam, IntPtr lparam) Int32 System.IConvertible.ToInt32(System.IFormatProvider)    at System.DBNull.System.IConvertible.ToInt32(IFormatProvider provider)
   at System.Convert.ToInt32(Object value)
   at AdimAdimDavaKaydi.Is.frmIsSureOlcer.ISMIKTAR() in d:\dogan\AdimAdimDavaKaydi\AdimAdimDavaKaydi\Is\frmIsSureOlcer.cs:line 402
   at AdimAdimDavaKaydi.Is.frmIsSureOlcer.MyDataSource_AddingNew(Object sender, AddingNewEventArgs e) in d:\dogan\AdimAdimDavaKaydi\AdimAdimDavaKaydi\Is\frmIsSureOlcer.cs:line 480
   at System.Windows.Forms.BindingSource.OnAddingNew(AddingNewEventArgs e)
   at System.Windows.Forms.BindingSource.AddNew()
   at AdimAdimDavaKaydi.Is.frmIsSureOlcer.btnDurdur_Click(Object sender, EventArgs e) in d:\dogan\AdimAdimDavaKaydi\AdimAdimDavaKaydi\Is\frmIsSureOlcer.cs:line 178
   at System.Windows.Forms.Control.OnClick(EventArgs e)
   at DevExpress.XtraEditors.BaseButton.OnClick(EventArgs e)
   at DevExpress.XtraEditors.BaseButton.OnMouseUp(MouseEventArgs e)
   at System.Windows.Forms.Control.WmMouseUp(Message& m, MouseButtons button, Int32 clicks)
   at System.Windows.Forms.Control.WndProc(Message& m)
   at DevExpress.Utils.Controls.ControlBase.WndProc(Message& m)
   at DevExpress.XtraEditors.BaseControl.WndProc(Message& msg)
   at System.Windows.Forms.Control.ControlNativeWindow.WndProc(Message& m)
   at System.Windows.Forms.NativeWindow.Callback(IntPtr hWnd, Int32 msg, IntPtr wparam, IntPtr lparam)
2014-06-26 10:58:12.4392 Hata 
 Object cannot be cast from DBNull to other types. System.InvalidCastException InvalidCastException System.InvalidCastException: Object cannot be cast from DBNull to other types.
   at System.DBNull.System.IConvertible.ToInt32(IFormatProvider provider)
   at System.Convert.ToInt32(Object value)
   at AdimAdimDavaKaydi.Is.frmIsSureOlcer.ISMIKTAR() in d:\dogan\AdimAdimDavaKaydi\AdimAdimDavaKaydi\Is\frmIsSureOlcer.cs:line 402
   at AdimAdimDavaKaydi.Is.frmIsSureOlcer.MyDataSource_AddingNew(Object sender, AddingNewEventArgs e) in d:\dogan\AdimAdimDavaKaydi\AdimAdimDavaKaydi\Is\frmIsSureOlcer.cs:line 480
   at System.Windows.Forms.BindingSource.OnAddingNew(AddingNewEventArgs e)
   at System.Windows.Forms.BindingSource.AddNew()
   at AdimAdimDavaKaydi.Is.frmIsSureOlcer.btnDurdur_Click(Object sender, EventArgs e) in d:\dogan\AdimAdimDavaKaydi\AdimAdimDavaKaydi\Is\frmIsSureOlcer.cs:line 178
   at System.Windows.Forms.Control.OnClick(EventArgs e)
   at DevExpress.XtraEditors.BaseButton.OnClick(EventArgs e)
   at DevExpress.XtraEditors.BaseButton.OnMouseUp(MouseEventArgs e)
   at System.Windows.Forms.Control.WmMouseUp(Message& m, MouseButtons button, Int32 clicks)
   at System.Windows.Forms.Control.WndProc(Message& m)
   at DevExpress.Utils.Controls.ControlBase.WndProc(Message& m)
   at DevExpress.XtraEditors.BaseControl.WndProc(Message& msg)
   at System.Windows.Forms.Control.ControlNativeWindow.WndProc(Message& m)
   at System.Windows.Forms.NativeWindow.Callback(IntPtr hWnd, Int32 msg, IntPtr wparam, IntPtr lparam) Int32 System.IConvertible.ToInt32(System.IFormatProvider)    at System.DBNull.System.IConvertible.ToInt32(IFormatProvider provider)
   at System.Convert.ToInt32(Object value)
   at AdimAdimDavaKaydi.Is.frmIsSureOlcer.ISMIKTAR() in d:\dogan\AdimAdimDavaKaydi\AdimAdimDavaKaydi\Is\frmIsSureOlcer.cs:line 402
   at AdimAdimDavaKaydi.Is.frmIsSureOlcer.MyDataSource_AddingNew(Object sender, AddingNewEventArgs e) in d:\dogan\AdimAdimDavaKaydi\AdimAdimDavaKaydi\Is\frmIsSureOlcer.cs:line 480
   at System.Windows.Forms.BindingSource.OnAddingNew(AddingNewEventArgs e)
   at System.Windows.Forms.BindingSource.AddNew()
   at AdimAdimDavaKaydi.Is.frmIsSureOlcer.btnDurdur_Click(Object sender, EventArgs e) in d:\dogan\AdimAdimDavaKaydi\AdimAdimDavaKaydi\Is\frmIsSureOlcer.cs:line 178
   at System.Windows.Forms.Control.OnClick(EventArgs e)
   at DevExpress.XtraEditors.BaseButton.OnClick(EventArgs e)
   at DevExpress.XtraEditors.BaseButton.OnMouseUp(MouseEventArgs e)
   at System.Windows.Forms.Control.WmMouseUp(Message& m, MouseButtons button, Int32 clicks)
   at System.Windows.Forms.Control.WndProc(Message& m)
   at DevExpress.Utils.Controls.ControlBase.WndProc(Message& m)
   at DevExpress.XtraEditors.BaseControl.WndProc(Message& msg)
   at System.Windows.Forms.Control.ControlNativeWindow.WndProc(Message& m)
   at System.Windows.Forms.NativeWindow.Callback(IntPtr hWnd, Int32 msg, IntPtr wparam, IntPtr lparam)
2014-06-26 10:58:33.9994 Hata 
 Object cannot be cast from DBNull to other types. System.InvalidCastException InvalidCastException System.InvalidCastException: Object cannot be cast from DBNull to other types.
   at System.DBNull.System.IConvertible.ToInt32(IFormatProvider provider)
   at System.Convert.ToInt32(Object value)
   at AdimAdimDavaKaydi.Is.frmIsSureOlcer.ISMIKTAR() in d:\dogan\AdimAdimDavaKaydi\AdimAdimDavaKaydi\Is\frmIsSureOlcer.cs:line 402
   at AdimAdimDavaKaydi.Is.frmIsSureOlcer.MyDataSource_AddingNew(Object sender, AddingNewEventArgs e) in d:\dogan\AdimAdimDavaKaydi\AdimAdimDavaKaydi\Is\frmIsSureOlcer.cs:line 480
   at System.Windows.Forms.BindingSource.OnAddingNew(AddingNewEventArgs e)
   at System.Windows.Forms.BindingSource.AddNew()
   at AdimAdimDavaKaydi.Is.frmIsSureOlcer.btnDurdur_Click(Object sender, EventArgs e) in d:\dogan\AdimAdimDavaKaydi\AdimAdimDavaKaydi\Is\frmIsSureOlcer.cs:line 178
   at System.Windows.Forms.Control.OnClick(EventArgs e)
   at DevExpress.XtraEditors.BaseButton.OnClick(EventArgs e)
   at DevExpress.XtraEditors.BaseButton.OnMouseUp(MouseEventArgs e)
   at System.Windows.Forms.Control.WmMouseUp(Message& m, MouseButtons button, Int32 clicks)
   at System.Windows.Forms.Control.WndProc(Message& m)
   at DevExpress.Utils.Controls.ControlBase.WndProc(Message& m)
   at DevExpress.XtraEditors.BaseControl.WndProc(Message& msg)
   at System.Windows.Forms.Control.ControlNativeWindow.WndProc(Message& m)
   at System.Windows.Forms.NativeWindow.Callback(IntPtr hWnd, Int32 msg, IntPtr wparam, IntPtr lparam) Int32 System.IConvertible.ToInt32(System.IFormatProvider)    at System.DBNull.System.IConvertible.ToInt32(IFormatProvider provider)
   at System.Convert.ToInt32(Object value)
   at AdimAdimDavaKaydi.Is.frmIsSureOlcer.ISMIKTAR() in d:\dogan\AdimAdimDavaKaydi\AdimAdimDavaKaydi\Is\frmIsSureOlcer.cs:line 402
   at AdimAdimDavaKaydi.Is.frmIsSureOlcer.MyDataSource_AddingNew(Object sender, AddingNewEventArgs e) in d:\dogan\AdimAdimDavaKaydi\AdimAdimDavaKaydi\Is\frmIsSureOlcer.cs:line 480
   at System.Windows.Forms.BindingSource.OnAddingNew(AddingNewEventArgs e)
   at System.Windows.Forms.BindingSource.AddNew()
   at AdimAdimDavaKaydi.Is.frmIsSureOlcer.btnDurdur_Click(Object sender, EventArgs e) in d:\dogan\AdimAdimDavaKaydi\AdimAdimDavaKaydi\Is\frmIsSureOlcer.cs:line 178
   at System.Windows.Forms.Control.OnClick(EventArgs e)
   at DevExpress.XtraEditors.BaseButton.OnClick(EventArgs e)
   at DevExpress.XtraEditors.BaseButton.OnMouseUp(MouseEventArgs e)
   at System.Windows.Forms.Control.WmMouseUp(Message& m, MouseButtons button, Int32 clicks)
   at System.Windows.Forms.Control.WndProc(Message& m)
   at DevExpress.Utils.Controls.ControlBase.WndProc(Message& m)
   at DevExpress.XtraEditors.BaseControl.WndProc(Message& msg)
   at System.Windows.Forms.Control.ControlNativeWindow.WndProc(Message& m)
   at System.Windows.Forms.NativeWindow.Callback(IntPtr hWnd, Int32 msg, IntPtr wparam, IntPtr lparam)
2014-06-26 12:53:18.9403 Hata 
 Object cannot be cast from DBNull to other types. System.InvalidCastException InvalidCastException System.InvalidCastException: Object cannot be cast from DBNull to other types.
   at System.DBNull.System.IConvertible.ToInt32(IFormatProvider provider)
   at System.Convert.ToInt32(Object value)
   at AdimAdimDavaKaydi.Is.frmIsSureOlcer.ISMIKTAR() in d:\dogan\AdimAdimDavaKaydi\AdimAdimDavaKaydi\Is\frmIsSureOlcer.cs:line 402
   at AdimAdimDavaKaydi.Is.frmIsSureOlcer.MyDataSource_AddingNew(Object sender, AddingNewEventArgs e) in d:\dogan\AdimAdimDavaKaydi\AdimAdimDavaKaydi\Is\frmIsSureOlcer.cs:line 480
   at System.Windows.Forms.BindingSource.OnAddingNew(AddingNewEventArgs e)
   at System.Windows.Forms.BindingSource.AddNew()
   at AdimAdimDavaKaydi.Is.frmIsSureOlcer.btnDurdur_Click(Object sender, EventArgs e) in d:\dogan\AdimAdimDavaKaydi\AdimAdimDavaKaydi\Is\frmIsSureOlcer.cs:line 178
   at System.Windows.Forms.Control.OnClick(EventArgs e)
   at DevExpress.XtraEditors.BaseButton.OnClick(EventArgs e)
   at DevExpress.XtraEditors.BaseButton.OnMouseUp(MouseEventArgs e)
   at System.Windows.Forms.Control.WmMouseUp(Message& m, MouseButtons button, Int32 clicks)
   at System.Windows.Forms.Control.WndProc(Message& m)
   at DevExpress.Utils.Controls.ControlBase.WndProc(Message& m)
   at DevExpress.XtraEditors.BaseControl.WndProc(Message& msg)
   at System.Windows.Forms.Control.ControlNativeWindow.WndProc(Message& m)
   at System.Windows.Forms.NativeWindow.Callback(IntPtr hWnd, Int32 msg, IntPtr wparam, IntPtr lparam) Int32 System.IConvertible.ToInt32(System.IFormatProvider)    at System.DBNull.System.IConvertible.ToInt32(IFormatProvider provider)
   at System.Convert.ToInt32(Object value)
   at AdimAdimDavaKaydi.Is.frmIsSureOlcer.ISMIKTAR() in d:\dogan\AdimAdimDavaKaydi\AdimAdimDavaKaydi\Is\frmIsSureOlcer.cs:line 402
   at AdimAdimDavaKaydi.Is.frmIsSureOlcer.MyDataSource_AddingNew(Object sender, AddingNewEventArgs e) in d:\dogan\AdimAdimDavaKaydi\AdimAdimDavaKaydi\Is\frmIsSureOlcer.cs:line 480
   at System.Windows.Forms.BindingSource.OnAddingNew(AddingNewEventArgs e)
   at System.Windows.Forms.BindingSource.AddNew()
   at AdimAdimDavaKaydi.Is.frmIsSureOlcer.btnDurdur_Click(Object sender, EventArgs e) in d:\dogan\AdimAdimDavaKaydi\AdimAdimDavaKaydi\Is\frmIsSureOlcer.cs:line 178
   at System.Windows.Forms.Control.OnClick(EventArgs e)
   at DevExpress.XtraEditors.BaseButton.OnClick(EventArgs e)
   at DevExpress.XtraEditors.BaseButton.OnMouseUp(MouseEventArgs e)
   at System.Windows.Forms.Control.WmMouseUp(Message& m, MouseButtons button, Int32 clicks)
   at System.Windows.Forms.Control.WndProc(Message& m)
   at DevExpress.Utils.Controls.ControlBase.WndProc(Message& m)
   at DevExpress.XtraEditors.BaseControl.WndProc(Message& msg)
   at System.Windows.Forms.Control.ControlNativeWindow.WndProc(Message& m)
   at System.Windows.Forms.NativeWindow.Callback(IntPtr hWnd, Int32 msg, IntPtr wparam, IntPtr lparam)
