2015-11-01 12:14:27.4431 hata 
 Invalid object name 'OZEL_KOD_VE_REFERANSLAR_DAVA'. System.Data.SqlClient.SqlException SqlException System.Data.SqlClient.SqlException: Invalid object name 'OZEL_KOD_VE_REFERANSLAR_DAVA'.
   konum: System.Data.SqlClient.SqlConnection.OnError(SqlException exception, Boolean breakConnection)
   konum: System.Data.SqlClient.TdsParser.ThrowExceptionAndWarning(TdsParserStateObject stateObj)
   konum: System.Data.SqlClient.TdsParser.Run(RunBehavior runBehavior, SqlCommand cmdHandler, SqlDataReader dataStream, BulkCopySimpleResultSet bulkCopyHandler, TdsParserStateObject stateObj)
   konum: System.Data.SqlClient.SqlDataReader.ConsumeMetaData()
   konum: System.Data.SqlClient.SqlDataReader.get_MetaData()
   konum: System.Data.SqlClient.SqlCommand.FinishExecuteReader(SqlDataReader ds, RunBehavior runBehavior, String resetOptionsString)
   konum: System.Data.SqlClient.SqlCommand.RunExecuteReaderTds(CommandBehavior cmdBehavior, RunBehavior runBehavior, Boolean returnStream, Boolean async)
   konum: System.Data.SqlClient.SqlCommand.RunExecuteReader(CommandBehavior cmdBehavior, RunBehavior runBehavior, Boolean returnStream, String method, DbAsyncResult result)
   konum: System.Data.SqlClient.SqlCommand.RunExecuteReader(CommandBehavior cmdBehavior, RunBehavior runBehavior, Boolean returnStream, String method)
   konum: System.Data.SqlClient.SqlCommand.ExecuteReader(CommandBehavior behavior, String method)
   konum: System.Data.SqlClient.SqlCommand.ExecuteReader()
   konum: AvukatProLib.OzelKodReferans.OzelKodReferans.GetDavaOzelKodReferans(String connectionstring) d:\dogan\AdimAdimDavaKaydi\AvukatProLib\OzelKodReferans.cs içinde: satýr 827 Void OnError(System.Data.SqlClient.SqlException, Boolean)    konum: System.Data.SqlClient.SqlConnection.OnError(SqlException exception, Boolean breakConnection)
   konum: System.Data.SqlClient.TdsParser.ThrowExceptionAndWarning(TdsParserStateObject stateObj)
   konum: System.Data.SqlClient.TdsParser.Run(RunBehavior runBehavior, SqlCommand cmdHandler, SqlDataReader dataStream, BulkCopySimpleResultSet bulkCopyHandler, TdsParserStateObject stateObj)
   konum: System.Data.SqlClient.SqlDataReader.ConsumeMetaData()
   konum: System.Data.SqlClient.SqlDataReader.get_MetaData()
   konum: System.Data.SqlClient.SqlCommand.FinishExecuteReader(SqlDataReader ds, RunBehavior runBehavior, String resetOptionsString)
   konum: System.Data.SqlClient.SqlCommand.RunExecuteReaderTds(CommandBehavior cmdBehavior, RunBehavior runBehavior, Boolean returnStream, Boolean async)
   konum: System.Data.SqlClient.SqlCommand.RunExecuteReader(CommandBehavior cmdBehavior, RunBehavior runBehavior, Boolean returnStream, String method, DbAsyncResult result)
   konum: System.Data.SqlClient.SqlCommand.RunExecuteReader(CommandBehavior cmdBehavior, RunBehavior runBehavior, Boolean returnStream, String method)
   konum: System.Data.SqlClient.SqlCommand.ExecuteReader(CommandBehavior behavior, String method)
   konum: System.Data.SqlClient.SqlCommand.ExecuteReader()
   konum: AvukatProLib.OzelKodReferans.OzelKodReferans.GetDavaOzelKodReferans(String connectionstring) d:\dogan\AdimAdimDavaKaydi\AvukatProLib\OzelKodReferans.cs içinde: satýr 827
2015-11-01 12:14:27.6271 hata 
 Invalid object name 'OZEL_KOD_VE_REFERANSLAR_ICRA'. System.Data.SqlClient.SqlException SqlException System.Data.SqlClient.SqlException: Invalid object name 'OZEL_KOD_VE_REFERANSLAR_ICRA'.
   konum: System.Data.SqlClient.SqlConnection.OnError(SqlException exception, Boolean breakConnection)
   konum: System.Data.SqlClient.TdsParser.ThrowExceptionAndWarning(TdsParserStateObject stateObj)
   konum: System.Data.SqlClient.TdsParser.Run(RunBehavior runBehavior, SqlCommand cmdHandler, SqlDataReader dataStream, BulkCopySimpleResultSet bulkCopyHandler, TdsParserStateObject stateObj)
   konum: System.Data.SqlClient.SqlDataReader.ConsumeMetaData()
   konum: System.Data.SqlClient.SqlDataReader.get_MetaData()
   konum: System.Data.SqlClient.SqlCommand.FinishExecuteReader(SqlDataReader ds, RunBehavior runBehavior, String resetOptionsString)
   konum: System.Data.SqlClient.SqlCommand.RunExecuteReaderTds(CommandBehavior cmdBehavior, RunBehavior runBehavior, Boolean returnStream, Boolean async)
   konum: System.Data.SqlClient.SqlCommand.RunExecuteReader(CommandBehavior cmdBehavior, RunBehavior runBehavior, Boolean returnStream, String method, DbAsyncResult result)
   konum: System.Data.SqlClient.SqlCommand.RunExecuteReader(CommandBehavior cmdBehavior, RunBehavior runBehavior, Boolean returnStream, String method)
   konum: System.Data.SqlClient.SqlCommand.ExecuteReader(CommandBehavior behavior, String method)
   konum: System.Data.SqlClient.SqlCommand.ExecuteReader()
   konum: AvukatProLib.OzelKodReferans.OzelKodReferans.GetIcraOzelKodReferans(String connectionstring) d:\dogan\AdimAdimDavaKaydi\AvukatProLib\OzelKodReferans.cs içinde: satýr 930 Void OnError(System.Data.SqlClient.SqlException, Boolean)    konum: System.Data.SqlClient.SqlConnection.OnError(SqlException exception, Boolean breakConnection)
   konum: System.Data.SqlClient.TdsParser.ThrowExceptionAndWarning(TdsParserStateObject stateObj)
   konum: System.Data.SqlClient.TdsParser.Run(RunBehavior runBehavior, SqlCommand cmdHandler, SqlDataReader dataStream, BulkCopySimpleResultSet bulkCopyHandler, TdsParserStateObject stateObj)
   konum: System.Data.SqlClient.SqlDataReader.ConsumeMetaData()
   konum: System.Data.SqlClient.SqlDataReader.get_MetaData()
   konum: System.Data.SqlClient.SqlCommand.FinishExecuteReader(SqlDataReader ds, RunBehavior runBehavior, String resetOptionsString)
   konum: System.Data.SqlClient.SqlCommand.RunExecuteReaderTds(CommandBehavior cmdBehavior, RunBehavior runBehavior, Boolean returnStream, Boolean async)
   konum: System.Data.SqlClient.SqlCommand.RunExecuteReader(CommandBehavior cmdBehavior, RunBehavior runBehavior, Boolean returnStream, String method, DbAsyncResult result)
   konum: System.Data.SqlClient.SqlCommand.RunExecuteReader(CommandBehavior cmdBehavior, RunBehavior runBehavior, Boolean returnStream, String method)
   konum: System.Data.SqlClient.SqlCommand.ExecuteReader(CommandBehavior behavior, String method)
   konum: System.Data.SqlClient.SqlCommand.ExecuteReader()
   konum: AvukatProLib.OzelKodReferans.OzelKodReferans.GetIcraOzelKodReferans(String connectionstring) d:\dogan\AdimAdimDavaKaydi\AvukatProLib\OzelKodReferans.cs içinde: satýr 930
2015-11-01 12:14:27.6651 hata 
 Invalid object name 'OZEL_KOD_VE_REFERANSLAR_SORUSTURMA'. System.Data.SqlClient.SqlException SqlException System.Data.SqlClient.SqlException: Invalid object name 'OZEL_KOD_VE_REFERANSLAR_SORUSTURMA'.
   konum: System.Data.SqlClient.SqlConnection.OnError(SqlException exception, Boolean breakConnection)
   konum: System.Data.SqlClient.TdsParser.ThrowExceptionAndWarning(TdsParserStateObject stateObj)
   konum: System.Data.SqlClient.TdsParser.Run(RunBehavior runBehavior, SqlCommand cmdHandler, SqlDataReader dataStream, BulkCopySimpleResultSet bulkCopyHandler, TdsParserStateObject stateObj)
   konum: System.Data.SqlClient.SqlDataReader.ConsumeMetaData()
   konum: System.Data.SqlClient.SqlDataReader.get_MetaData()
   konum: System.Data.SqlClient.SqlCommand.FinishExecuteReader(SqlDataReader ds, RunBehavior runBehavior, String resetOptionsString)
   konum: System.Data.SqlClient.SqlCommand.RunExecuteReaderTds(CommandBehavior cmdBehavior, RunBehavior runBehavior, Boolean returnStream, Boolean async)
   konum: System.Data.SqlClient.SqlCommand.RunExecuteReader(CommandBehavior cmdBehavior, RunBehavior runBehavior, Boolean returnStream, String method, DbAsyncResult result)
   konum: System.Data.SqlClient.SqlCommand.RunExecuteReader(CommandBehavior cmdBehavior, RunBehavior runBehavior, Boolean returnStream, String method)
   konum: System.Data.SqlClient.SqlCommand.ExecuteReader(CommandBehavior behavior, String method)
   konum: System.Data.SqlClient.SqlCommand.ExecuteReader()
   konum: AvukatProLib.OzelKodReferans.OzelKodReferans.GetSorusturmaOzelKodReferans(String connectionstring) d:\dogan\AdimAdimDavaKaydi\AvukatProLib\OzelKodReferans.cs içinde: satýr 1063 Void OnError(System.Data.SqlClient.SqlException, Boolean)    konum: System.Data.SqlClient.SqlConnection.OnError(SqlException exception, Boolean breakConnection)
   konum: System.Data.SqlClient.TdsParser.ThrowExceptionAndWarning(TdsParserStateObject stateObj)
   konum: System.Data.SqlClient.TdsParser.Run(RunBehavior runBehavior, SqlCommand cmdHandler, SqlDataReader dataStream, BulkCopySimpleResultSet bulkCopyHandler, TdsParserStateObject stateObj)
   konum: System.Data.SqlClient.SqlDataReader.ConsumeMetaData()
   konum: System.Data.SqlClient.SqlDataReader.get_MetaData()
   konum: System.Data.SqlClient.SqlCommand.FinishExecuteReader(SqlDataReader ds, RunBehavior runBehavior, String resetOptionsString)
   konum: System.Data.SqlClient.SqlCommand.RunExecuteReaderTds(CommandBehavior cmdBehavior, RunBehavior runBehavior, Boolean returnStream, Boolean async)
   konum: System.Data.SqlClient.SqlCommand.RunExecuteReader(CommandBehavior cmdBehavior, RunBehavior runBehavior, Boolean returnStream, String method, DbAsyncResult result)
   konum: System.Data.SqlClient.SqlCommand.RunExecuteReader(CommandBehavior cmdBehavior, RunBehavior runBehavior, Boolean returnStream, String method)
   konum: System.Data.SqlClient.SqlCommand.ExecuteReader(CommandBehavior behavior, String method)
   konum: System.Data.SqlClient.SqlCommand.ExecuteReader()
   konum: AvukatProLib.OzelKodReferans.OzelKodReferans.GetSorusturmaOzelKodReferans(String connectionstring) d:\dogan\AdimAdimDavaKaydi\AvukatProLib\OzelKodReferans.cs içinde: satýr 1063
2015-11-01 12:14:27.6911 hata 
 Invalid object name 'OZEL_KOD_VE_REFERANSLAR_SOZLESME'. System.Data.SqlClient.SqlException SqlException System.Data.SqlClient.SqlException: Invalid object name 'OZEL_KOD_VE_REFERANSLAR_SOZLESME'.
   konum: System.Data.SqlClient.SqlConnection.OnError(SqlException exception, Boolean breakConnection)
   konum: System.Data.SqlClient.TdsParser.ThrowExceptionAndWarning(TdsParserStateObject stateObj)
   konum: System.Data.SqlClient.TdsParser.Run(RunBehavior runBehavior, SqlCommand cmdHandler, SqlDataReader dataStream, BulkCopySimpleResultSet bulkCopyHandler, TdsParserStateObject stateObj)
   konum: System.Data.SqlClient.SqlDataReader.ConsumeMetaData()
   konum: System.Data.SqlClient.SqlDataReader.get_MetaData()
   konum: System.Data.SqlClient.SqlCommand.FinishExecuteReader(SqlDataReader ds, RunBehavior runBehavior, String resetOptionsString)
   konum: System.Data.SqlClient.SqlCommand.RunExecuteReaderTds(CommandBehavior cmdBehavior, RunBehavior runBehavior, Boolean returnStream, Boolean async)
   konum: System.Data.SqlClient.SqlCommand.RunExecuteReader(CommandBehavior cmdBehavior, RunBehavior runBehavior, Boolean returnStream, String method, DbAsyncResult result)
   konum: System.Data.SqlClient.SqlCommand.RunExecuteReader(CommandBehavior cmdBehavior, RunBehavior runBehavior, Boolean returnStream, String method)
   konum: System.Data.SqlClient.SqlCommand.ExecuteReader(CommandBehavior behavior, String method)
   konum: System.Data.SqlClient.SqlCommand.ExecuteReader()
   konum: AvukatProLib.OzelKodReferans.OzelKodReferans.GetSozlesmeOzelKodReferans(String connectionstring) d:\dogan\AdimAdimDavaKaydi\AvukatProLib\OzelKodReferans.cs içinde: satýr 1139 Void OnError(System.Data.SqlClient.SqlException, Boolean)    konum: System.Data.SqlClient.SqlConnection.OnError(SqlException exception, Boolean breakConnection)
   konum: System.Data.SqlClient.TdsParser.ThrowExceptionAndWarning(TdsParserStateObject stateObj)
   konum: System.Data.SqlClient.TdsParser.Run(RunBehavior runBehavior, SqlCommand cmdHandler, SqlDataReader dataStream, BulkCopySimpleResultSet bulkCopyHandler, TdsParserStateObject stateObj)
   konum: System.Data.SqlClient.SqlDataReader.ConsumeMetaData()
   konum: System.Data.SqlClient.SqlDataReader.get_MetaData()
   konum: System.Data.SqlClient.SqlCommand.FinishExecuteReader(SqlDataReader ds, RunBehavior runBehavior, String resetOptionsString)
   konum: System.Data.SqlClient.SqlCommand.RunExecuteReaderTds(CommandBehavior cmdBehavior, RunBehavior runBehavior, Boolean returnStream, Boolean async)
   konum: System.Data.SqlClient.SqlCommand.RunExecuteReader(CommandBehavior cmdBehavior, RunBehavior runBehavior, Boolean returnStream, String method, DbAsyncResult result)
   konum: System.Data.SqlClient.SqlCommand.RunExecuteReader(CommandBehavior cmdBehavior, RunBehavior runBehavior, Boolean returnStream, String method)
   konum: System.Data.SqlClient.SqlCommand.ExecuteReader(CommandBehavior behavior, String method)
   konum: System.Data.SqlClient.SqlCommand.ExecuteReader()
   konum: AvukatProLib.OzelKodReferans.OzelKodReferans.GetSozlesmeOzelKodReferans(String connectionstring) d:\dogan\AdimAdimDavaKaydi\AvukatProLib\OzelKodReferans.cs içinde: satýr 1139
2015-11-01 12:14:27.7201 hata 
 Invalid object name 'OZEL_KOD_VE_REFERANSLAR_ORTAK_OZEL_DURUM'. System.Data.SqlClient.SqlException SqlException System.Data.SqlClient.SqlException: Invalid object name 'OZEL_KOD_VE_REFERANSLAR_ORTAK_OZEL_DURUM'.
   konum: System.Data.SqlClient.SqlConnection.OnError(SqlException exception, Boolean breakConnection)
   konum: System.Data.SqlClient.TdsParser.ThrowExceptionAndWarning(TdsParserStateObject stateObj)
   konum: System.Data.SqlClient.TdsParser.Run(RunBehavior runBehavior, SqlCommand cmdHandler, SqlDataReader dataStream, BulkCopySimpleResultSet bulkCopyHandler, TdsParserStateObject stateObj)
   konum: System.Data.SqlClient.SqlDataReader.ConsumeMetaData()
   konum: System.Data.SqlClient.SqlDataReader.get_MetaData()
   konum: System.Data.SqlClient.SqlCommand.FinishExecuteReader(SqlDataReader ds, RunBehavior runBehavior, String resetOptionsString)
   konum: System.Data.SqlClient.SqlCommand.RunExecuteReaderTds(CommandBehavior cmdBehavior, RunBehavior runBehavior, Boolean returnStream, Boolean async)
   konum: System.Data.SqlClient.SqlCommand.RunExecuteReader(CommandBehavior cmdBehavior, RunBehavior runBehavior, Boolean returnStream, String method, DbAsyncResult result)
   konum: System.Data.SqlClient.SqlCommand.RunExecuteReader(CommandBehavior cmdBehavior, RunBehavior runBehavior, Boolean returnStream, String method)
   konum: System.Data.SqlClient.SqlCommand.ExecuteReader(CommandBehavior behavior, String method)
   konum: System.Data.SqlClient.SqlCommand.ExecuteReader()
   konum: AvukatProLib.OzelKodReferans.OzelKodReferans.GetOrtakOzelKodReferans(String connectionstring) d:\dogan\AdimAdimDavaKaydi\AvukatProLib\OzelKodReferans.cs içinde: satýr 1380 Void OnError(System.Data.SqlClient.SqlException, Boolean)    konum: System.Data.SqlClient.SqlConnection.OnError(SqlException exception, Boolean breakConnection)
   konum: System.Data.SqlClient.TdsParser.ThrowExceptionAndWarning(TdsParserStateObject stateObj)
   konum: System.Data.SqlClient.TdsParser.Run(RunBehavior runBehavior, SqlCommand cmdHandler, SqlDataReader dataStream, BulkCopySimpleResultSet bulkCopyHandler, TdsParserStateObject stateObj)
   konum: System.Data.SqlClient.SqlDataReader.ConsumeMetaData()
   konum: System.Data.SqlClient.SqlDataReader.get_MetaData()
   konum: System.Data.SqlClient.SqlCommand.FinishExecuteReader(SqlDataReader ds, RunBehavior runBehavior, String resetOptionsString)
   konum: System.Data.SqlClient.SqlCommand.RunExecuteReaderTds(CommandBehavior cmdBehavior, RunBehavior runBehavior, Boolean returnStream, Boolean async)
   konum: System.Data.SqlClient.SqlCommand.RunExecuteReader(CommandBehavior cmdBehavior, RunBehavior runBehavior, Boolean returnStream, String method, DbAsyncResult result)
   konum: System.Data.SqlClient.SqlCommand.RunExecuteReader(CommandBehavior cmdBehavior, RunBehavior runBehavior, Boolean returnStream, String method)
   konum: System.Data.SqlClient.SqlCommand.ExecuteReader(CommandBehavior behavior, String method)
   konum: System.Data.SqlClient.SqlCommand.ExecuteReader()
   konum: AvukatProLib.OzelKodReferans.OzelKodReferans.GetOrtakOzelKodReferans(String connectionstring) d:\dogan\AdimAdimDavaKaydi\AvukatProLib\OzelKodReferans.cs içinde: satýr 1380
2015-11-01 12:23:21.3066 Hata 
 Giriþ dizesi doðru biçimde deðildi. System.FormatException FormatException System.FormatException: Giriþ dizesi doðru biçimde deðildi.
   konum: System.Number.StringToNumber(String str, NumberStyles options, NumberBuffer& number, NumberFormatInfo info, Boolean parseDecimal)
   konum: System.Number.ParseInt32(String s, NumberStyles style, NumberFormatInfo info)
   konum: AdimAdimDavaKaydi.Util.compGridDovizSummary._myGridView_CustomSummaryCalculate(Object sender, CustomSummaryEventArgs e) d:\dogan\AdimAdimDavaKaydi\AdimAdimDavaKaydi\Util\compGridDovizSummary.cs içinde: satýr 245
   konum: DevExpress.XtraGrid.Views.Grid.GridView.OnDataManager_CustomSummaryEvent(Object sender, CustomSummaryEventArgs e)
   konum: DevExpress.Data.DataController.CalcSummaryValue(SummaryItem summaryItem, Int32 controllerRow, Int32 rowCount)
   konum: DevExpress.Data.DataController.CalcSummaryInfo(GroupRowInfo groupRow, SummaryItem summaryItem, Int32 controllerRow, Int32 rowCount, Boolean& validResult)
   konum: DevExpress.Data.DataController.CalcTotalSummaryItem(SummaryItem summary)
   konum: DevExpress.Data.DataController.UpdateTotalSummary()
   konum: DevExpress.Data.DataController.CalcTotalSummary()
   konum: DevExpress.Data.DataController.CalcSummary()
   konum: DevExpress.Data.DataController.OnRefresh(Boolean useRowsKeeper)
   konum: DevExpress.Data.DataController.DoRefreshCore(Boolean useRowsKeeper)
   konum: DevExpress.Data.DataController.DoRefresh(Boolean useRowsKeeper)
   konum: DevExpress.Data.CurrencyDataController.DoRefresh(Boolean useRowsKeeper)
   konum: DevExpress.Data.DataControllerBase.DoRefresh()
   konum: DevExpress.Data.DataController.EndUpdateCore(Boolean sortUpdate)
   konum: DevExpress.Data.DataControllerBase.EndUpdate()
   konum: DevExpress.Data.DataControllerBase.OnListSourceChanged()
   konum: DevExpress.Data.DataControllerBase.SetListSourceCore(IList value)
   konum: DevExpress.Data.DataControllerBase.SetListSource(IList value)
   konum: DevExpress.Data.CurrencyDataController.OnCurrencyManagerChanged()
   konum: DevExpress.Data.CurrencyDataController.set_CurrencyManager(CurrencyManager value)
   konum: DevExpress.Data.CurrencyDataController.OnDataSourceChanged()
   konum: DevExpress.Data.CurrencyDataController.SetDataSource(BindingContext context, Object dataSource, String dataMember)
   konum: DevExpress.XtraGrid.Views.Base.BaseView.SetDataSource(BindingContext context, Object dataSource, String dataMember)
   konum: DevExpress.XtraGrid.Views.Base.ColumnView.SetDataSource(BindingContext context, Object dataSource, String dataMember)
   konum: DevExpress.XtraGrid.Views.Grid.GridView.SetDataSource(BindingContext context, Object dataSource, String dataMember)
   konum: DevExpress.XtraGrid.GridControl.ActivateDataSource()
   konum: DevExpress.XtraGrid.GridControl.set_DataSource(Object value)
   konum: AdimAdimDavaKaydi.UserControls.ucIcraAramaFoy.set_MyDataSource(DataTable value) d:\dogan\AdimAdimDavaKaydi\AdimAdimDavaKaydi\UserControls\ucIcraAramaFoy.cs içinde: satýr 42
   konum: AdimAdimDavaKaydi.GirisEkran.rFrmIcraGirisEkran.bwSorgula_RunWorkerCompleted(Object sender, RunWorkerCompletedEventArgs e) d:\dogan\AdimAdimDavaKaydi\AdimAdimDavaKaydi\GirisEkran\rFrmIcraGirisEkran.cs içinde: satýr 281 Void StringToNumber(System.String, System.Globalization.NumberStyles, NumberBuffer ByRef, System.Globalization.NumberFormatInfo, Boolean)    konum: System.Number.StringToNumber(String str, NumberStyles options, NumberBuffer& number, NumberFormatInfo info, Boolean parseDecimal)
   konum: System.Number.ParseInt32(String s, NumberStyles style, NumberFormatInfo info)
   konum: AdimAdimDavaKaydi.Util.compGridDovizSummary._myGridView_CustomSummaryCalculate(Object sender, CustomSummaryEventArgs e) d:\dogan\AdimAdimDavaKaydi\AdimAdimDavaKaydi\Util\compGridDovizSummary.cs içinde: satýr 245
   konum: DevExpress.XtraGrid.Views.Grid.GridView.OnDataManager_CustomSummaryEvent(Object sender, CustomSummaryEventArgs e)
   konum: DevExpress.Data.DataController.CalcSummaryValue(SummaryItem summaryItem, Int32 controllerRow, Int32 rowCount)
   konum: DevExpress.Data.DataController.CalcSummaryInfo(GroupRowInfo groupRow, SummaryItem summaryItem, Int32 controllerRow, Int32 rowCount, Boolean& validResult)
   konum: DevExpress.Data.DataController.CalcTotalSummaryItem(SummaryItem summary)
   konum: DevExpress.Data.DataController.UpdateTotalSummary()
   konum: DevExpress.Data.DataController.CalcTotalSummary()
   konum: DevExpress.Data.DataController.CalcSummary()
   konum: DevExpress.Data.DataController.OnRefresh(Boolean useRowsKeeper)
   konum: DevExpress.Data.DataController.DoRefreshCore(Boolean useRowsKeeper)
   konum: DevExpress.Data.DataController.DoRefresh(Boolean useRowsKeeper)
   konum: DevExpress.Data.CurrencyDataController.DoRefresh(Boolean useRowsKeeper)
   konum: DevExpress.Data.DataControllerBase.DoRefresh()
   konum: DevExpress.Data.DataController.EndUpdateCore(Boolean sortUpdate)
   konum: DevExpress.Data.DataControllerBase.EndUpdate()
   konum: DevExpress.Data.DataControllerBase.OnListSourceChanged()
   konum: DevExpress.Data.DataControllerBase.SetListSourceCore(IList value)
   konum: DevExpress.Data.DataControllerBase.SetListSource(IList value)
   konum: DevExpress.Data.CurrencyDataController.OnCurrencyManagerChanged()
   konum: DevExpress.Data.CurrencyDataController.set_CurrencyManager(CurrencyManager value)
   konum: DevExpress.Data.CurrencyDataController.OnDataSourceChanged()
   konum: DevExpress.Data.CurrencyDataController.SetDataSource(BindingContext context, Object dataSource, String dataMember)
   konum: DevExpress.XtraGrid.Views.Base.BaseView.SetDataSource(BindingContext context, Object dataSource, String dataMember)
   konum: DevExpress.XtraGrid.Views.Base.ColumnView.SetDataSource(BindingContext context, Object dataSource, String dataMember)
   konum: DevExpress.XtraGrid.Views.Grid.GridView.SetDataSource(BindingContext context, Object dataSource, String dataMember)
   konum: DevExpress.XtraGrid.GridControl.ActivateDataSource()
   konum: DevExpress.XtraGrid.GridControl.set_DataSource(Object value)
   konum: AdimAdimDavaKaydi.UserControls.ucIcraAramaFoy.set_MyDataSource(DataTable value) d:\dogan\AdimAdimDavaKaydi\AdimAdimDavaKaydi\UserControls\ucIcraAramaFoy.cs içinde: satýr 42
   konum: AdimAdimDavaKaydi.GirisEkran.rFrmIcraGirisEkran.bwSorgula_RunWorkerCompleted(Object sender, RunWorkerCompletedEventArgs e) d:\dogan\AdimAdimDavaKaydi\AdimAdimDavaKaydi\GirisEkran\rFrmIcraGirisEkran.cs içinde: satýr 281
2015-11-01 12:31:47.0415 Hata 
 Giriþ dizesi doðru biçimde deðildi. System.FormatException FormatException System.FormatException: Giriþ dizesi doðru biçimde deðildi.
   konum: System.Number.StringToNumber(String str, NumberStyles options, NumberBuffer& number, NumberFormatInfo info, Boolean parseDecimal)
   konum: System.Number.ParseInt32(String s, NumberStyles style, NumberFormatInfo info)
   konum: AdimAdimDavaKaydi.Util.compGridDovizSummary._myGridView_CustomSummaryCalculate(Object sender, CustomSummaryEventArgs e) d:\dogan\AdimAdimDavaKaydi\AdimAdimDavaKaydi\Util\compGridDovizSummary.cs içinde: satýr 245
   konum: DevExpress.XtraGrid.Views.Grid.GridView.OnDataManager_CustomSummaryEvent(Object sender, CustomSummaryEventArgs e)
   konum: DevExpress.Data.DataController.CalcSummaryValue(SummaryItem summaryItem, Int32 controllerRow, Int32 rowCount)
   konum: DevExpress.Data.DataController.CalcSummaryInfo(GroupRowInfo groupRow, SummaryItem summaryItem, Int32 controllerRow, Int32 rowCount, Boolean& validResult)
   konum: DevExpress.Data.DataController.CalcTotalSummaryItem(SummaryItem summary)
   konum: DevExpress.Data.DataController.UpdateTotalSummary()
   konum: DevExpress.Data.DataController.CalcTotalSummary()
   konum: DevExpress.Data.DataController.CalcSummary()
   konum: DevExpress.Data.DataController.OnRefresh(Boolean useRowsKeeper)
   konum: DevExpress.Data.DataController.DoRefreshCore(Boolean useRowsKeeper)
   konum: DevExpress.Data.DataController.DoRefresh(Boolean useRowsKeeper)
   konum: DevExpress.Data.CurrencyDataController.DoRefresh(Boolean useRowsKeeper)
   konum: DevExpress.Data.DataControllerBase.DoRefresh()
   konum: DevExpress.Data.DataController.EndUpdateCore(Boolean sortUpdate)
   konum: DevExpress.Data.DataControllerBase.EndUpdate()
   konum: DevExpress.Data.DataControllerBase.OnListSourceChanged()
   konum: DevExpress.Data.DataControllerBase.SetListSourceCore(IList value)
   konum: DevExpress.Data.DataControllerBase.SetListSource(IList value)
   konum: DevExpress.Data.CurrencyDataController.OnCurrencyManagerChanged()
   konum: DevExpress.Data.CurrencyDataController.set_CurrencyManager(CurrencyManager value)
   konum: DevExpress.Data.CurrencyDataController.OnDataSourceChanged()
   konum: DevExpress.Data.CurrencyDataController.SetDataSource(BindingContext context, Object dataSource, String dataMember)
   konum: DevExpress.XtraGrid.Views.Base.BaseView.SetDataSource(BindingContext context, Object dataSource, String dataMember)
   konum: DevExpress.XtraGrid.Views.Base.ColumnView.SetDataSource(BindingContext context, Object dataSource, String dataMember)
   konum: DevExpress.XtraGrid.Views.Grid.GridView.SetDataSource(BindingContext context, Object dataSource, String dataMember)
   konum: DevExpress.XtraGrid.GridControl.ActivateDataSource()
   konum: DevExpress.XtraGrid.GridControl.set_DataSource(Object value)
   konum: AdimAdimDavaKaydi.UserControls.ucIcraAramaFoy.set_MyDataSource(DataTable value) d:\dogan\AdimAdimDavaKaydi\AdimAdimDavaKaydi\UserControls\ucIcraAramaFoy.cs içinde: satýr 42
   konum: AdimAdimDavaKaydi.GirisEkran.rFrmIcraGirisEkran.bwSorgula_RunWorkerCompleted(Object sender, RunWorkerCompletedEventArgs e) d:\dogan\AdimAdimDavaKaydi\AdimAdimDavaKaydi\GirisEkran\rFrmIcraGirisEkran.cs içinde: satýr 281 Void StringToNumber(System.String, System.Globalization.NumberStyles, NumberBuffer ByRef, System.Globalization.NumberFormatInfo, Boolean)    konum: System.Number.StringToNumber(String str, NumberStyles options, NumberBuffer& number, NumberFormatInfo info, Boolean parseDecimal)
   konum: System.Number.ParseInt32(String s, NumberStyles style, NumberFormatInfo info)
   konum: AdimAdimDavaKaydi.Util.compGridDovizSummary._myGridView_CustomSummaryCalculate(Object sender, CustomSummaryEventArgs e) d:\dogan\AdimAdimDavaKaydi\AdimAdimDavaKaydi\Util\compGridDovizSummary.cs içinde: satýr 245
   konum: DevExpress.XtraGrid.Views.Grid.GridView.OnDataManager_CustomSummaryEvent(Object sender, CustomSummaryEventArgs e)
   konum: DevExpress.Data.DataController.CalcSummaryValue(SummaryItem summaryItem, Int32 controllerRow, Int32 rowCount)
   konum: DevExpress.Data.DataController.CalcSummaryInfo(GroupRowInfo groupRow, SummaryItem summaryItem, Int32 controllerRow, Int32 rowCount, Boolean& validResult)
   konum: DevExpress.Data.DataController.CalcTotalSummaryItem(SummaryItem summary)
   konum: DevExpress.Data.DataController.UpdateTotalSummary()
   konum: DevExpress.Data.DataController.CalcTotalSummary()
   konum: DevExpress.Data.DataController.CalcSummary()
   konum: DevExpress.Data.DataController.OnRefresh(Boolean useRowsKeeper)
   konum: DevExpress.Data.DataController.DoRefreshCore(Boolean useRowsKeeper)
   konum: DevExpress.Data.DataController.DoRefresh(Boolean useRowsKeeper)
   konum: DevExpress.Data.CurrencyDataController.DoRefresh(Boolean useRowsKeeper)
   konum: DevExpress.Data.DataControllerBase.DoRefresh()
   konum: DevExpress.Data.DataController.EndUpdateCore(Boolean sortUpdate)
   konum: DevExpress.Data.DataControllerBase.EndUpdate()
   konum: DevExpress.Data.DataControllerBase.OnListSourceChanged()
   konum: DevExpress.Data.DataControllerBase.SetListSourceCore(IList value)
   konum: DevExpress.Data.DataControllerBase.SetListSource(IList value)
   konum: DevExpress.Data.CurrencyDataController.OnCurrencyManagerChanged()
   konum: DevExpress.Data.CurrencyDataController.set_CurrencyManager(CurrencyManager value)
   konum: DevExpress.Data.CurrencyDataController.OnDataSourceChanged()
   konum: DevExpress.Data.CurrencyDataController.SetDataSource(BindingContext context, Object dataSource, String dataMember)
   konum: DevExpress.XtraGrid.Views.Base.BaseView.SetDataSource(BindingContext context, Object dataSource, String dataMember)
   konum: DevExpress.XtraGrid.Views.Base.ColumnView.SetDataSource(BindingContext context, Object dataSource, String dataMember)
   konum: DevExpress.XtraGrid.Views.Grid.GridView.SetDataSource(BindingContext context, Object dataSource, String dataMember)
   konum: DevExpress.XtraGrid.GridControl.ActivateDataSource()
   konum: DevExpress.XtraGrid.GridControl.set_DataSource(Object value)
   konum: AdimAdimDavaKaydi.UserControls.ucIcraAramaFoy.set_MyDataSource(DataTable value) d:\dogan\AdimAdimDavaKaydi\AdimAdimDavaKaydi\UserControls\ucIcraAramaFoy.cs içinde: satýr 42
   konum: AdimAdimDavaKaydi.GirisEkran.rFrmIcraGirisEkran.bwSorgula_RunWorkerCompleted(Object sender, RunWorkerCompletedEventArgs e) d:\dogan\AdimAdimDavaKaydi\AdimAdimDavaKaydi\GirisEkran\rFrmIcraGirisEkran.cs içinde: satýr 281
