2015-10-15 09:28:27.5449 hata 
 Invalid object name 'OZEL_KOD_VE_REFERANSLAR_DAVA'. System.Data.SqlClient.SqlException SqlException System.Data.SqlClient.SqlException: Invalid object name 'OZEL_KOD_VE_REFERANSLAR_DAVA'.
   konum: System.Data.SqlClient.SqlConnection.OnError(SqlException exception, Boolean breakConnection)
   konum: System.Data.SqlClient.TdsParser.ThrowExceptionAndWarning(TdsParserStateObject stateObj)
   konum: System.Data.SqlClient.TdsParser.Run(RunBehavior runBehavior, SqlCommand cmdHandler, SqlDataReader dataStream, BulkCopySimpleResultSet bulkCopyHandler, TdsParserStateObject stateObj)
   konum: System.Data.SqlClient.SqlDataReader.ConsumeMetaData()
   konum: System.Data.SqlClient.SqlDataReader.get_MetaData()
   konum: System.Data.SqlClient.SqlCommand.FinishExecuteReader(SqlDataReader ds, RunBehavior runBehavior, String resetOptionsString)
   konum: System.Data.SqlClient.SqlCommand.RunExecuteReaderTds(CommandBehavior cmdBehavior, RunBehavior runBehavior, Boolean returnStream, Boolean async)
   konum: System.Data.SqlClient.SqlCommand.RunExecuteReader(CommandBehavior cmdBehavior, RunBehavior runBehavior, Boolean returnStream, String method, DbAsyncResult result)
   konum: System.Data.SqlClient.SqlCommand.RunExecuteReader(CommandBehavior cmdBehavior, RunBehavior runBehavior, Boolean returnStream, String method)
   konum: System.Data.SqlClient.SqlCommand.ExecuteReader(CommandBehavior behavior, String method)
   konum: System.Data.SqlClient.SqlCommand.ExecuteReader()
   konum: AvukatProLib.OzelKodReferans.OzelKodReferans.GetDavaOzelKodReferans(String connectionstring) d:\dogan\AdimAdimDavaKaydi\AvukatProLib\OzelKodReferans.cs içinde: satýr 827 Void OnError(System.Data.SqlClient.SqlException, Boolean)    konum: System.Data.SqlClient.SqlConnection.OnError(SqlException exception, Boolean breakConnection)
   konum: System.Data.SqlClient.TdsParser.ThrowExceptionAndWarning(TdsParserStateObject stateObj)
   konum: System.Data.SqlClient.TdsParser.Run(RunBehavior runBehavior, SqlCommand cmdHandler, SqlDataReader dataStream, BulkCopySimpleResultSet bulkCopyHandler, TdsParserStateObject stateObj)
   konum: System.Data.SqlClient.SqlDataReader.ConsumeMetaData()
   konum: System.Data.SqlClient.SqlDataReader.get_MetaData()
   konum: System.Data.SqlClient.SqlCommand.FinishExecuteReader(SqlDataReader ds, RunBehavior runBehavior, String resetOptionsString)
   konum: System.Data.SqlClient.SqlCommand.RunExecuteReaderTds(CommandBehavior cmdBehavior, RunBehavior runBehavior, Boolean returnStream, Boolean async)
   konum: System.Data.SqlClient.SqlCommand.RunExecuteReader(CommandBehavior cmdBehavior, RunBehavior runBehavior, Boolean returnStream, String method, DbAsyncResult result)
   konum: System.Data.SqlClient.SqlCommand.RunExecuteReader(CommandBehavior cmdBehavior, RunBehavior runBehavior, Boolean returnStream, String method)
   konum: System.Data.SqlClient.SqlCommand.ExecuteReader(CommandBehavior behavior, String method)
   konum: System.Data.SqlClient.SqlCommand.ExecuteReader()
   konum: AvukatProLib.OzelKodReferans.OzelKodReferans.GetDavaOzelKodReferans(String connectionstring) d:\dogan\AdimAdimDavaKaydi\AvukatProLib\OzelKodReferans.cs içinde: satýr 827
2015-10-15 09:28:27.6269 hata 
 Invalid object name 'OZEL_KOD_VE_REFERANSLAR_ICRA'. System.Data.SqlClient.SqlException SqlException System.Data.SqlClient.SqlException: Invalid object name 'OZEL_KOD_VE_REFERANSLAR_ICRA'.
   konum: System.Data.SqlClient.SqlConnection.OnError(SqlException exception, Boolean breakConnection)
   konum: System.Data.SqlClient.TdsParser.ThrowExceptionAndWarning(TdsParserStateObject stateObj)
   konum: System.Data.SqlClient.TdsParser.Run(RunBehavior runBehavior, SqlCommand cmdHandler, SqlDataReader dataStream, BulkCopySimpleResultSet bulkCopyHandler, TdsParserStateObject stateObj)
   konum: System.Data.SqlClient.SqlDataReader.ConsumeMetaData()
   konum: System.Data.SqlClient.SqlDataReader.get_MetaData()
   konum: System.Data.SqlClient.SqlCommand.FinishExecuteReader(SqlDataReader ds, RunBehavior runBehavior, String resetOptionsString)
   konum: System.Data.SqlClient.SqlCommand.RunExecuteReaderTds(CommandBehavior cmdBehavior, RunBehavior runBehavior, Boolean returnStream, Boolean async)
   konum: System.Data.SqlClient.SqlCommand.RunExecuteReader(CommandBehavior cmdBehavior, RunBehavior runBehavior, Boolean returnStream, String method, DbAsyncResult result)
   konum: System.Data.SqlClient.SqlCommand.RunExecuteReader(CommandBehavior cmdBehavior, RunBehavior runBehavior, Boolean returnStream, String method)
   konum: System.Data.SqlClient.SqlCommand.ExecuteReader(CommandBehavior behavior, String method)
   konum: System.Data.SqlClient.SqlCommand.ExecuteReader()
   konum: AvukatProLib.OzelKodReferans.OzelKodReferans.GetIcraOzelKodReferans(String connectionstring) d:\dogan\AdimAdimDavaKaydi\AvukatProLib\OzelKodReferans.cs içinde: satýr 930 Void OnError(System.Data.SqlClient.SqlException, Boolean)    konum: System.Data.SqlClient.SqlConnection.OnError(SqlException exception, Boolean breakConnection)
   konum: System.Data.SqlClient.TdsParser.ThrowExceptionAndWarning(TdsParserStateObject stateObj)
   konum: System.Data.SqlClient.TdsParser.Run(RunBehavior runBehavior, SqlCommand cmdHandler, SqlDataReader dataStream, BulkCopySimpleResultSet bulkCopyHandler, TdsParserStateObject stateObj)
   konum: System.Data.SqlClient.SqlDataReader.ConsumeMetaData()
   konum: System.Data.SqlClient.SqlDataReader.get_MetaData()
   konum: System.Data.SqlClient.SqlCommand.FinishExecuteReader(SqlDataReader ds, RunBehavior runBehavior, String resetOptionsString)
   konum: System.Data.SqlClient.SqlCommand.RunExecuteReaderTds(CommandBehavior cmdBehavior, RunBehavior runBehavior, Boolean returnStream, Boolean async)
   konum: System.Data.SqlClient.SqlCommand.RunExecuteReader(CommandBehavior cmdBehavior, RunBehavior runBehavior, Boolean returnStream, String method, DbAsyncResult result)
   konum: System.Data.SqlClient.SqlCommand.RunExecuteReader(CommandBehavior cmdBehavior, RunBehavior runBehavior, Boolean returnStream, String method)
   konum: System.Data.SqlClient.SqlCommand.ExecuteReader(CommandBehavior behavior, String method)
   konum: System.Data.SqlClient.SqlCommand.ExecuteReader()
   konum: AvukatProLib.OzelKodReferans.OzelKodReferans.GetIcraOzelKodReferans(String connectionstring) d:\dogan\AdimAdimDavaKaydi\AvukatProLib\OzelKodReferans.cs içinde: satýr 930
2015-10-15 09:28:27.6399 hata 
 Invalid object name 'OZEL_KOD_VE_REFERANSLAR_SORUSTURMA'. System.Data.SqlClient.SqlException SqlException System.Data.SqlClient.SqlException: Invalid object name 'OZEL_KOD_VE_REFERANSLAR_SORUSTURMA'.
   konum: System.Data.SqlClient.SqlConnection.OnError(SqlException exception, Boolean breakConnection)
   konum: System.Data.SqlClient.TdsParser.ThrowExceptionAndWarning(TdsParserStateObject stateObj)
   konum: System.Data.SqlClient.TdsParser.Run(RunBehavior runBehavior, SqlCommand cmdHandler, SqlDataReader dataStream, BulkCopySimpleResultSet bulkCopyHandler, TdsParserStateObject stateObj)
   konum: System.Data.SqlClient.SqlDataReader.ConsumeMetaData()
   konum: System.Data.SqlClient.SqlDataReader.get_MetaData()
   konum: System.Data.SqlClient.SqlCommand.FinishExecuteReader(SqlDataReader ds, RunBehavior runBehavior, String resetOptionsString)
   konum: System.Data.SqlClient.SqlCommand.RunExecuteReaderTds(CommandBehavior cmdBehavior, RunBehavior runBehavior, Boolean returnStream, Boolean async)
   konum: System.Data.SqlClient.SqlCommand.RunExecuteReader(CommandBehavior cmdBehavior, RunBehavior runBehavior, Boolean returnStream, String method, DbAsyncResult result)
   konum: System.Data.SqlClient.SqlCommand.RunExecuteReader(CommandBehavior cmdBehavior, RunBehavior runBehavior, Boolean returnStream, String method)
   konum: System.Data.SqlClient.SqlCommand.ExecuteReader(CommandBehavior behavior, String method)
   konum: System.Data.SqlClient.SqlCommand.ExecuteReader()
   konum: AvukatProLib.OzelKodReferans.OzelKodReferans.GetSorusturmaOzelKodReferans(String connectionstring) d:\dogan\AdimAdimDavaKaydi\AvukatProLib\OzelKodReferans.cs içinde: satýr 1063 Void OnError(System.Data.SqlClient.SqlException, Boolean)    konum: System.Data.SqlClient.SqlConnection.OnError(SqlException exception, Boolean breakConnection)
   konum: System.Data.SqlClient.TdsParser.ThrowExceptionAndWarning(TdsParserStateObject stateObj)
   konum: System.Data.SqlClient.TdsParser.Run(RunBehavior runBehavior, SqlCommand cmdHandler, SqlDataReader dataStream, BulkCopySimpleResultSet bulkCopyHandler, TdsParserStateObject stateObj)
   konum: System.Data.SqlClient.SqlDataReader.ConsumeMetaData()
   konum: System.Data.SqlClient.SqlDataReader.get_MetaData()
   konum: System.Data.SqlClient.SqlCommand.FinishExecuteReader(SqlDataReader ds, RunBehavior runBehavior, String resetOptionsString)
   konum: System.Data.SqlClient.SqlCommand.RunExecuteReaderTds(CommandBehavior cmdBehavior, RunBehavior runBehavior, Boolean returnStream, Boolean async)
   konum: System.Data.SqlClient.SqlCommand.RunExecuteReader(CommandBehavior cmdBehavior, RunBehavior runBehavior, Boolean returnStream, String method, DbAsyncResult result)
   konum: System.Data.SqlClient.SqlCommand.RunExecuteReader(CommandBehavior cmdBehavior, RunBehavior runBehavior, Boolean returnStream, String method)
   konum: System.Data.SqlClient.SqlCommand.ExecuteReader(CommandBehavior behavior, String method)
   konum: System.Data.SqlClient.SqlCommand.ExecuteReader()
   konum: AvukatProLib.OzelKodReferans.OzelKodReferans.GetSorusturmaOzelKodReferans(String connectionstring) d:\dogan\AdimAdimDavaKaydi\AvukatProLib\OzelKodReferans.cs içinde: satýr 1063
2015-10-15 09:28:27.6529 hata 
 Invalid object name 'OZEL_KOD_VE_REFERANSLAR_SOZLESME'. System.Data.SqlClient.SqlException SqlException System.Data.SqlClient.SqlException: Invalid object name 'OZEL_KOD_VE_REFERANSLAR_SOZLESME'.
   konum: System.Data.SqlClient.SqlConnection.OnError(SqlException exception, Boolean breakConnection)
   konum: System.Data.SqlClient.TdsParser.ThrowExceptionAndWarning(TdsParserStateObject stateObj)
   konum: System.Data.SqlClient.TdsParser.Run(RunBehavior runBehavior, SqlCommand cmdHandler, SqlDataReader dataStream, BulkCopySimpleResultSet bulkCopyHandler, TdsParserStateObject stateObj)
   konum: System.Data.SqlClient.SqlDataReader.ConsumeMetaData()
   konum: System.Data.SqlClient.SqlDataReader.get_MetaData()
   konum: System.Data.SqlClient.SqlCommand.FinishExecuteReader(SqlDataReader ds, RunBehavior runBehavior, String resetOptionsString)
   konum: System.Data.SqlClient.SqlCommand.RunExecuteReaderTds(CommandBehavior cmdBehavior, RunBehavior runBehavior, Boolean returnStream, Boolean async)
   konum: System.Data.SqlClient.SqlCommand.RunExecuteReader(CommandBehavior cmdBehavior, RunBehavior runBehavior, Boolean returnStream, String method, DbAsyncResult result)
   konum: System.Data.SqlClient.SqlCommand.RunExecuteReader(CommandBehavior cmdBehavior, RunBehavior runBehavior, Boolean returnStream, String method)
   konum: System.Data.SqlClient.SqlCommand.ExecuteReader(CommandBehavior behavior, String method)
   konum: System.Data.SqlClient.SqlCommand.ExecuteReader()
   konum: AvukatProLib.OzelKodReferans.OzelKodReferans.GetSozlesmeOzelKodReferans(String connectionstring) d:\dogan\AdimAdimDavaKaydi\AvukatProLib\OzelKodReferans.cs içinde: satýr 1139 Void OnError(System.Data.SqlClient.SqlException, Boolean)    konum: System.Data.SqlClient.SqlConnection.OnError(SqlException exception, Boolean breakConnection)
   konum: System.Data.SqlClient.TdsParser.ThrowExceptionAndWarning(TdsParserStateObject stateObj)
   konum: System.Data.SqlClient.TdsParser.Run(RunBehavior runBehavior, SqlCommand cmdHandler, SqlDataReader dataStream, BulkCopySimpleResultSet bulkCopyHandler, TdsParserStateObject stateObj)
   konum: System.Data.SqlClient.SqlDataReader.ConsumeMetaData()
   konum: System.Data.SqlClient.SqlDataReader.get_MetaData()
   konum: System.Data.SqlClient.SqlCommand.FinishExecuteReader(SqlDataReader ds, RunBehavior runBehavior, String resetOptionsString)
   konum: System.Data.SqlClient.SqlCommand.RunExecuteReaderTds(CommandBehavior cmdBehavior, RunBehavior runBehavior, Boolean returnStream, Boolean async)
   konum: System.Data.SqlClient.SqlCommand.RunExecuteReader(CommandBehavior cmdBehavior, RunBehavior runBehavior, Boolean returnStream, String method, DbAsyncResult result)
   konum: System.Data.SqlClient.SqlCommand.RunExecuteReader(CommandBehavior cmdBehavior, RunBehavior runBehavior, Boolean returnStream, String method)
   konum: System.Data.SqlClient.SqlCommand.ExecuteReader(CommandBehavior behavior, String method)
   konum: System.Data.SqlClient.SqlCommand.ExecuteReader()
   konum: AvukatProLib.OzelKodReferans.OzelKodReferans.GetSozlesmeOzelKodReferans(String connectionstring) d:\dogan\AdimAdimDavaKaydi\AvukatProLib\OzelKodReferans.cs içinde: satýr 1139
2015-10-15 09:28:27.6669 hata 
 Invalid object name 'OZEL_KOD_VE_REFERANSLAR_ORTAK_OZEL_DURUM'. System.Data.SqlClient.SqlException SqlException System.Data.SqlClient.SqlException: Invalid object name 'OZEL_KOD_VE_REFERANSLAR_ORTAK_OZEL_DURUM'.
   konum: System.Data.SqlClient.SqlConnection.OnError(SqlException exception, Boolean breakConnection)
   konum: System.Data.SqlClient.TdsParser.ThrowExceptionAndWarning(TdsParserStateObject stateObj)
   konum: System.Data.SqlClient.TdsParser.Run(RunBehavior runBehavior, SqlCommand cmdHandler, SqlDataReader dataStream, BulkCopySimpleResultSet bulkCopyHandler, TdsParserStateObject stateObj)
   konum: System.Data.SqlClient.SqlDataReader.ConsumeMetaData()
   konum: System.Data.SqlClient.SqlDataReader.get_MetaData()
   konum: System.Data.SqlClient.SqlCommand.FinishExecuteReader(SqlDataReader ds, RunBehavior runBehavior, String resetOptionsString)
   konum: System.Data.SqlClient.SqlCommand.RunExecuteReaderTds(CommandBehavior cmdBehavior, RunBehavior runBehavior, Boolean returnStream, Boolean async)
   konum: System.Data.SqlClient.SqlCommand.RunExecuteReader(CommandBehavior cmdBehavior, RunBehavior runBehavior, Boolean returnStream, String method, DbAsyncResult result)
   konum: System.Data.SqlClient.SqlCommand.RunExecuteReader(CommandBehavior cmdBehavior, RunBehavior runBehavior, Boolean returnStream, String method)
   konum: System.Data.SqlClient.SqlCommand.ExecuteReader(CommandBehavior behavior, String method)
   konum: System.Data.SqlClient.SqlCommand.ExecuteReader()
   konum: AvukatProLib.OzelKodReferans.OzelKodReferans.GetOrtakOzelKodReferans(String connectionstring) d:\dogan\AdimAdimDavaKaydi\AvukatProLib\OzelKodReferans.cs içinde: satýr 1380 Void OnError(System.Data.SqlClient.SqlException, Boolean)    konum: System.Data.SqlClient.SqlConnection.OnError(SqlException exception, Boolean breakConnection)
   konum: System.Data.SqlClient.TdsParser.ThrowExceptionAndWarning(TdsParserStateObject stateObj)
   konum: System.Data.SqlClient.TdsParser.Run(RunBehavior runBehavior, SqlCommand cmdHandler, SqlDataReader dataStream, BulkCopySimpleResultSet bulkCopyHandler, TdsParserStateObject stateObj)
   konum: System.Data.SqlClient.SqlDataReader.ConsumeMetaData()
   konum: System.Data.SqlClient.SqlDataReader.get_MetaData()
   konum: System.Data.SqlClient.SqlCommand.FinishExecuteReader(SqlDataReader ds, RunBehavior runBehavior, String resetOptionsString)
   konum: System.Data.SqlClient.SqlCommand.RunExecuteReaderTds(CommandBehavior cmdBehavior, RunBehavior runBehavior, Boolean returnStream, Boolean async)
   konum: System.Data.SqlClient.SqlCommand.RunExecuteReader(CommandBehavior cmdBehavior, RunBehavior runBehavior, Boolean returnStream, String method, DbAsyncResult result)
   konum: System.Data.SqlClient.SqlCommand.RunExecuteReader(CommandBehavior cmdBehavior, RunBehavior runBehavior, Boolean returnStream, String method)
   konum: System.Data.SqlClient.SqlCommand.ExecuteReader(CommandBehavior behavior, String method)
   konum: System.Data.SqlClient.SqlCommand.ExecuteReader()
   konum: AvukatProLib.OzelKodReferans.OzelKodReferans.GetOrtakOzelKodReferans(String connectionstring) d:\dogan\AdimAdimDavaKaydi\AvukatProLib\OzelKodReferans.cs içinde: satýr 1380
2015-10-15 09:35:31.7492 Hata 
 'System.DBNull' türündeki nesne 'System.String' türüne atýlamadý. System.InvalidCastException InvalidCastException System.InvalidCastException: 'System.DBNull' türündeki nesne 'System.String' türüne atýlamadý.
   konum: AvukatProLib2.Data.Bases.per_AV001_TDI_BIL_CARIProviderBaseCore.Fill(IDataReader reader, VList`1 rows, Int32 start, Int32 pageLength)
   konum: AvukatProLib2.Data.SqlClient.Sqlper_AV001_TDI_BIL_CARIProviderBase.Get(TransactionManager transactionManager, String whereClause, String orderBy, Int32 start, Int32 pageLength, Int32& count)
   konum: AvukatProLib2.Data.Bases.EntityViewProviderBaseCore`1.Get(TransactionManager transactionManager, String whereClause, String orderBy, Int32 start, Int32 pageLength)
   konum: AvukatProLib2.Data.Bases.EntityViewProviderBaseCore`1.Get(String whereClause, String orderBy, Int32 start, Int32 pageLength)
   konum: AvukatProLib2.Data.Bases.EntityViewProviderBaseCore`1.Get(String whereClause, String orderBy)
   konum: BelgeUtil.Inits.CariPersonelGetir(RepositoryItemLookUpEdit lue) d:\dogan\AdimAdimDavaKaydi\BelgeUtil\Inits.Ext.cs içinde: satýr 486
   konum: AdimAdimDavaKaydi.UserControls.ucGorusmeKayit.ucGorusmeKayit_Load(Object sender, EventArgs e) d:\dogan\AdimAdimDavaKaydi\AdimAdimDavaKaydi\UserControls\ucGorusmeKayit.cs içinde: satýr 49
   konum: System.Windows.Forms.UserControl.OnLoad(EventArgs e)
   konum: DevExpress.XtraEditors.XtraUserControl.OnLoad(EventArgs e)
   konum: System.Windows.Forms.Control.CreateControl(Boolean fIgnoreVisible)
   konum: System.Windows.Forms.Control.CreateControl(Boolean fIgnoreVisible)
   konum: System.Windows.Forms.Control.CreateControl(Boolean fIgnoreVisible)
   konum: System.Windows.Forms.Control.CreateControl(Boolean fIgnoreVisible)
   konum: System.Windows.Forms.Control.CreateControl(Boolean fIgnoreVisible)
   konum: System.Windows.Forms.Control.CreateControl()
   konum: System.Windows.Forms.Control.WmShowWindow(Message& m)
   konum: System.Windows.Forms.Control.WndProc(Message& m)
   konum: DevExpress.XtraEditors.XtraForm.WndProc(Message& msg)
   konum: System.Windows.Forms.Control.ControlNativeWindow.WndProc(Message& m)
   konum: System.Windows.Forms.NativeWindow.Callback(IntPtr hWnd, Int32 msg, IntPtr wparam, IntPtr lparam) AvukatProLib2.Entities.VList`1[AvukatProLib2.Entities.per_AV001_TDI_BIL_CARI] Fill(System.Data.IDataReader, AvukatProLib2.Entities.VList`1[AvukatProLib2.Entities.per_AV001_TDI_BIL_CARI], Int32, Int32)    konum: AvukatProLib2.Data.Bases.per_AV001_TDI_BIL_CARIProviderBaseCore.Fill(IDataReader reader, VList`1 rows, Int32 start, Int32 pageLength)
   konum: AvukatProLib2.Data.SqlClient.Sqlper_AV001_TDI_BIL_CARIProviderBase.Get(TransactionManager transactionManager, String whereClause, String orderBy, Int32 start, Int32 pageLength, Int32& count)
   konum: AvukatProLib2.Data.Bases.EntityViewProviderBaseCore`1.Get(TransactionManager transactionManager, String whereClause, String orderBy, Int32 start, Int32 pageLength)
   konum: AvukatProLib2.Data.Bases.EntityViewProviderBaseCore`1.Get(String whereClause, String orderBy, Int32 start, Int32 pageLength)
   konum: AvukatProLib2.Data.Bases.EntityViewProviderBaseCore`1.Get(String whereClause, String orderBy)
   konum: BelgeUtil.Inits.CariPersonelGetir(RepositoryItemLookUpEdit lue) d:\dogan\AdimAdimDavaKaydi\BelgeUtil\Inits.Ext.cs içinde: satýr 486
   konum: AdimAdimDavaKaydi.UserControls.ucGorusmeKayit.ucGorusmeKayit_Load(Object sender, EventArgs e) d:\dogan\AdimAdimDavaKaydi\AdimAdimDavaKaydi\UserControls\ucGorusmeKayit.cs içinde: satýr 49
   konum: System.Windows.Forms.UserControl.OnLoad(EventArgs e)
   konum: DevExpress.XtraEditors.XtraUserControl.OnLoad(EventArgs e)
   konum: System.Windows.Forms.Control.CreateControl(Boolean fIgnoreVisible)
   konum: System.Windows.Forms.Control.CreateControl(Boolean fIgnoreVisible)
   konum: System.Windows.Forms.Control.CreateControl(Boolean fIgnoreVisible)
   konum: System.Windows.Forms.Control.CreateControl(Boolean fIgnoreVisible)
   konum: System.Windows.Forms.Control.CreateControl(Boolean fIgnoreVisible)
   konum: System.Windows.Forms.Control.CreateControl()
   konum: System.Windows.Forms.Control.WmShowWindow(Message& m)
   konum: System.Windows.Forms.Control.WndProc(Message& m)
   konum: DevExpress.XtraEditors.XtraForm.WndProc(Message& msg)
   konum: System.Windows.Forms.Control.ControlNativeWindow.WndProc(Message& m)
   konum: System.Windows.Forms.NativeWindow.Callback(IntPtr hWnd, Int32 msg, IntPtr wparam, IntPtr lparam)
2015-10-15 09:57:12.9656 Hata 
 'System.DBNull' türündeki nesne 'System.String' türüne atýlamadý. System.InvalidCastException InvalidCastException System.InvalidCastException: 'System.DBNull' türündeki nesne 'System.String' türüne atýlamadý.
   konum: AvukatProLib2.Data.Bases.per_AV001_TDI_BIL_CARIProviderBaseCore.Fill(IDataReader reader, VList`1 rows, Int32 start, Int32 pageLength)
   konum: AvukatProLib2.Data.SqlClient.Sqlper_AV001_TDI_BIL_CARIProviderBase.Get(TransactionManager transactionManager, String whereClause, String orderBy, Int32 start, Int32 pageLength, Int32& count)
   konum: AvukatProLib2.Data.Bases.EntityViewProviderBaseCore`1.Get(TransactionManager transactionManager, String whereClause, String orderBy, Int32 start, Int32 pageLength)
   konum: AvukatProLib2.Data.Bases.EntityViewProviderBaseCore`1.Get(String whereClause, String orderBy, Int32 start, Int32 pageLength)
   konum: AvukatProLib2.Data.Bases.EntityViewProviderBaseCore`1.Get(String whereClause, String orderBy)
   konum: BelgeUtil.Inits.CariPersonelGetir(RepositoryItemLookUpEdit lue) d:\dogan\AdimAdimDavaKaydi\BelgeUtil\Inits.Ext.cs içinde: satýr 486
   konum: AdimAdimDavaKaydi.UserControls.ucGorusmeKayit.ucGorusmeKayit_Load(Object sender, EventArgs e) d:\dogan\AdimAdimDavaKaydi\AdimAdimDavaKaydi\UserControls\ucGorusmeKayit.cs içinde: satýr 49
   konum: System.Windows.Forms.UserControl.OnLoad(EventArgs e)
   konum: DevExpress.XtraEditors.XtraUserControl.OnLoad(EventArgs e)
   konum: System.Windows.Forms.Control.CreateControl(Boolean fIgnoreVisible)
   konum: System.Windows.Forms.Control.CreateControl(Boolean fIgnoreVisible)
   konum: System.Windows.Forms.Control.CreateControl(Boolean fIgnoreVisible)
   konum: System.Windows.Forms.Control.CreateControl(Boolean fIgnoreVisible)
   konum: System.Windows.Forms.Control.CreateControl(Boolean fIgnoreVisible)
   konum: System.Windows.Forms.Control.CreateControl()
   konum: System.Windows.Forms.Control.WmShowWindow(Message& m)
   konum: System.Windows.Forms.Control.WndProc(Message& m)
   konum: DevExpress.XtraEditors.XtraForm.WndProc(Message& msg)
   konum: System.Windows.Forms.Control.ControlNativeWindow.WndProc(Message& m)
   konum: System.Windows.Forms.NativeWindow.Callback(IntPtr hWnd, Int32 msg, IntPtr wparam, IntPtr lparam) AvukatProLib2.Entities.VList`1[AvukatProLib2.Entities.per_AV001_TDI_BIL_CARI] Fill(System.Data.IDataReader, AvukatProLib2.Entities.VList`1[AvukatProLib2.Entities.per_AV001_TDI_BIL_CARI], Int32, Int32)    konum: AvukatProLib2.Data.Bases.per_AV001_TDI_BIL_CARIProviderBaseCore.Fill(IDataReader reader, VList`1 rows, Int32 start, Int32 pageLength)
   konum: AvukatProLib2.Data.SqlClient.Sqlper_AV001_TDI_BIL_CARIProviderBase.Get(TransactionManager transactionManager, String whereClause, String orderBy, Int32 start, Int32 pageLength, Int32& count)
   konum: AvukatProLib2.Data.Bases.EntityViewProviderBaseCore`1.Get(TransactionManager transactionManager, String whereClause, String orderBy, Int32 start, Int32 pageLength)
   konum: AvukatProLib2.Data.Bases.EntityViewProviderBaseCore`1.Get(String whereClause, String orderBy, Int32 start, Int32 pageLength)
   konum: AvukatProLib2.Data.Bases.EntityViewProviderBaseCore`1.Get(String whereClause, String orderBy)
   konum: BelgeUtil.Inits.CariPersonelGetir(RepositoryItemLookUpEdit lue) d:\dogan\AdimAdimDavaKaydi\BelgeUtil\Inits.Ext.cs içinde: satýr 486
   konum: AdimAdimDavaKaydi.UserControls.ucGorusmeKayit.ucGorusmeKayit_Load(Object sender, EventArgs e) d:\dogan\AdimAdimDavaKaydi\AdimAdimDavaKaydi\UserControls\ucGorusmeKayit.cs içinde: satýr 49
   konum: System.Windows.Forms.UserControl.OnLoad(EventArgs e)
   konum: DevExpress.XtraEditors.XtraUserControl.OnLoad(EventArgs e)
   konum: System.Windows.Forms.Control.CreateControl(Boolean fIgnoreVisible)
   konum: System.Windows.Forms.Control.CreateControl(Boolean fIgnoreVisible)
   konum: System.Windows.Forms.Control.CreateControl(Boolean fIgnoreVisible)
   konum: System.Windows.Forms.Control.CreateControl(Boolean fIgnoreVisible)
   konum: System.Windows.Forms.Control.CreateControl(Boolean fIgnoreVisible)
   konum: System.Windows.Forms.Control.CreateControl()
   konum: System.Windows.Forms.Control.WmShowWindow(Message& m)
   konum: System.Windows.Forms.Control.WndProc(Message& m)
   konum: DevExpress.XtraEditors.XtraForm.WndProc(Message& msg)
   konum: System.Windows.Forms.Control.ControlNativeWindow.WndProc(Message& m)
   konum: System.Windows.Forms.NativeWindow.Callback(IntPtr hWnd, Int32 msg, IntPtr wparam, IntPtr lparam)
2015-10-15 09:59:58.8441 Hata 
 'System.DBNull' türündeki nesne 'System.String' türüne atýlamadý. System.InvalidCastException InvalidCastException System.InvalidCastException: 'System.DBNull' türündeki nesne 'System.String' türüne atýlamadý.
   konum: AvukatProLib2.Data.Bases.per_AV001_TDI_BIL_CARIProviderBaseCore.Fill(IDataReader reader, VList`1 rows, Int32 start, Int32 pageLength)
   konum: AvukatProLib2.Data.SqlClient.Sqlper_AV001_TDI_BIL_CARIProviderBase.Get(TransactionManager transactionManager, String whereClause, String orderBy, Int32 start, Int32 pageLength, Int32& count)
   konum: AvukatProLib2.Data.Bases.EntityViewProviderBaseCore`1.Get(TransactionManager transactionManager, String whereClause, String orderBy, Int32 start, Int32 pageLength)
   konum: AvukatProLib2.Data.Bases.EntityViewProviderBaseCore`1.Get(String whereClause, String orderBy, Int32 start, Int32 pageLength)
   konum: AvukatProLib2.Data.Bases.EntityViewProviderBaseCore`1.Get(String whereClause, String orderBy)
   konum: BelgeUtil.Inits.CariPersonelGetir(RepositoryItemLookUpEdit lue) d:\dogan\AdimAdimDavaKaydi\BelgeUtil\Inits.Ext.cs içinde: satýr 486
   konum: AdimAdimDavaKaydi.UserControls.ucGorusmeKayit.ucGorusmeKayit_Load(Object sender, EventArgs e) d:\dogan\AdimAdimDavaKaydi\AdimAdimDavaKaydi\UserControls\ucGorusmeKayit.cs içinde: satýr 49
   konum: System.Windows.Forms.UserControl.OnLoad(EventArgs e)
   konum: DevExpress.XtraEditors.XtraUserControl.OnLoad(EventArgs e)
   konum: System.Windows.Forms.Control.CreateControl(Boolean fIgnoreVisible)
   konum: System.Windows.Forms.Control.CreateControl(Boolean fIgnoreVisible)
   konum: System.Windows.Forms.Control.CreateControl(Boolean fIgnoreVisible)
   konum: System.Windows.Forms.Control.CreateControl(Boolean fIgnoreVisible)
   konum: System.Windows.Forms.Control.CreateControl(Boolean fIgnoreVisible)
   konum: System.Windows.Forms.Control.CreateControl()
   konum: System.Windows.Forms.Control.WmShowWindow(Message& m)
   konum: System.Windows.Forms.Control.WndProc(Message& m)
   konum: DevExpress.XtraEditors.XtraForm.WndProc(Message& msg)
   konum: System.Windows.Forms.Control.ControlNativeWindow.WndProc(Message& m)
   konum: System.Windows.Forms.NativeWindow.Callback(IntPtr hWnd, Int32 msg, IntPtr wparam, IntPtr lparam) AvukatProLib2.Entities.VList`1[AvukatProLib2.Entities.per_AV001_TDI_BIL_CARI] Fill(System.Data.IDataReader, AvukatProLib2.Entities.VList`1[AvukatProLib2.Entities.per_AV001_TDI_BIL_CARI], Int32, Int32)    konum: AvukatProLib2.Data.Bases.per_AV001_TDI_BIL_CARIProviderBaseCore.Fill(IDataReader reader, VList`1 rows, Int32 start, Int32 pageLength)
   konum: AvukatProLib2.Data.SqlClient.Sqlper_AV001_TDI_BIL_CARIProviderBase.Get(TransactionManager transactionManager, String whereClause, String orderBy, Int32 start, Int32 pageLength, Int32& count)
   konum: AvukatProLib2.Data.Bases.EntityViewProviderBaseCore`1.Get(TransactionManager transactionManager, String whereClause, String orderBy, Int32 start, Int32 pageLength)
   konum: AvukatProLib2.Data.Bases.EntityViewProviderBaseCore`1.Get(String whereClause, String orderBy, Int32 start, Int32 pageLength)
   konum: AvukatProLib2.Data.Bases.EntityViewProviderBaseCore`1.Get(String whereClause, String orderBy)
   konum: BelgeUtil.Inits.CariPersonelGetir(RepositoryItemLookUpEdit lue) d:\dogan\AdimAdimDavaKaydi\BelgeUtil\Inits.Ext.cs içinde: satýr 486
   konum: AdimAdimDavaKaydi.UserControls.ucGorusmeKayit.ucGorusmeKayit_Load(Object sender, EventArgs e) d:\dogan\AdimAdimDavaKaydi\AdimAdimDavaKaydi\UserControls\ucGorusmeKayit.cs içinde: satýr 49
   konum: System.Windows.Forms.UserControl.OnLoad(EventArgs e)
   konum: DevExpress.XtraEditors.XtraUserControl.OnLoad(EventArgs e)
   konum: System.Windows.Forms.Control.CreateControl(Boolean fIgnoreVisible)
   konum: System.Windows.Forms.Control.CreateControl(Boolean fIgnoreVisible)
   konum: System.Windows.Forms.Control.CreateControl(Boolean fIgnoreVisible)
   konum: System.Windows.Forms.Control.CreateControl(Boolean fIgnoreVisible)
   konum: System.Windows.Forms.Control.CreateControl(Boolean fIgnoreVisible)
   konum: System.Windows.Forms.Control.CreateControl()
   konum: System.Windows.Forms.Control.WmShowWindow(Message& m)
   konum: System.Windows.Forms.Control.WndProc(Message& m)
   konum: DevExpress.XtraEditors.XtraForm.WndProc(Message& msg)
   konum: System.Windows.Forms.Control.ControlNativeWindow.WndProc(Message& m)
   konum: System.Windows.Forms.NativeWindow.Callback(IntPtr hWnd, Int32 msg, IntPtr wparam, IntPtr lparam)
2015-10-15 10:02:41.0904 Hata 
 'System.DBNull' türündeki nesne 'System.String' türüne atýlamadý. System.InvalidCastException InvalidCastException System.InvalidCastException: 'System.DBNull' türündeki nesne 'System.String' türüne atýlamadý.
   konum: AvukatProLib2.Data.Bases.per_AV001_TDI_BIL_CARIProviderBaseCore.Fill(IDataReader reader, VList`1 rows, Int32 start, Int32 pageLength)
   konum: AvukatProLib2.Data.SqlClient.Sqlper_AV001_TDI_BIL_CARIProviderBase.Get(TransactionManager transactionManager, String whereClause, String orderBy, Int32 start, Int32 pageLength, Int32& count)
   konum: AvukatProLib2.Data.Bases.EntityViewProviderBaseCore`1.Get(TransactionManager transactionManager, String whereClause, String orderBy, Int32 start, Int32 pageLength)
   konum: AvukatProLib2.Data.Bases.EntityViewProviderBaseCore`1.Get(String whereClause, String orderBy, Int32 start, Int32 pageLength)
   konum: AvukatProLib2.Data.Bases.EntityViewProviderBaseCore`1.Get(String whereClause, String orderBy)
   konum: BelgeUtil.Inits.CariPersonelGetir(RepositoryItemLookUpEdit lue) d:\dogan\AdimAdimDavaKaydi\BelgeUtil\Inits.Ext.cs içinde: satýr 486
   konum: AdimAdimDavaKaydi.UserControls.ucGorusmeKayit.ucGorusmeKayit_Load(Object sender, EventArgs e) d:\dogan\AdimAdimDavaKaydi\AdimAdimDavaKaydi\UserControls\ucGorusmeKayit.cs içinde: satýr 49
   konum: System.Windows.Forms.UserControl.OnLoad(EventArgs e)
   konum: DevExpress.XtraEditors.XtraUserControl.OnLoad(EventArgs e)
   konum: System.Windows.Forms.Control.CreateControl(Boolean fIgnoreVisible)
   konum: System.Windows.Forms.Control.CreateControl(Boolean fIgnoreVisible)
   konum: System.Windows.Forms.Control.CreateControl(Boolean fIgnoreVisible)
   konum: System.Windows.Forms.Control.CreateControl(Boolean fIgnoreVisible)
   konum: System.Windows.Forms.Control.CreateControl(Boolean fIgnoreVisible)
   konum: System.Windows.Forms.Control.CreateControl()
   konum: System.Windows.Forms.Control.WmShowWindow(Message& m)
   konum: System.Windows.Forms.Control.WndProc(Message& m)
   konum: DevExpress.XtraEditors.XtraForm.WndProc(Message& msg)
   konum: System.Windows.Forms.Control.ControlNativeWindow.WndProc(Message& m)
   konum: System.Windows.Forms.NativeWindow.Callback(IntPtr hWnd, Int32 msg, IntPtr wparam, IntPtr lparam) AvukatProLib2.Entities.VList`1[AvukatProLib2.Entities.per_AV001_TDI_BIL_CARI] Fill(System.Data.IDataReader, AvukatProLib2.Entities.VList`1[AvukatProLib2.Entities.per_AV001_TDI_BIL_CARI], Int32, Int32)    konum: AvukatProLib2.Data.Bases.per_AV001_TDI_BIL_CARIProviderBaseCore.Fill(IDataReader reader, VList`1 rows, Int32 start, Int32 pageLength)
   konum: AvukatProLib2.Data.SqlClient.Sqlper_AV001_TDI_BIL_CARIProviderBase.Get(TransactionManager transactionManager, String whereClause, String orderBy, Int32 start, Int32 pageLength, Int32& count)
   konum: AvukatProLib2.Data.Bases.EntityViewProviderBaseCore`1.Get(TransactionManager transactionManager, String whereClause, String orderBy, Int32 start, Int32 pageLength)
   konum: AvukatProLib2.Data.Bases.EntityViewProviderBaseCore`1.Get(String whereClause, String orderBy, Int32 start, Int32 pageLength)
   konum: AvukatProLib2.Data.Bases.EntityViewProviderBaseCore`1.Get(String whereClause, String orderBy)
   konum: BelgeUtil.Inits.CariPersonelGetir(RepositoryItemLookUpEdit lue) d:\dogan\AdimAdimDavaKaydi\BelgeUtil\Inits.Ext.cs içinde: satýr 486
   konum: AdimAdimDavaKaydi.UserControls.ucGorusmeKayit.ucGorusmeKayit_Load(Object sender, EventArgs e) d:\dogan\AdimAdimDavaKaydi\AdimAdimDavaKaydi\UserControls\ucGorusmeKayit.cs içinde: satýr 49
   konum: System.Windows.Forms.UserControl.OnLoad(EventArgs e)
   konum: DevExpress.XtraEditors.XtraUserControl.OnLoad(EventArgs e)
   konum: System.Windows.Forms.Control.CreateControl(Boolean fIgnoreVisible)
   konum: System.Windows.Forms.Control.CreateControl(Boolean fIgnoreVisible)
   konum: System.Windows.Forms.Control.CreateControl(Boolean fIgnoreVisible)
   konum: System.Windows.Forms.Control.CreateControl(Boolean fIgnoreVisible)
   konum: System.Windows.Forms.Control.CreateControl(Boolean fIgnoreVisible)
   konum: System.Windows.Forms.Control.CreateControl()
   konum: System.Windows.Forms.Control.WmShowWindow(Message& m)
   konum: System.Windows.Forms.Control.WndProc(Message& m)
   konum: DevExpress.XtraEditors.XtraForm.WndProc(Message& msg)
   konum: System.Windows.Forms.Control.ControlNativeWindow.WndProc(Message& m)
   konum: System.Windows.Forms.NativeWindow.Callback(IntPtr hWnd, Int32 msg, IntPtr wparam, IntPtr lparam)
2015-10-15 11:44:43.6086 hata 
 Invalid object name 'OZEL_KOD_VE_REFERANSLAR_DAVA'. System.Data.SqlClient.SqlException SqlException System.Data.SqlClient.SqlException: Invalid object name 'OZEL_KOD_VE_REFERANSLAR_DAVA'.
   konum: System.Data.SqlClient.SqlConnection.OnError(SqlException exception, Boolean breakConnection)
   konum: System.Data.SqlClient.TdsParser.ThrowExceptionAndWarning(TdsParserStateObject stateObj)
   konum: System.Data.SqlClient.TdsParser.Run(RunBehavior runBehavior, SqlCommand cmdHandler, SqlDataReader dataStream, BulkCopySimpleResultSet bulkCopyHandler, TdsParserStateObject stateObj)
   konum: System.Data.SqlClient.SqlDataReader.ConsumeMetaData()
   konum: System.Data.SqlClient.SqlDataReader.get_MetaData()
   konum: System.Data.SqlClient.SqlCommand.FinishExecuteReader(SqlDataReader ds, RunBehavior runBehavior, String resetOptionsString)
   konum: System.Data.SqlClient.SqlCommand.RunExecuteReaderTds(CommandBehavior cmdBehavior, RunBehavior runBehavior, Boolean returnStream, Boolean async)
   konum: System.Data.SqlClient.SqlCommand.RunExecuteReader(CommandBehavior cmdBehavior, RunBehavior runBehavior, Boolean returnStream, String method, DbAsyncResult result)
   konum: System.Data.SqlClient.SqlCommand.RunExecuteReader(CommandBehavior cmdBehavior, RunBehavior runBehavior, Boolean returnStream, String method)
   konum: System.Data.SqlClient.SqlCommand.ExecuteReader(CommandBehavior behavior, String method)
   konum: System.Data.SqlClient.SqlCommand.ExecuteReader()
   konum: AvukatProLib.OzelKodReferans.OzelKodReferans.GetDavaOzelKodReferans(String connectionstring) d:\dogan\AdimAdimDavaKaydi\AvukatProLib\OzelKodReferans.cs içinde: satýr 827 Void OnError(System.Data.SqlClient.SqlException, Boolean)    konum: System.Data.SqlClient.SqlConnection.OnError(SqlException exception, Boolean breakConnection)
   konum: System.Data.SqlClient.TdsParser.ThrowExceptionAndWarning(TdsParserStateObject stateObj)
   konum: System.Data.SqlClient.TdsParser.Run(RunBehavior runBehavior, SqlCommand cmdHandler, SqlDataReader dataStream, BulkCopySimpleResultSet bulkCopyHandler, TdsParserStateObject stateObj)
   konum: System.Data.SqlClient.SqlDataReader.ConsumeMetaData()
   konum: System.Data.SqlClient.SqlDataReader.get_MetaData()
   konum: System.Data.SqlClient.SqlCommand.FinishExecuteReader(SqlDataReader ds, RunBehavior runBehavior, String resetOptionsString)
   konum: System.Data.SqlClient.SqlCommand.RunExecuteReaderTds(CommandBehavior cmdBehavior, RunBehavior runBehavior, Boolean returnStream, Boolean async)
   konum: System.Data.SqlClient.SqlCommand.RunExecuteReader(CommandBehavior cmdBehavior, RunBehavior runBehavior, Boolean returnStream, String method, DbAsyncResult result)
   konum: System.Data.SqlClient.SqlCommand.RunExecuteReader(CommandBehavior cmdBehavior, RunBehavior runBehavior, Boolean returnStream, String method)
   konum: System.Data.SqlClient.SqlCommand.ExecuteReader(CommandBehavior behavior, String method)
   konum: System.Data.SqlClient.SqlCommand.ExecuteReader()
   konum: AvukatProLib.OzelKodReferans.OzelKodReferans.GetDavaOzelKodReferans(String connectionstring) d:\dogan\AdimAdimDavaKaydi\AvukatProLib\OzelKodReferans.cs içinde: satýr 827
2015-10-15 11:44:43.6426 hata 
 Invalid object name 'OZEL_KOD_VE_REFERANSLAR_ICRA'. System.Data.SqlClient.SqlException SqlException System.Data.SqlClient.SqlException: Invalid object name 'OZEL_KOD_VE_REFERANSLAR_ICRA'.
   konum: System.Data.SqlClient.SqlConnection.OnError(SqlException exception, Boolean breakConnection)
   konum: System.Data.SqlClient.TdsParser.ThrowExceptionAndWarning(TdsParserStateObject stateObj)
   konum: System.Data.SqlClient.TdsParser.Run(RunBehavior runBehavior, SqlCommand cmdHandler, SqlDataReader dataStream, BulkCopySimpleResultSet bulkCopyHandler, TdsParserStateObject stateObj)
   konum: System.Data.SqlClient.SqlDataReader.ConsumeMetaData()
   konum: System.Data.SqlClient.SqlDataReader.get_MetaData()
   konum: System.Data.SqlClient.SqlCommand.FinishExecuteReader(SqlDataReader ds, RunBehavior runBehavior, String resetOptionsString)
   konum: System.Data.SqlClient.SqlCommand.RunExecuteReaderTds(CommandBehavior cmdBehavior, RunBehavior runBehavior, Boolean returnStream, Boolean async)
   konum: System.Data.SqlClient.SqlCommand.RunExecuteReader(CommandBehavior cmdBehavior, RunBehavior runBehavior, Boolean returnStream, String method, DbAsyncResult result)
   konum: System.Data.SqlClient.SqlCommand.RunExecuteReader(CommandBehavior cmdBehavior, RunBehavior runBehavior, Boolean returnStream, String method)
   konum: System.Data.SqlClient.SqlCommand.ExecuteReader(CommandBehavior behavior, String method)
   konum: System.Data.SqlClient.SqlCommand.ExecuteReader()
   konum: AvukatProLib.OzelKodReferans.OzelKodReferans.GetIcraOzelKodReferans(String connectionstring) d:\dogan\AdimAdimDavaKaydi\AvukatProLib\OzelKodReferans.cs içinde: satýr 930 Void OnError(System.Data.SqlClient.SqlException, Boolean)    konum: System.Data.SqlClient.SqlConnection.OnError(SqlException exception, Boolean breakConnection)
   konum: System.Data.SqlClient.TdsParser.ThrowExceptionAndWarning(TdsParserStateObject stateObj)
   konum: System.Data.SqlClient.TdsParser.Run(RunBehavior runBehavior, SqlCommand cmdHandler, SqlDataReader dataStream, BulkCopySimpleResultSet bulkCopyHandler, TdsParserStateObject stateObj)
   konum: System.Data.SqlClient.SqlDataReader.ConsumeMetaData()
   konum: System.Data.SqlClient.SqlDataReader.get_MetaData()
   konum: System.Data.SqlClient.SqlCommand.FinishExecuteReader(SqlDataReader ds, RunBehavior runBehavior, String resetOptionsString)
   konum: System.Data.SqlClient.SqlCommand.RunExecuteReaderTds(CommandBehavior cmdBehavior, RunBehavior runBehavior, Boolean returnStream, Boolean async)
   konum: System.Data.SqlClient.SqlCommand.RunExecuteReader(CommandBehavior cmdBehavior, RunBehavior runBehavior, Boolean returnStream, String method, DbAsyncResult result)
   konum: System.Data.SqlClient.SqlCommand.RunExecuteReader(CommandBehavior cmdBehavior, RunBehavior runBehavior, Boolean returnStream, String method)
   konum: System.Data.SqlClient.SqlCommand.ExecuteReader(CommandBehavior behavior, String method)
   konum: System.Data.SqlClient.SqlCommand.ExecuteReader()
   konum: AvukatProLib.OzelKodReferans.OzelKodReferans.GetIcraOzelKodReferans(String connectionstring) d:\dogan\AdimAdimDavaKaydi\AvukatProLib\OzelKodReferans.cs içinde: satýr 930
2015-10-15 11:44:43.6426 hata 
 Invalid object name 'OZEL_KOD_VE_REFERANSLAR_SORUSTURMA'. System.Data.SqlClient.SqlException SqlException System.Data.SqlClient.SqlException: Invalid object name 'OZEL_KOD_VE_REFERANSLAR_SORUSTURMA'.
   konum: System.Data.SqlClient.SqlConnection.OnError(SqlException exception, Boolean breakConnection)
   konum: System.Data.SqlClient.TdsParser.ThrowExceptionAndWarning(TdsParserStateObject stateObj)
   konum: System.Data.SqlClient.TdsParser.Run(RunBehavior runBehavior, SqlCommand cmdHandler, SqlDataReader dataStream, BulkCopySimpleResultSet bulkCopyHandler, TdsParserStateObject stateObj)
   konum: System.Data.SqlClient.SqlDataReader.ConsumeMetaData()
   konum: System.Data.SqlClient.SqlDataReader.get_MetaData()
   konum: System.Data.SqlClient.SqlCommand.FinishExecuteReader(SqlDataReader ds, RunBehavior runBehavior, String resetOptionsString)
   konum: System.Data.SqlClient.SqlCommand.RunExecuteReaderTds(CommandBehavior cmdBehavior, RunBehavior runBehavior, Boolean returnStream, Boolean async)
   konum: System.Data.SqlClient.SqlCommand.RunExecuteReader(CommandBehavior cmdBehavior, RunBehavior runBehavior, Boolean returnStream, String method, DbAsyncResult result)
   konum: System.Data.SqlClient.SqlCommand.RunExecuteReader(CommandBehavior cmdBehavior, RunBehavior runBehavior, Boolean returnStream, String method)
   konum: System.Data.SqlClient.SqlCommand.ExecuteReader(CommandBehavior behavior, String method)
   konum: System.Data.SqlClient.SqlCommand.ExecuteReader()
   konum: AvukatProLib.OzelKodReferans.OzelKodReferans.GetSorusturmaOzelKodReferans(String connectionstring) d:\dogan\AdimAdimDavaKaydi\AvukatProLib\OzelKodReferans.cs içinde: satýr 1063 Void OnError(System.Data.SqlClient.SqlException, Boolean)    konum: System.Data.SqlClient.SqlConnection.OnError(SqlException exception, Boolean breakConnection)
   konum: System.Data.SqlClient.TdsParser.ThrowExceptionAndWarning(TdsParserStateObject stateObj)
   konum: System.Data.SqlClient.TdsParser.Run(RunBehavior runBehavior, SqlCommand cmdHandler, SqlDataReader dataStream, BulkCopySimpleResultSet bulkCopyHandler, TdsParserStateObject stateObj)
   konum: System.Data.SqlClient.SqlDataReader.ConsumeMetaData()
   konum: System.Data.SqlClient.SqlDataReader.get_MetaData()
   konum: System.Data.SqlClient.SqlCommand.FinishExecuteReader(SqlDataReader ds, RunBehavior runBehavior, String resetOptionsString)
   konum: System.Data.SqlClient.SqlCommand.RunExecuteReaderTds(CommandBehavior cmdBehavior, RunBehavior runBehavior, Boolean returnStream, Boolean async)
   konum: System.Data.SqlClient.SqlCommand.RunExecuteReader(CommandBehavior cmdBehavior, RunBehavior runBehavior, Boolean returnStream, String method, DbAsyncResult result)
   konum: System.Data.SqlClient.SqlCommand.RunExecuteReader(CommandBehavior cmdBehavior, RunBehavior runBehavior, Boolean returnStream, String method)
   konum: System.Data.SqlClient.SqlCommand.ExecuteReader(CommandBehavior behavior, String method)
   konum: System.Data.SqlClient.SqlCommand.ExecuteReader()
   konum: AvukatProLib.OzelKodReferans.OzelKodReferans.GetSorusturmaOzelKodReferans(String connectionstring) d:\dogan\AdimAdimDavaKaydi\AvukatProLib\OzelKodReferans.cs içinde: satýr 1063
2015-10-15 11:44:43.6566 hata 
 Invalid object name 'OZEL_KOD_VE_REFERANSLAR_SOZLESME'. System.Data.SqlClient.SqlException SqlException System.Data.SqlClient.SqlException: Invalid object name 'OZEL_KOD_VE_REFERANSLAR_SOZLESME'.
   konum: System.Data.SqlClient.SqlConnection.OnError(SqlException exception, Boolean breakConnection)
   konum: System.Data.SqlClient.TdsParser.ThrowExceptionAndWarning(TdsParserStateObject stateObj)
   konum: System.Data.SqlClient.TdsParser.Run(RunBehavior runBehavior, SqlCommand cmdHandler, SqlDataReader dataStream, BulkCopySimpleResultSet bulkCopyHandler, TdsParserStateObject stateObj)
   konum: System.Data.SqlClient.SqlDataReader.ConsumeMetaData()
   konum: System.Data.SqlClient.SqlDataReader.get_MetaData()
   konum: System.Data.SqlClient.SqlCommand.FinishExecuteReader(SqlDataReader ds, RunBehavior runBehavior, String resetOptionsString)
   konum: System.Data.SqlClient.SqlCommand.RunExecuteReaderTds(CommandBehavior cmdBehavior, RunBehavior runBehavior, Boolean returnStream, Boolean async)
   konum: System.Data.SqlClient.SqlCommand.RunExecuteReader(CommandBehavior cmdBehavior, RunBehavior runBehavior, Boolean returnStream, String method, DbAsyncResult result)
   konum: System.Data.SqlClient.SqlCommand.RunExecuteReader(CommandBehavior cmdBehavior, RunBehavior runBehavior, Boolean returnStream, String method)
   konum: System.Data.SqlClient.SqlCommand.ExecuteReader(CommandBehavior behavior, String method)
   konum: System.Data.SqlClient.SqlCommand.ExecuteReader()
   konum: AvukatProLib.OzelKodReferans.OzelKodReferans.GetSozlesmeOzelKodReferans(String connectionstring) d:\dogan\AdimAdimDavaKaydi\AvukatProLib\OzelKodReferans.cs içinde: satýr 1139 Void OnError(System.Data.SqlClient.SqlException, Boolean)    konum: System.Data.SqlClient.SqlConnection.OnError(SqlException exception, Boolean breakConnection)
   konum: System.Data.SqlClient.TdsParser.ThrowExceptionAndWarning(TdsParserStateObject stateObj)
   konum: System.Data.SqlClient.TdsParser.Run(RunBehavior runBehavior, SqlCommand cmdHandler, SqlDataReader dataStream, BulkCopySimpleResultSet bulkCopyHandler, TdsParserStateObject stateObj)
   konum: System.Data.SqlClient.SqlDataReader.ConsumeMetaData()
   konum: System.Data.SqlClient.SqlDataReader.get_MetaData()
   konum: System.Data.SqlClient.SqlCommand.FinishExecuteReader(SqlDataReader ds, RunBehavior runBehavior, String resetOptionsString)
   konum: System.Data.SqlClient.SqlCommand.RunExecuteReaderTds(CommandBehavior cmdBehavior, RunBehavior runBehavior, Boolean returnStream, Boolean async)
   konum: System.Data.SqlClient.SqlCommand.RunExecuteReader(CommandBehavior cmdBehavior, RunBehavior runBehavior, Boolean returnStream, String method, DbAsyncResult result)
   konum: System.Data.SqlClient.SqlCommand.RunExecuteReader(CommandBehavior cmdBehavior, RunBehavior runBehavior, Boolean returnStream, String method)
   konum: System.Data.SqlClient.SqlCommand.ExecuteReader(CommandBehavior behavior, String method)
   konum: System.Data.SqlClient.SqlCommand.ExecuteReader()
   konum: AvukatProLib.OzelKodReferans.OzelKodReferans.GetSozlesmeOzelKodReferans(String connectionstring) d:\dogan\AdimAdimDavaKaydi\AvukatProLib\OzelKodReferans.cs içinde: satýr 1139
2015-10-15 11:44:43.6806 hata 
 Invalid object name 'OZEL_KOD_VE_REFERANSLAR_ORTAK_OZEL_DURUM'. System.Data.SqlClient.SqlException SqlException System.Data.SqlClient.SqlException: Invalid object name 'OZEL_KOD_VE_REFERANSLAR_ORTAK_OZEL_DURUM'.
   konum: System.Data.SqlClient.SqlConnection.OnError(SqlException exception, Boolean breakConnection)
   konum: System.Data.SqlClient.TdsParser.ThrowExceptionAndWarning(TdsParserStateObject stateObj)
   konum: System.Data.SqlClient.TdsParser.Run(RunBehavior runBehavior, SqlCommand cmdHandler, SqlDataReader dataStream, BulkCopySimpleResultSet bulkCopyHandler, TdsParserStateObject stateObj)
   konum: System.Data.SqlClient.SqlDataReader.ConsumeMetaData()
   konum: System.Data.SqlClient.SqlDataReader.get_MetaData()
   konum: System.Data.SqlClient.SqlCommand.FinishExecuteReader(SqlDataReader ds, RunBehavior runBehavior, String resetOptionsString)
   konum: System.Data.SqlClient.SqlCommand.RunExecuteReaderTds(CommandBehavior cmdBehavior, RunBehavior runBehavior, Boolean returnStream, Boolean async)
   konum: System.Data.SqlClient.SqlCommand.RunExecuteReader(CommandBehavior cmdBehavior, RunBehavior runBehavior, Boolean returnStream, String method, DbAsyncResult result)
   konum: System.Data.SqlClient.SqlCommand.RunExecuteReader(CommandBehavior cmdBehavior, RunBehavior runBehavior, Boolean returnStream, String method)
   konum: System.Data.SqlClient.SqlCommand.ExecuteReader(CommandBehavior behavior, String method)
   konum: System.Data.SqlClient.SqlCommand.ExecuteReader()
   konum: AvukatProLib.OzelKodReferans.OzelKodReferans.GetOrtakOzelKodReferans(String connectionstring) d:\dogan\AdimAdimDavaKaydi\AvukatProLib\OzelKodReferans.cs içinde: satýr 1380 Void OnError(System.Data.SqlClient.SqlException, Boolean)    konum: System.Data.SqlClient.SqlConnection.OnError(SqlException exception, Boolean breakConnection)
   konum: System.Data.SqlClient.TdsParser.ThrowExceptionAndWarning(TdsParserStateObject stateObj)
   konum: System.Data.SqlClient.TdsParser.Run(RunBehavior runBehavior, SqlCommand cmdHandler, SqlDataReader dataStream, BulkCopySimpleResultSet bulkCopyHandler, TdsParserStateObject stateObj)
   konum: System.Data.SqlClient.SqlDataReader.ConsumeMetaData()
   konum: System.Data.SqlClient.SqlDataReader.get_MetaData()
   konum: System.Data.SqlClient.SqlCommand.FinishExecuteReader(SqlDataReader ds, RunBehavior runBehavior, String resetOptionsString)
   konum: System.Data.SqlClient.SqlCommand.RunExecuteReaderTds(CommandBehavior cmdBehavior, RunBehavior runBehavior, Boolean returnStream, Boolean async)
   konum: System.Data.SqlClient.SqlCommand.RunExecuteReader(CommandBehavior cmdBehavior, RunBehavior runBehavior, Boolean returnStream, String method, DbAsyncResult result)
   konum: System.Data.SqlClient.SqlCommand.RunExecuteReader(CommandBehavior cmdBehavior, RunBehavior runBehavior, Boolean returnStream, String method)
   konum: System.Data.SqlClient.SqlCommand.ExecuteReader(CommandBehavior behavior, String method)
   konum: System.Data.SqlClient.SqlCommand.ExecuteReader()
   konum: AvukatProLib.OzelKodReferans.OzelKodReferans.GetOrtakOzelKodReferans(String connectionstring) d:\dogan\AdimAdimDavaKaydi\AvukatProLib\OzelKodReferans.cs içinde: satýr 1380
