2015-10-30 10:35:03.1635 hata 
 Invalid object name 'OZEL_KOD_VE_REFERANSLAR_DAVA'. System.Data.SqlClient.SqlException SqlException System.Data.SqlClient.SqlException: Invalid object name 'OZEL_KOD_VE_REFERANSLAR_DAVA'.
   konum: System.Data.SqlClient.SqlConnection.OnError(SqlException exception, Boolean breakConnection)
   konum: System.Data.SqlClient.TdsParser.ThrowExceptionAndWarning(TdsParserStateObject stateObj)
   konum: System.Data.SqlClient.TdsParser.Run(RunBehavior runBehavior, SqlCommand cmdHandler, SqlDataReader dataStream, BulkCopySimpleResultSet bulkCopyHandler, TdsParserStateObject stateObj)
   konum: System.Data.SqlClient.SqlDataReader.ConsumeMetaData()
   konum: System.Data.SqlClient.SqlDataReader.get_MetaData()
   konum: System.Data.SqlClient.SqlCommand.FinishExecuteReader(SqlDataReader ds, RunBehavior runBehavior, String resetOptionsString)
   konum: System.Data.SqlClient.SqlCommand.RunExecuteReaderTds(CommandBehavior cmdBehavior, RunBehavior runBehavior, Boolean returnStream, Boolean async)
   konum: System.Data.SqlClient.SqlCommand.RunExecuteReader(CommandBehavior cmdBehavior, RunBehavior runBehavior, Boolean returnStream, String method, DbAsyncResult result)
   konum: System.Data.SqlClient.SqlCommand.RunExecuteReader(CommandBehavior cmdBehavior, RunBehavior runBehavior, Boolean returnStream, String method)
   konum: System.Data.SqlClient.SqlCommand.ExecuteReader(CommandBehavior behavior, String method)
   konum: System.Data.SqlClient.SqlCommand.ExecuteReader()
   konum: AvukatProLib.OzelKodReferans.OzelKodReferans.GetDavaOzelKodReferans(String connectionstring) d:\dogan\AdimAdimDavaKaydi\AvukatProLib\OzelKodReferans.cs içinde: satýr 827 Void OnError(System.Data.SqlClient.SqlException, Boolean)    konum: System.Data.SqlClient.SqlConnection.OnError(SqlException exception, Boolean breakConnection)
   konum: System.Data.SqlClient.TdsParser.ThrowExceptionAndWarning(TdsParserStateObject stateObj)
   konum: System.Data.SqlClient.TdsParser.Run(RunBehavior runBehavior, SqlCommand cmdHandler, SqlDataReader dataStream, BulkCopySimpleResultSet bulkCopyHandler, TdsParserStateObject stateObj)
   konum: System.Data.SqlClient.SqlDataReader.ConsumeMetaData()
   konum: System.Data.SqlClient.SqlDataReader.get_MetaData()
   konum: System.Data.SqlClient.SqlCommand.FinishExecuteReader(SqlDataReader ds, RunBehavior runBehavior, String resetOptionsString)
   konum: System.Data.SqlClient.SqlCommand.RunExecuteReaderTds(CommandBehavior cmdBehavior, RunBehavior runBehavior, Boolean returnStream, Boolean async)
   konum: System.Data.SqlClient.SqlCommand.RunExecuteReader(CommandBehavior cmdBehavior, RunBehavior runBehavior, Boolean returnStream, String method, DbAsyncResult result)
   konum: System.Data.SqlClient.SqlCommand.RunExecuteReader(CommandBehavior cmdBehavior, RunBehavior runBehavior, Boolean returnStream, String method)
   konum: System.Data.SqlClient.SqlCommand.ExecuteReader(CommandBehavior behavior, String method)
   konum: System.Data.SqlClient.SqlCommand.ExecuteReader()
   konum: AvukatProLib.OzelKodReferans.OzelKodReferans.GetDavaOzelKodReferans(String connectionstring) d:\dogan\AdimAdimDavaKaydi\AvukatProLib\OzelKodReferans.cs içinde: satýr 827
2015-10-30 10:35:03.3505 hata 
 Invalid object name 'OZEL_KOD_VE_REFERANSLAR_ICRA'. System.Data.SqlClient.SqlException SqlException System.Data.SqlClient.SqlException: Invalid object name 'OZEL_KOD_VE_REFERANSLAR_ICRA'.
   konum: System.Data.SqlClient.SqlConnection.OnError(SqlException exception, Boolean breakConnection)
   konum: System.Data.SqlClient.TdsParser.ThrowExceptionAndWarning(TdsParserStateObject stateObj)
   konum: System.Data.SqlClient.TdsParser.Run(RunBehavior runBehavior, SqlCommand cmdHandler, SqlDataReader dataStream, BulkCopySimpleResultSet bulkCopyHandler, TdsParserStateObject stateObj)
   konum: System.Data.SqlClient.SqlDataReader.ConsumeMetaData()
   konum: System.Data.SqlClient.SqlDataReader.get_MetaData()
   konum: System.Data.SqlClient.SqlCommand.FinishExecuteReader(SqlDataReader ds, RunBehavior runBehavior, String resetOptionsString)
   konum: System.Data.SqlClient.SqlCommand.RunExecuteReaderTds(CommandBehavior cmdBehavior, RunBehavior runBehavior, Boolean returnStream, Boolean async)
   konum: System.Data.SqlClient.SqlCommand.RunExecuteReader(CommandBehavior cmdBehavior, RunBehavior runBehavior, Boolean returnStream, String method, DbAsyncResult result)
   konum: System.Data.SqlClient.SqlCommand.RunExecuteReader(CommandBehavior cmdBehavior, RunBehavior runBehavior, Boolean returnStream, String method)
   konum: System.Data.SqlClient.SqlCommand.ExecuteReader(CommandBehavior behavior, String method)
   konum: System.Data.SqlClient.SqlCommand.ExecuteReader()
   konum: AvukatProLib.OzelKodReferans.OzelKodReferans.GetIcraOzelKodReferans(String connectionstring) d:\dogan\AdimAdimDavaKaydi\AvukatProLib\OzelKodReferans.cs içinde: satýr 930 Void OnError(System.Data.SqlClient.SqlException, Boolean)    konum: System.Data.SqlClient.SqlConnection.OnError(SqlException exception, Boolean breakConnection)
   konum: System.Data.SqlClient.TdsParser.ThrowExceptionAndWarning(TdsParserStateObject stateObj)
   konum: System.Data.SqlClient.TdsParser.Run(RunBehavior runBehavior, SqlCommand cmdHandler, SqlDataReader dataStream, BulkCopySimpleResultSet bulkCopyHandler, TdsParserStateObject stateObj)
   konum: System.Data.SqlClient.SqlDataReader.ConsumeMetaData()
   konum: System.Data.SqlClient.SqlDataReader.get_MetaData()
   konum: System.Data.SqlClient.SqlCommand.FinishExecuteReader(SqlDataReader ds, RunBehavior runBehavior, String resetOptionsString)
   konum: System.Data.SqlClient.SqlCommand.RunExecuteReaderTds(CommandBehavior cmdBehavior, RunBehavior runBehavior, Boolean returnStream, Boolean async)
   konum: System.Data.SqlClient.SqlCommand.RunExecuteReader(CommandBehavior cmdBehavior, RunBehavior runBehavior, Boolean returnStream, String method, DbAsyncResult result)
   konum: System.Data.SqlClient.SqlCommand.RunExecuteReader(CommandBehavior cmdBehavior, RunBehavior runBehavior, Boolean returnStream, String method)
   konum: System.Data.SqlClient.SqlCommand.ExecuteReader(CommandBehavior behavior, String method)
   konum: System.Data.SqlClient.SqlCommand.ExecuteReader()
   konum: AvukatProLib.OzelKodReferans.OzelKodReferans.GetIcraOzelKodReferans(String connectionstring) d:\dogan\AdimAdimDavaKaydi\AvukatProLib\OzelKodReferans.cs içinde: satýr 930
2015-10-30 10:35:03.3775 hata 
 Invalid object name 'OZEL_KOD_VE_REFERANSLAR_SORUSTURMA'. System.Data.SqlClient.SqlException SqlException System.Data.SqlClient.SqlException: Invalid object name 'OZEL_KOD_VE_REFERANSLAR_SORUSTURMA'.
   konum: System.Data.SqlClient.SqlConnection.OnError(SqlException exception, Boolean breakConnection)
   konum: System.Data.SqlClient.TdsParser.ThrowExceptionAndWarning(TdsParserStateObject stateObj)
   konum: System.Data.SqlClient.TdsParser.Run(RunBehavior runBehavior, SqlCommand cmdHandler, SqlDataReader dataStream, BulkCopySimpleResultSet bulkCopyHandler, TdsParserStateObject stateObj)
   konum: System.Data.SqlClient.SqlDataReader.ConsumeMetaData()
   konum: System.Data.SqlClient.SqlDataReader.get_MetaData()
   konum: System.Data.SqlClient.SqlCommand.FinishExecuteReader(SqlDataReader ds, RunBehavior runBehavior, String resetOptionsString)
   konum: System.Data.SqlClient.SqlCommand.RunExecuteReaderTds(CommandBehavior cmdBehavior, RunBehavior runBehavior, Boolean returnStream, Boolean async)
   konum: System.Data.SqlClient.SqlCommand.RunExecuteReader(CommandBehavior cmdBehavior, RunBehavior runBehavior, Boolean returnStream, String method, DbAsyncResult result)
   konum: System.Data.SqlClient.SqlCommand.RunExecuteReader(CommandBehavior cmdBehavior, RunBehavior runBehavior, Boolean returnStream, String method)
   konum: System.Data.SqlClient.SqlCommand.ExecuteReader(CommandBehavior behavior, String method)
   konum: System.Data.SqlClient.SqlCommand.ExecuteReader()
   konum: AvukatProLib.OzelKodReferans.OzelKodReferans.GetSorusturmaOzelKodReferans(String connectionstring) d:\dogan\AdimAdimDavaKaydi\AvukatProLib\OzelKodReferans.cs içinde: satýr 1063 Void OnError(System.Data.SqlClient.SqlException, Boolean)    konum: System.Data.SqlClient.SqlConnection.OnError(SqlException exception, Boolean breakConnection)
   konum: System.Data.SqlClient.TdsParser.ThrowExceptionAndWarning(TdsParserStateObject stateObj)
   konum: System.Data.SqlClient.TdsParser.Run(RunBehavior runBehavior, SqlCommand cmdHandler, SqlDataReader dataStream, BulkCopySimpleResultSet bulkCopyHandler, TdsParserStateObject stateObj)
   konum: System.Data.SqlClient.SqlDataReader.ConsumeMetaData()
   konum: System.Data.SqlClient.SqlDataReader.get_MetaData()
   konum: System.Data.SqlClient.SqlCommand.FinishExecuteReader(SqlDataReader ds, RunBehavior runBehavior, String resetOptionsString)
   konum: System.Data.SqlClient.SqlCommand.RunExecuteReaderTds(CommandBehavior cmdBehavior, RunBehavior runBehavior, Boolean returnStream, Boolean async)
   konum: System.Data.SqlClient.SqlCommand.RunExecuteReader(CommandBehavior cmdBehavior, RunBehavior runBehavior, Boolean returnStream, String method, DbAsyncResult result)
   konum: System.Data.SqlClient.SqlCommand.RunExecuteReader(CommandBehavior cmdBehavior, RunBehavior runBehavior, Boolean returnStream, String method)
   konum: System.Data.SqlClient.SqlCommand.ExecuteReader(CommandBehavior behavior, String method)
   konum: System.Data.SqlClient.SqlCommand.ExecuteReader()
   konum: AvukatProLib.OzelKodReferans.OzelKodReferans.GetSorusturmaOzelKodReferans(String connectionstring) d:\dogan\AdimAdimDavaKaydi\AvukatProLib\OzelKodReferans.cs içinde: satýr 1063
2015-10-30 10:35:03.4175 hata 
 Invalid object name 'OZEL_KOD_VE_REFERANSLAR_SOZLESME'. System.Data.SqlClient.SqlException SqlException System.Data.SqlClient.SqlException: Invalid object name 'OZEL_KOD_VE_REFERANSLAR_SOZLESME'.
   konum: System.Data.SqlClient.SqlConnection.OnError(SqlException exception, Boolean breakConnection)
   konum: System.Data.SqlClient.TdsParser.ThrowExceptionAndWarning(TdsParserStateObject stateObj)
   konum: System.Data.SqlClient.TdsParser.Run(RunBehavior runBehavior, SqlCommand cmdHandler, SqlDataReader dataStream, BulkCopySimpleResultSet bulkCopyHandler, TdsParserStateObject stateObj)
   konum: System.Data.SqlClient.SqlDataReader.ConsumeMetaData()
   konum: System.Data.SqlClient.SqlDataReader.get_MetaData()
   konum: System.Data.SqlClient.SqlCommand.FinishExecuteReader(SqlDataReader ds, RunBehavior runBehavior, String resetOptionsString)
   konum: System.Data.SqlClient.SqlCommand.RunExecuteReaderTds(CommandBehavior cmdBehavior, RunBehavior runBehavior, Boolean returnStream, Boolean async)
   konum: System.Data.SqlClient.SqlCommand.RunExecuteReader(CommandBehavior cmdBehavior, RunBehavior runBehavior, Boolean returnStream, String method, DbAsyncResult result)
   konum: System.Data.SqlClient.SqlCommand.RunExecuteReader(CommandBehavior cmdBehavior, RunBehavior runBehavior, Boolean returnStream, String method)
   konum: System.Data.SqlClient.SqlCommand.ExecuteReader(CommandBehavior behavior, String method)
   konum: System.Data.SqlClient.SqlCommand.ExecuteReader()
   konum: AvukatProLib.OzelKodReferans.OzelKodReferans.GetSozlesmeOzelKodReferans(String connectionstring) d:\dogan\AdimAdimDavaKaydi\AvukatProLib\OzelKodReferans.cs içinde: satýr 1139 Void OnError(System.Data.SqlClient.SqlException, Boolean)    konum: System.Data.SqlClient.SqlConnection.OnError(SqlException exception, Boolean breakConnection)
   konum: System.Data.SqlClient.TdsParser.ThrowExceptionAndWarning(TdsParserStateObject stateObj)
   konum: System.Data.SqlClient.TdsParser.Run(RunBehavior runBehavior, SqlCommand cmdHandler, SqlDataReader dataStream, BulkCopySimpleResultSet bulkCopyHandler, TdsParserStateObject stateObj)
   konum: System.Data.SqlClient.SqlDataReader.ConsumeMetaData()
   konum: System.Data.SqlClient.SqlDataReader.get_MetaData()
   konum: System.Data.SqlClient.SqlCommand.FinishExecuteReader(SqlDataReader ds, RunBehavior runBehavior, String resetOptionsString)
   konum: System.Data.SqlClient.SqlCommand.RunExecuteReaderTds(CommandBehavior cmdBehavior, RunBehavior runBehavior, Boolean returnStream, Boolean async)
   konum: System.Data.SqlClient.SqlCommand.RunExecuteReader(CommandBehavior cmdBehavior, RunBehavior runBehavior, Boolean returnStream, String method, DbAsyncResult result)
   konum: System.Data.SqlClient.SqlCommand.RunExecuteReader(CommandBehavior cmdBehavior, RunBehavior runBehavior, Boolean returnStream, String method)
   konum: System.Data.SqlClient.SqlCommand.ExecuteReader(CommandBehavior behavior, String method)
   konum: System.Data.SqlClient.SqlCommand.ExecuteReader()
   konum: AvukatProLib.OzelKodReferans.OzelKodReferans.GetSozlesmeOzelKodReferans(String connectionstring) d:\dogan\AdimAdimDavaKaydi\AvukatProLib\OzelKodReferans.cs içinde: satýr 1139
2015-10-30 10:35:03.4485 hata 
 Invalid object name 'OZEL_KOD_VE_REFERANSLAR_ORTAK_OZEL_DURUM'. System.Data.SqlClient.SqlException SqlException System.Data.SqlClient.SqlException: Invalid object name 'OZEL_KOD_VE_REFERANSLAR_ORTAK_OZEL_DURUM'.
   konum: System.Data.SqlClient.SqlConnection.OnError(SqlException exception, Boolean breakConnection)
   konum: System.Data.SqlClient.TdsParser.ThrowExceptionAndWarning(TdsParserStateObject stateObj)
   konum: System.Data.SqlClient.TdsParser.Run(RunBehavior runBehavior, SqlCommand cmdHandler, SqlDataReader dataStream, BulkCopySimpleResultSet bulkCopyHandler, TdsParserStateObject stateObj)
   konum: System.Data.SqlClient.SqlDataReader.ConsumeMetaData()
   konum: System.Data.SqlClient.SqlDataReader.get_MetaData()
   konum: System.Data.SqlClient.SqlCommand.FinishExecuteReader(SqlDataReader ds, RunBehavior runBehavior, String resetOptionsString)
   konum: System.Data.SqlClient.SqlCommand.RunExecuteReaderTds(CommandBehavior cmdBehavior, RunBehavior runBehavior, Boolean returnStream, Boolean async)
   konum: System.Data.SqlClient.SqlCommand.RunExecuteReader(CommandBehavior cmdBehavior, RunBehavior runBehavior, Boolean returnStream, String method, DbAsyncResult result)
   konum: System.Data.SqlClient.SqlCommand.RunExecuteReader(CommandBehavior cmdBehavior, RunBehavior runBehavior, Boolean returnStream, String method)
   konum: System.Data.SqlClient.SqlCommand.ExecuteReader(CommandBehavior behavior, String method)
   konum: System.Data.SqlClient.SqlCommand.ExecuteReader()
   konum: AvukatProLib.OzelKodReferans.OzelKodReferans.GetOrtakOzelKodReferans(String connectionstring) d:\dogan\AdimAdimDavaKaydi\AvukatProLib\OzelKodReferans.cs içinde: satýr 1380 Void OnError(System.Data.SqlClient.SqlException, Boolean)    konum: System.Data.SqlClient.SqlConnection.OnError(SqlException exception, Boolean breakConnection)
   konum: System.Data.SqlClient.TdsParser.ThrowExceptionAndWarning(TdsParserStateObject stateObj)
   konum: System.Data.SqlClient.TdsParser.Run(RunBehavior runBehavior, SqlCommand cmdHandler, SqlDataReader dataStream, BulkCopySimpleResultSet bulkCopyHandler, TdsParserStateObject stateObj)
   konum: System.Data.SqlClient.SqlDataReader.ConsumeMetaData()
   konum: System.Data.SqlClient.SqlDataReader.get_MetaData()
   konum: System.Data.SqlClient.SqlCommand.FinishExecuteReader(SqlDataReader ds, RunBehavior runBehavior, String resetOptionsString)
   konum: System.Data.SqlClient.SqlCommand.RunExecuteReaderTds(CommandBehavior cmdBehavior, RunBehavior runBehavior, Boolean returnStream, Boolean async)
   konum: System.Data.SqlClient.SqlCommand.RunExecuteReader(CommandBehavior cmdBehavior, RunBehavior runBehavior, Boolean returnStream, String method, DbAsyncResult result)
   konum: System.Data.SqlClient.SqlCommand.RunExecuteReader(CommandBehavior cmdBehavior, RunBehavior runBehavior, Boolean returnStream, String method)
   konum: System.Data.SqlClient.SqlCommand.ExecuteReader(CommandBehavior behavior, String method)
   konum: System.Data.SqlClient.SqlCommand.ExecuteReader()
   konum: AvukatProLib.OzelKodReferans.OzelKodReferans.GetOrtakOzelKodReferans(String connectionstring) d:\dogan\AdimAdimDavaKaydi\AvukatProLib\OzelKodReferans.cs içinde: satýr 1380
2015-10-30 10:38:12.0933 Hata 
 Invalid column name 'KAZANMA_ORANI'.
Invalid column name 'BEKLENEN_BITIS_TARIHI'. System.Data.SqlClient.SqlException SqlException System.Data.SqlClient.SqlException: Invalid column name 'KAZANMA_ORANI'.
Invalid column name 'BEKLENEN_BITIS_TARIHI'.
   konum: System.Data.SqlClient.SqlConnection.OnError(SqlException exception, Boolean breakConnection)
   konum: System.Data.SqlClient.TdsParser.ThrowExceptionAndWarning(TdsParserStateObject stateObj)
   konum: System.Data.SqlClient.TdsParser.Run(RunBehavior runBehavior, SqlCommand cmdHandler, SqlDataReader dataStream, BulkCopySimpleResultSet bulkCopyHandler, TdsParserStateObject stateObj)
   konum: System.Data.SqlClient.SqlDataReader.ConsumeMetaData()
   konum: System.Data.SqlClient.SqlDataReader.get_MetaData()
   konum: System.Data.SqlClient.SqlCommand.FinishExecuteReader(SqlDataReader ds, RunBehavior runBehavior, String resetOptionsString)
   konum: System.Data.SqlClient.SqlCommand.RunExecuteReaderTds(CommandBehavior cmdBehavior, RunBehavior runBehavior, Boolean returnStream, Boolean async)
   konum: System.Data.SqlClient.SqlCommand.RunExecuteReader(CommandBehavior cmdBehavior, RunBehavior runBehavior, Boolean returnStream, String method, DbAsyncResult result)
   konum: System.Data.SqlClient.SqlCommand.RunExecuteReader(CommandBehavior cmdBehavior, RunBehavior runBehavior, Boolean returnStream, String method)
   konum: System.Data.SqlClient.SqlCommand.ExecuteReader(CommandBehavior behavior, String method)
   konum: System.Data.SqlClient.SqlCommand.ExecuteDbDataReader(CommandBehavior behavior)
   konum: System.Data.Common.DbCommand.System.Data.IDbCommand.ExecuteReader(CommandBehavior behavior)
   konum: System.Data.Common.DbDataAdapter.FillInternal(DataSet dataset, DataTable[] datatables, Int32 startRecord, Int32 maxRecords, String srcTable, IDbCommand command, CommandBehavior behavior)
   konum: System.Data.Common.DbDataAdapter.Fill(DataTable[] dataTables, Int32 startRecord, Int32 maxRecords, IDbCommand command, CommandBehavior behavior)
   konum: System.Data.Common.DbDataAdapter.Fill(DataTable dataTable)
   konum: ABSqlConnection.GetDataTable(String SqlCumlesi)
   konum: AdimAdimDavaKaydi.IcraTakipForms._frmIcraTakip._frmIcraTakip_Load(Object sender, EventArgs e) d:\dogan\AdimAdimDavaKaydi\AdimAdimDavaKaydi\IcraTakipForms\_frmIcraTakip.cs içinde: satýr 272
   konum: System.EventHandler.Invoke(Object sender, EventArgs e)
   konum: System.Windows.Forms.Form.OnLoad(EventArgs e)
   konum: DevExpress.XtraEditors.XtraForm.OnLoad(EventArgs e)
   konum: AdimAdimDavaKaydi.Util.BaseClasses.AvpXtraForm.OnLoad(EventArgs e) d:\dogan\AdimAdimDavaKaydi\AdimAdimDavaKaydi\Util\BaseClasses\AvpXtraForm.cs içinde: satýr 569
   konum: System.Windows.Forms.Control.CreateControl(Boolean fIgnoreVisible)
   konum: System.Windows.Forms.Control.CreateControl()
   konum: System.Windows.Forms.Control.WmShowWindow(Message& m)
   konum: System.Windows.Forms.Control.WndProc(Message& m)
   konum: DevExpress.XtraEditors.XtraForm.WndProc(Message& msg)
   konum: System.Windows.Forms.Control.ControlNativeWindow.WndProc(Message& m)
   konum: System.Windows.Forms.NativeWindow.Callback(IntPtr hWnd, Int32 msg, IntPtr wparam, IntPtr lparam) Void OnError(System.Data.SqlClient.SqlException, Boolean)    konum: System.Data.SqlClient.SqlConnection.OnError(SqlException exception, Boolean breakConnection)
   konum: System.Data.SqlClient.TdsParser.ThrowExceptionAndWarning(TdsParserStateObject stateObj)
   konum: System.Data.SqlClient.TdsParser.Run(RunBehavior runBehavior, SqlCommand cmdHandler, SqlDataReader dataStream, BulkCopySimpleResultSet bulkCopyHandler, TdsParserStateObject stateObj)
   konum: System.Data.SqlClient.SqlDataReader.ConsumeMetaData()
   konum: System.Data.SqlClient.SqlDataReader.get_MetaData()
   konum: System.Data.SqlClient.SqlCommand.FinishExecuteReader(SqlDataReader ds, RunBehavior runBehavior, String resetOptionsString)
   konum: System.Data.SqlClient.SqlCommand.RunExecuteReaderTds(CommandBehavior cmdBehavior, RunBehavior runBehavior, Boolean returnStream, Boolean async)
   konum: System.Data.SqlClient.SqlCommand.RunExecuteReader(CommandBehavior cmdBehavior, RunBehavior runBehavior, Boolean returnStream, String method, DbAsyncResult result)
   konum: System.Data.SqlClient.SqlCommand.RunExecuteReader(CommandBehavior cmdBehavior, RunBehavior runBehavior, Boolean returnStream, String method)
   konum: System.Data.SqlClient.SqlCommand.ExecuteReader(CommandBehavior behavior, String method)
   konum: System.Data.SqlClient.SqlCommand.ExecuteDbDataReader(CommandBehavior behavior)
   konum: System.Data.Common.DbCommand.System.Data.IDbCommand.ExecuteReader(CommandBehavior behavior)
   konum: System.Data.Common.DbDataAdapter.FillInternal(DataSet dataset, DataTable[] datatables, Int32 startRecord, Int32 maxRecords, String srcTable, IDbCommand command, CommandBehavior behavior)
   konum: System.Data.Common.DbDataAdapter.Fill(DataTable[] dataTables, Int32 startRecord, Int32 maxRecords, IDbCommand command, CommandBehavior behavior)
   konum: System.Data.Common.DbDataAdapter.Fill(DataTable dataTable)
   konum: ABSqlConnection.GetDataTable(String SqlCumlesi)
   konum: AdimAdimDavaKaydi.IcraTakipForms._frmIcraTakip._frmIcraTakip_Load(Object sender, EventArgs e) d:\dogan\AdimAdimDavaKaydi\AdimAdimDavaKaydi\IcraTakipForms\_frmIcraTakip.cs içinde: satýr 272
   konum: System.EventHandler.Invoke(Object sender, EventArgs e)
   konum: System.Windows.Forms.Form.OnLoad(EventArgs e)
   konum: DevExpress.XtraEditors.XtraForm.OnLoad(EventArgs e)
   konum: AdimAdimDavaKaydi.Util.BaseClasses.AvpXtraForm.OnLoad(EventArgs e) d:\dogan\AdimAdimDavaKaydi\AdimAdimDavaKaydi\Util\BaseClasses\AvpXtraForm.cs içinde: satýr 569
   konum: System.Windows.Forms.Control.CreateControl(Boolean fIgnoreVisible)
   konum: System.Windows.Forms.Control.CreateControl()
   konum: System.Windows.Forms.Control.WmShowWindow(Message& m)
   konum: System.Windows.Forms.Control.WndProc(Message& m)
   konum: DevExpress.XtraEditors.XtraForm.WndProc(Message& msg)
   konum: System.Windows.Forms.Control.ControlNativeWindow.WndProc(Message& m)
   konum: System.Windows.Forms.NativeWindow.Callback(IntPtr hWnd, Int32 msg, IntPtr wparam, IntPtr lparam)
