2016-06-09 10:23:59.4353 Hata 
 DataSource'daki BtnTamamEnable özelliði veya sütununa baðlanýlamýyor.
Parametre adý: dataMember System.ArgumentException ArgumentException System.ArgumentException: DataSource'daki BtnTamamEnable özelliði veya sütununa baðlanýlamýyor.
Parametre adý: dataMember
   konum: System.Windows.Forms.BindToObject.CheckBinding()
   konum: System.Windows.Forms.Binding.SetListManager(BindingManagerBase bindingManagerBase)
   konum: System.Windows.Forms.ListManagerBindingsCollection.AddCore(Binding dataBinding)
   konum: System.Windows.Forms.BindingsCollection.Add(Binding binding)
   konum: System.Windows.Forms.BindingContext.UpdateBinding(BindingContext newBindingContext, Binding binding)
   konum: System.Windows.Forms.Control.UpdateBindings()
   konum: System.Windows.Forms.Control.OnBindingContextChanged(EventArgs e)
   konum: System.Windows.Forms.Control.OnParentBindingContextChanged(EventArgs e)
   konum: System.Windows.Forms.Control.OnBindingContextChanged(EventArgs e)
   konum: System.Windows.Forms.Control.set_BindingContextInternal(BindingContext value)
   konum: System.Windows.Forms.ContainerControl.get_BindingContext()
   konum: System.Windows.Forms.Control.get_BindingContextInternal()
   konum: System.Windows.Forms.Control.UpdateBindings()
   konum: System.Windows.Forms.Control.OnBindingContextChanged(EventArgs e)
   konum: System.Windows.Forms.Control.OnParentBindingContextChanged(EventArgs e)
   konum: System.Windows.Forms.Control.OnBindingContextChanged(EventArgs e)
   konum: System.Windows.Forms.ContainerControl.OnCreateControl()
   konum: System.Windows.Forms.Form.OnCreateControl()
   konum: System.Windows.Forms.Control.CreateControl(Boolean fIgnoreVisible)
   konum: System.Windows.Forms.Control.CreateControl()
   konum: System.Windows.Forms.Control.WmShowWindow(Message& m)
   konum: System.Windows.Forms.Control.WndProc(Message& m)
   konum: System.Windows.Forms.Control.ControlNativeWindow.WndProc(Message& m)
   konum: System.Windows.Forms.NativeWindow.Callback(IntPtr hWnd, Int32 msg, IntPtr wparam, IntPtr lparam) Void CheckBinding()    konum: System.Windows.Forms.BindToObject.CheckBinding()
   konum: System.Windows.Forms.Binding.SetListManager(BindingManagerBase bindingManagerBase)
   konum: System.Windows.Forms.ListManagerBindingsCollection.AddCore(Binding dataBinding)
   konum: System.Windows.Forms.BindingsCollection.Add(Binding binding)
   konum: System.Windows.Forms.BindingContext.UpdateBinding(BindingContext newBindingContext, Binding binding)
   konum: System.Windows.Forms.Control.UpdateBindings()
   konum: System.Windows.Forms.Control.OnBindingContextChanged(EventArgs e)
   konum: System.Windows.Forms.Control.OnParentBindingContextChanged(EventArgs e)
   konum: System.Windows.Forms.Control.OnBindingContextChanged(EventArgs e)
   konum: System.Windows.Forms.Control.set_BindingContextInternal(BindingContext value)
   konum: System.Windows.Forms.ContainerControl.get_BindingContext()
   konum: System.Windows.Forms.Control.get_BindingContextInternal()
   konum: System.Windows.Forms.Control.UpdateBindings()
   konum: System.Windows.Forms.Control.OnBindingContextChanged(EventArgs e)
   konum: System.Windows.Forms.Control.OnParentBindingContextChanged(EventArgs e)
   konum: System.Windows.Forms.Control.OnBindingContextChanged(EventArgs e)
   konum: System.Windows.Forms.ContainerControl.OnCreateControl()
   konum: System.Windows.Forms.Form.OnCreateControl()
   konum: System.Windows.Forms.Control.CreateControl(Boolean fIgnoreVisible)
   konum: System.Windows.Forms.Control.CreateControl()
   konum: System.Windows.Forms.Control.WmShowWindow(Message& m)
   konum: System.Windows.Forms.Control.WndProc(Message& m)
   konum: System.Windows.Forms.Control.ControlNativeWindow.WndProc(Message& m)
   konum: System.Windows.Forms.NativeWindow.Callback(IntPtr hWnd, Int32 msg, IntPtr wparam, IntPtr lparam)
2016-06-09 10:30:46.5796 Hata 
 DataSource'daki BtnTamamEnable özelliði veya sütununa baðlanýlamýyor.
Parametre adý: dataMember System.ArgumentException ArgumentException System.ArgumentException: DataSource'daki BtnTamamEnable özelliði veya sütununa baðlanýlamýyor.
Parametre adý: dataMember
   konum: System.Windows.Forms.BindToObject.CheckBinding()
   konum: System.Windows.Forms.Binding.SetListManager(BindingManagerBase bindingManagerBase)
   konum: System.Windows.Forms.ListManagerBindingsCollection.AddCore(Binding dataBinding)
   konum: System.Windows.Forms.BindingsCollection.Add(Binding binding)
   konum: System.Windows.Forms.BindingContext.UpdateBinding(BindingContext newBindingContext, Binding binding)
   konum: System.Windows.Forms.Control.UpdateBindings()
   konum: System.Windows.Forms.Control.OnBindingContextChanged(EventArgs e)
   konum: System.Windows.Forms.Control.OnParentBindingContextChanged(EventArgs e)
   konum: System.Windows.Forms.Control.OnBindingContextChanged(EventArgs e)
   konum: System.Windows.Forms.Control.set_BindingContextInternal(BindingContext value)
   konum: System.Windows.Forms.ContainerControl.get_BindingContext()
   konum: System.Windows.Forms.Control.get_BindingContextInternal()
   konum: System.Windows.Forms.Control.UpdateBindings()
   konum: System.Windows.Forms.Control.OnBindingContextChanged(EventArgs e)
   konum: System.Windows.Forms.Control.OnParentBindingContextChanged(EventArgs e)
   konum: System.Windows.Forms.Control.OnBindingContextChanged(EventArgs e)
   konum: System.Windows.Forms.ContainerControl.OnCreateControl()
   konum: System.Windows.Forms.Form.OnCreateControl()
   konum: System.Windows.Forms.Control.CreateControl(Boolean fIgnoreVisible)
   konum: System.Windows.Forms.Control.CreateControl()
   konum: System.Windows.Forms.Control.WmShowWindow(Message& m)
   konum: System.Windows.Forms.Control.WndProc(Message& m)
   konum: System.Windows.Forms.Control.ControlNativeWindow.WndProc(Message& m)
   konum: System.Windows.Forms.NativeWindow.Callback(IntPtr hWnd, Int32 msg, IntPtr wparam, IntPtr lparam) Void CheckBinding()    konum: System.Windows.Forms.BindToObject.CheckBinding()
   konum: System.Windows.Forms.Binding.SetListManager(BindingManagerBase bindingManagerBase)
   konum: System.Windows.Forms.ListManagerBindingsCollection.AddCore(Binding dataBinding)
   konum: System.Windows.Forms.BindingsCollection.Add(Binding binding)
   konum: System.Windows.Forms.BindingContext.UpdateBinding(BindingContext newBindingContext, Binding binding)
   konum: System.Windows.Forms.Control.UpdateBindings()
   konum: System.Windows.Forms.Control.OnBindingContextChanged(EventArgs e)
   konum: System.Windows.Forms.Control.OnParentBindingContextChanged(EventArgs e)
   konum: System.Windows.Forms.Control.OnBindingContextChanged(EventArgs e)
   konum: System.Windows.Forms.Control.set_BindingContextInternal(BindingContext value)
   konum: System.Windows.Forms.ContainerControl.get_BindingContext()
   konum: System.Windows.Forms.Control.get_BindingContextInternal()
   konum: System.Windows.Forms.Control.UpdateBindings()
   konum: System.Windows.Forms.Control.OnBindingContextChanged(EventArgs e)
   konum: System.Windows.Forms.Control.OnParentBindingContextChanged(EventArgs e)
   konum: System.Windows.Forms.Control.OnBindingContextChanged(EventArgs e)
   konum: System.Windows.Forms.ContainerControl.OnCreateControl()
   konum: System.Windows.Forms.Form.OnCreateControl()
   konum: System.Windows.Forms.Control.CreateControl(Boolean fIgnoreVisible)
   konum: System.Windows.Forms.Control.CreateControl()
   konum: System.Windows.Forms.Control.WmShowWindow(Message& m)
   konum: System.Windows.Forms.Control.WndProc(Message& m)
   konum: System.Windows.Forms.Control.ControlNativeWindow.WndProc(Message& m)
   konum: System.Windows.Forms.NativeWindow.Callback(IntPtr hWnd, Int32 msg, IntPtr wparam, IntPtr lparam)
2016-06-09 10:33:11.2109 Hata 
 DataSource'daki BtnTamamEnable özelliði veya sütununa baðlanýlamýyor.
Parametre adý: dataMember System.ArgumentException ArgumentException System.ArgumentException: DataSource'daki BtnTamamEnable özelliði veya sütununa baðlanýlamýyor.
Parametre adý: dataMember
   konum: System.Windows.Forms.BindToObject.CheckBinding()
   konum: System.Windows.Forms.Binding.SetListManager(BindingManagerBase bindingManagerBase)
   konum: System.Windows.Forms.ListManagerBindingsCollection.AddCore(Binding dataBinding)
   konum: System.Windows.Forms.BindingsCollection.Add(Binding binding)
   konum: System.Windows.Forms.BindingContext.UpdateBinding(BindingContext newBindingContext, Binding binding)
   konum: System.Windows.Forms.Control.UpdateBindings()
   konum: System.Windows.Forms.Control.OnBindingContextChanged(EventArgs e)
   konum: System.Windows.Forms.Control.OnParentBindingContextChanged(EventArgs e)
   konum: System.Windows.Forms.Control.OnBindingContextChanged(EventArgs e)
   konum: System.Windows.Forms.Control.set_BindingContextInternal(BindingContext value)
   konum: System.Windows.Forms.ContainerControl.get_BindingContext()
   konum: System.Windows.Forms.Control.get_BindingContextInternal()
   konum: System.Windows.Forms.Control.UpdateBindings()
   konum: System.Windows.Forms.Control.OnBindingContextChanged(EventArgs e)
   konum: System.Windows.Forms.Control.OnParentBindingContextChanged(EventArgs e)
   konum: System.Windows.Forms.Control.OnBindingContextChanged(EventArgs e)
   konum: System.Windows.Forms.ContainerControl.OnCreateControl()
   konum: System.Windows.Forms.Form.OnCreateControl()
   konum: System.Windows.Forms.Control.CreateControl(Boolean fIgnoreVisible)
   konum: System.Windows.Forms.Control.CreateControl()
   konum: System.Windows.Forms.Control.WmShowWindow(Message& m)
   konum: System.Windows.Forms.Control.WndProc(Message& m)
   konum: System.Windows.Forms.Control.ControlNativeWindow.WndProc(Message& m)
   konum: System.Windows.Forms.NativeWindow.Callback(IntPtr hWnd, Int32 msg, IntPtr wparam, IntPtr lparam) Void CheckBinding()    konum: System.Windows.Forms.BindToObject.CheckBinding()
   konum: System.Windows.Forms.Binding.SetListManager(BindingManagerBase bindingManagerBase)
   konum: System.Windows.Forms.ListManagerBindingsCollection.AddCore(Binding dataBinding)
   konum: System.Windows.Forms.BindingsCollection.Add(Binding binding)
   konum: System.Windows.Forms.BindingContext.UpdateBinding(BindingContext newBindingContext, Binding binding)
   konum: System.Windows.Forms.Control.UpdateBindings()
   konum: System.Windows.Forms.Control.OnBindingContextChanged(EventArgs e)
   konum: System.Windows.Forms.Control.OnParentBindingContextChanged(EventArgs e)
   konum: System.Windows.Forms.Control.OnBindingContextChanged(EventArgs e)
   konum: System.Windows.Forms.Control.set_BindingContextInternal(BindingContext value)
   konum: System.Windows.Forms.ContainerControl.get_BindingContext()
   konum: System.Windows.Forms.Control.get_BindingContextInternal()
   konum: System.Windows.Forms.Control.UpdateBindings()
   konum: System.Windows.Forms.Control.OnBindingContextChanged(EventArgs e)
   konum: System.Windows.Forms.Control.OnParentBindingContextChanged(EventArgs e)
   konum: System.Windows.Forms.Control.OnBindingContextChanged(EventArgs e)
   konum: System.Windows.Forms.ContainerControl.OnCreateControl()
   konum: System.Windows.Forms.Form.OnCreateControl()
   konum: System.Windows.Forms.Control.CreateControl(Boolean fIgnoreVisible)
   konum: System.Windows.Forms.Control.CreateControl()
   konum: System.Windows.Forms.Control.WmShowWindow(Message& m)
   konum: System.Windows.Forms.Control.WndProc(Message& m)
   konum: System.Windows.Forms.Control.ControlNativeWindow.WndProc(Message& m)
   konum: System.Windows.Forms.NativeWindow.Callback(IntPtr hWnd, Int32 msg, IntPtr wparam, IntPtr lparam)
2016-06-09 10:33:18.1182 Hata 
 DataSource'daki BtnTamamEnable özelliði veya sütununa baðlanýlamýyor.
Parametre adý: dataMember System.ArgumentException ArgumentException System.ArgumentException: DataSource'daki BtnTamamEnable özelliði veya sütununa baðlanýlamýyor.
Parametre adý: dataMember
   konum: System.Windows.Forms.BindToObject.CheckBinding()
   konum: System.Windows.Forms.Binding.SetListManager(BindingManagerBase bindingManagerBase)
   konum: System.Windows.Forms.ListManagerBindingsCollection.AddCore(Binding dataBinding)
   konum: System.Windows.Forms.BindingsCollection.Add(Binding binding)
   konum: System.Windows.Forms.BindingContext.UpdateBinding(BindingContext newBindingContext, Binding binding)
   konum: System.Windows.Forms.Control.UpdateBindings()
   konum: System.Windows.Forms.Control.OnBindingContextChanged(EventArgs e)
   konum: System.Windows.Forms.Control.OnParentBindingContextChanged(EventArgs e)
   konum: System.Windows.Forms.Control.OnBindingContextChanged(EventArgs e)
   konum: System.Windows.Forms.Control.set_BindingContextInternal(BindingContext value)
   konum: System.Windows.Forms.ContainerControl.get_BindingContext()
   konum: System.Windows.Forms.Control.get_BindingContextInternal()
   konum: System.Windows.Forms.Control.UpdateBindings()
   konum: System.Windows.Forms.Control.OnBindingContextChanged(EventArgs e)
   konum: System.Windows.Forms.Control.OnParentBindingContextChanged(EventArgs e)
   konum: System.Windows.Forms.Control.OnBindingContextChanged(EventArgs e)
   konum: System.Windows.Forms.ContainerControl.OnCreateControl()
   konum: System.Windows.Forms.Form.OnCreateControl()
   konum: System.Windows.Forms.Control.CreateControl(Boolean fIgnoreVisible)
   konum: System.Windows.Forms.Control.CreateControl()
   konum: System.Windows.Forms.Control.WmShowWindow(Message& m)
   konum: System.Windows.Forms.Control.WndProc(Message& m)
   konum: System.Windows.Forms.Control.ControlNativeWindow.WndProc(Message& m)
   konum: System.Windows.Forms.NativeWindow.Callback(IntPtr hWnd, Int32 msg, IntPtr wparam, IntPtr lparam) Void CheckBinding()    konum: System.Windows.Forms.BindToObject.CheckBinding()
   konum: System.Windows.Forms.Binding.SetListManager(BindingManagerBase bindingManagerBase)
   konum: System.Windows.Forms.ListManagerBindingsCollection.AddCore(Binding dataBinding)
   konum: System.Windows.Forms.BindingsCollection.Add(Binding binding)
   konum: System.Windows.Forms.BindingContext.UpdateBinding(BindingContext newBindingContext, Binding binding)
   konum: System.Windows.Forms.Control.UpdateBindings()
   konum: System.Windows.Forms.Control.OnBindingContextChanged(EventArgs e)
   konum: System.Windows.Forms.Control.OnParentBindingContextChanged(EventArgs e)
   konum: System.Windows.Forms.Control.OnBindingContextChanged(EventArgs e)
   konum: System.Windows.Forms.Control.set_BindingContextInternal(BindingContext value)
   konum: System.Windows.Forms.ContainerControl.get_BindingContext()
   konum: System.Windows.Forms.Control.get_BindingContextInternal()
   konum: System.Windows.Forms.Control.UpdateBindings()
   konum: System.Windows.Forms.Control.OnBindingContextChanged(EventArgs e)
   konum: System.Windows.Forms.Control.OnParentBindingContextChanged(EventArgs e)
   konum: System.Windows.Forms.Control.OnBindingContextChanged(EventArgs e)
   konum: System.Windows.Forms.ContainerControl.OnCreateControl()
   konum: System.Windows.Forms.Form.OnCreateControl()
   konum: System.Windows.Forms.Control.CreateControl(Boolean fIgnoreVisible)
   konum: System.Windows.Forms.Control.CreateControl()
   konum: System.Windows.Forms.Control.WmShowWindow(Message& m)
   konum: System.Windows.Forms.Control.WndProc(Message& m)
   konum: System.Windows.Forms.Control.ControlNativeWindow.WndProc(Message& m)
   konum: System.Windows.Forms.NativeWindow.Callback(IntPtr hWnd, Int32 msg, IntPtr wparam, IntPtr lparam)
2016-06-09 10:33:32.2011 Hata 
 DataSource'daki BtnTamamEnable özelliði veya sütununa baðlanýlamýyor.
Parametre adý: dataMember System.ArgumentException ArgumentException System.ArgumentException: DataSource'daki BtnTamamEnable özelliði veya sütununa baðlanýlamýyor.
Parametre adý: dataMember
   konum: System.Windows.Forms.BindToObject.CheckBinding()
   konum: System.Windows.Forms.Binding.SetListManager(BindingManagerBase bindingManagerBase)
   konum: System.Windows.Forms.ListManagerBindingsCollection.AddCore(Binding dataBinding)
   konum: System.Windows.Forms.BindingsCollection.Add(Binding binding)
   konum: System.Windows.Forms.BindingContext.UpdateBinding(BindingContext newBindingContext, Binding binding)
   konum: System.Windows.Forms.Control.UpdateBindings()
   konum: System.Windows.Forms.Control.OnBindingContextChanged(EventArgs e)
   konum: System.Windows.Forms.Control.OnParentBindingContextChanged(EventArgs e)
   konum: System.Windows.Forms.Control.OnBindingContextChanged(EventArgs e)
   konum: System.Windows.Forms.Control.set_BindingContextInternal(BindingContext value)
   konum: System.Windows.Forms.ContainerControl.get_BindingContext()
   konum: System.Windows.Forms.Control.get_BindingContextInternal()
   konum: System.Windows.Forms.Control.UpdateBindings()
   konum: System.Windows.Forms.Control.OnBindingContextChanged(EventArgs e)
   konum: System.Windows.Forms.Control.OnParentBindingContextChanged(EventArgs e)
   konum: System.Windows.Forms.Control.OnBindingContextChanged(EventArgs e)
   konum: System.Windows.Forms.ContainerControl.OnCreateControl()
   konum: System.Windows.Forms.Form.OnCreateControl()
   konum: System.Windows.Forms.Control.CreateControl(Boolean fIgnoreVisible)
   konum: System.Windows.Forms.Control.CreateControl()
   konum: System.Windows.Forms.Control.WmShowWindow(Message& m)
   konum: System.Windows.Forms.Control.WndProc(Message& m)
   konum: System.Windows.Forms.Control.ControlNativeWindow.WndProc(Message& m)
   konum: System.Windows.Forms.NativeWindow.Callback(IntPtr hWnd, Int32 msg, IntPtr wparam, IntPtr lparam) Void CheckBinding()    konum: System.Windows.Forms.BindToObject.CheckBinding()
   konum: System.Windows.Forms.Binding.SetListManager(BindingManagerBase bindingManagerBase)
   konum: System.Windows.Forms.ListManagerBindingsCollection.AddCore(Binding dataBinding)
   konum: System.Windows.Forms.BindingsCollection.Add(Binding binding)
   konum: System.Windows.Forms.BindingContext.UpdateBinding(BindingContext newBindingContext, Binding binding)
   konum: System.Windows.Forms.Control.UpdateBindings()
   konum: System.Windows.Forms.Control.OnBindingContextChanged(EventArgs e)
   konum: System.Windows.Forms.Control.OnParentBindingContextChanged(EventArgs e)
   konum: System.Windows.Forms.Control.OnBindingContextChanged(EventArgs e)
   konum: System.Windows.Forms.Control.set_BindingContextInternal(BindingContext value)
   konum: System.Windows.Forms.ContainerControl.get_BindingContext()
   konum: System.Windows.Forms.Control.get_BindingContextInternal()
   konum: System.Windows.Forms.Control.UpdateBindings()
   konum: System.Windows.Forms.Control.OnBindingContextChanged(EventArgs e)
   konum: System.Windows.Forms.Control.OnParentBindingContextChanged(EventArgs e)
   konum: System.Windows.Forms.Control.OnBindingContextChanged(EventArgs e)
   konum: System.Windows.Forms.ContainerControl.OnCreateControl()
   konum: System.Windows.Forms.Form.OnCreateControl()
   konum: System.Windows.Forms.Control.CreateControl(Boolean fIgnoreVisible)
   konum: System.Windows.Forms.Control.CreateControl()
   konum: System.Windows.Forms.Control.WmShowWindow(Message& m)
   konum: System.Windows.Forms.Control.WndProc(Message& m)
   konum: System.Windows.Forms.Control.ControlNativeWindow.WndProc(Message& m)
   konum: System.Windows.Forms.NativeWindow.Callback(IntPtr hWnd, Int32 msg, IntPtr wparam, IntPtr lparam)
2016-06-09 10:33:58.8256 Hata 
 DataSource'daki BtnTamamEnable özelliði veya sütununa baðlanýlamýyor.
Parametre adý: dataMember System.ArgumentException ArgumentException System.ArgumentException: DataSource'daki BtnTamamEnable özelliði veya sütununa baðlanýlamýyor.
Parametre adý: dataMember
   konum: System.Windows.Forms.BindToObject.CheckBinding()
   konum: System.Windows.Forms.Binding.SetListManager(BindingManagerBase bindingManagerBase)
   konum: System.Windows.Forms.ListManagerBindingsCollection.AddCore(Binding dataBinding)
   konum: System.Windows.Forms.BindingsCollection.Add(Binding binding)
   konum: System.Windows.Forms.BindingContext.UpdateBinding(BindingContext newBindingContext, Binding binding)
   konum: System.Windows.Forms.Control.UpdateBindings()
   konum: System.Windows.Forms.Control.OnBindingContextChanged(EventArgs e)
   konum: System.Windows.Forms.Control.OnParentBindingContextChanged(EventArgs e)
   konum: System.Windows.Forms.Control.OnBindingContextChanged(EventArgs e)
   konum: System.Windows.Forms.Control.set_BindingContextInternal(BindingContext value)
   konum: System.Windows.Forms.ContainerControl.get_BindingContext()
   konum: System.Windows.Forms.Control.get_BindingContextInternal()
   konum: System.Windows.Forms.Control.UpdateBindings()
   konum: System.Windows.Forms.Control.OnBindingContextChanged(EventArgs e)
   konum: System.Windows.Forms.Control.OnParentBindingContextChanged(EventArgs e)
   konum: System.Windows.Forms.Control.OnBindingContextChanged(EventArgs e)
   konum: System.Windows.Forms.ContainerControl.OnCreateControl()
   konum: System.Windows.Forms.Form.OnCreateControl()
   konum: System.Windows.Forms.Control.CreateControl(Boolean fIgnoreVisible)
   konum: System.Windows.Forms.Control.CreateControl()
   konum: System.Windows.Forms.Control.WmShowWindow(Message& m)
   konum: System.Windows.Forms.Control.WndProc(Message& m)
   konum: System.Windows.Forms.Control.ControlNativeWindow.WndProc(Message& m)
   konum: System.Windows.Forms.NativeWindow.Callback(IntPtr hWnd, Int32 msg, IntPtr wparam, IntPtr lparam) Void CheckBinding()    konum: System.Windows.Forms.BindToObject.CheckBinding()
   konum: System.Windows.Forms.Binding.SetListManager(BindingManagerBase bindingManagerBase)
   konum: System.Windows.Forms.ListManagerBindingsCollection.AddCore(Binding dataBinding)
   konum: System.Windows.Forms.BindingsCollection.Add(Binding binding)
   konum: System.Windows.Forms.BindingContext.UpdateBinding(BindingContext newBindingContext, Binding binding)
   konum: System.Windows.Forms.Control.UpdateBindings()
   konum: System.Windows.Forms.Control.OnBindingContextChanged(EventArgs e)
   konum: System.Windows.Forms.Control.OnParentBindingContextChanged(EventArgs e)
   konum: System.Windows.Forms.Control.OnBindingContextChanged(EventArgs e)
   konum: System.Windows.Forms.Control.set_BindingContextInternal(BindingContext value)
   konum: System.Windows.Forms.ContainerControl.get_BindingContext()
   konum: System.Windows.Forms.Control.get_BindingContextInternal()
   konum: System.Windows.Forms.Control.UpdateBindings()
   konum: System.Windows.Forms.Control.OnBindingContextChanged(EventArgs e)
   konum: System.Windows.Forms.Control.OnParentBindingContextChanged(EventArgs e)
   konum: System.Windows.Forms.Control.OnBindingContextChanged(EventArgs e)
   konum: System.Windows.Forms.ContainerControl.OnCreateControl()
   konum: System.Windows.Forms.Form.OnCreateControl()
   konum: System.Windows.Forms.Control.CreateControl(Boolean fIgnoreVisible)
   konum: System.Windows.Forms.Control.CreateControl()
   konum: System.Windows.Forms.Control.WmShowWindow(Message& m)
   konum: System.Windows.Forms.Control.WndProc(Message& m)
   konum: System.Windows.Forms.Control.ControlNativeWindow.WndProc(Message& m)
   konum: System.Windows.Forms.NativeWindow.Callback(IntPtr hWnd, Int32 msg, IntPtr wparam, IntPtr lparam)
2016-06-09 10:34:42.4911 Hata 
 DataSource'daki BtnTamamEnable özelliði veya sütununa baðlanýlamýyor.
Parametre adý: dataMember System.ArgumentException ArgumentException System.ArgumentException: DataSource'daki BtnTamamEnable özelliði veya sütununa baðlanýlamýyor.
Parametre adý: dataMember
   konum: System.Windows.Forms.BindToObject.CheckBinding()
   konum: System.Windows.Forms.Binding.SetListManager(BindingManagerBase bindingManagerBase)
   konum: System.Windows.Forms.ListManagerBindingsCollection.AddCore(Binding dataBinding)
   konum: System.Windows.Forms.BindingsCollection.Add(Binding binding)
   konum: System.Windows.Forms.BindingContext.UpdateBinding(BindingContext newBindingContext, Binding binding)
   konum: System.Windows.Forms.Control.UpdateBindings()
   konum: System.Windows.Forms.Control.OnBindingContextChanged(EventArgs e)
   konum: System.Windows.Forms.Control.OnParentBindingContextChanged(EventArgs e)
   konum: System.Windows.Forms.Control.OnBindingContextChanged(EventArgs e)
   konum: System.Windows.Forms.Control.set_BindingContextInternal(BindingContext value)
   konum: System.Windows.Forms.ContainerControl.get_BindingContext()
   konum: System.Windows.Forms.Control.get_BindingContextInternal()
   konum: System.Windows.Forms.Control.UpdateBindings()
   konum: System.Windows.Forms.Control.OnBindingContextChanged(EventArgs e)
   konum: System.Windows.Forms.Control.OnParentBindingContextChanged(EventArgs e)
   konum: System.Windows.Forms.Control.OnBindingContextChanged(EventArgs e)
   konum: System.Windows.Forms.ContainerControl.OnCreateControl()
   konum: System.Windows.Forms.Form.OnCreateControl()
   konum: System.Windows.Forms.Control.CreateControl(Boolean fIgnoreVisible)
   konum: System.Windows.Forms.Control.CreateControl()
   konum: System.Windows.Forms.Control.WmShowWindow(Message& m)
   konum: System.Windows.Forms.Control.WndProc(Message& m)
   konum: System.Windows.Forms.Control.ControlNativeWindow.WndProc(Message& m)
   konum: System.Windows.Forms.NativeWindow.Callback(IntPtr hWnd, Int32 msg, IntPtr wparam, IntPtr lparam) Void CheckBinding()    konum: System.Windows.Forms.BindToObject.CheckBinding()
   konum: System.Windows.Forms.Binding.SetListManager(BindingManagerBase bindingManagerBase)
   konum: System.Windows.Forms.ListManagerBindingsCollection.AddCore(Binding dataBinding)
   konum: System.Windows.Forms.BindingsCollection.Add(Binding binding)
   konum: System.Windows.Forms.BindingContext.UpdateBinding(BindingContext newBindingContext, Binding binding)
   konum: System.Windows.Forms.Control.UpdateBindings()
   konum: System.Windows.Forms.Control.OnBindingContextChanged(EventArgs e)
   konum: System.Windows.Forms.Control.OnParentBindingContextChanged(EventArgs e)
   konum: System.Windows.Forms.Control.OnBindingContextChanged(EventArgs e)
   konum: System.Windows.Forms.Control.set_BindingContextInternal(BindingContext value)
   konum: System.Windows.Forms.ContainerControl.get_BindingContext()
   konum: System.Windows.Forms.Control.get_BindingContextInternal()
   konum: System.Windows.Forms.Control.UpdateBindings()
   konum: System.Windows.Forms.Control.OnBindingContextChanged(EventArgs e)
   konum: System.Windows.Forms.Control.OnParentBindingContextChanged(EventArgs e)
   konum: System.Windows.Forms.Control.OnBindingContextChanged(EventArgs e)
   konum: System.Windows.Forms.ContainerControl.OnCreateControl()
   konum: System.Windows.Forms.Form.OnCreateControl()
   konum: System.Windows.Forms.Control.CreateControl(Boolean fIgnoreVisible)
   konum: System.Windows.Forms.Control.CreateControl()
   konum: System.Windows.Forms.Control.WmShowWindow(Message& m)
   konum: System.Windows.Forms.Control.WndProc(Message& m)
   konum: System.Windows.Forms.Control.ControlNativeWindow.WndProc(Message& m)
   konum: System.Windows.Forms.NativeWindow.Callback(IntPtr hWnd, Int32 msg, IntPtr wparam, IntPtr lparam)
2016-06-09 10:34:49.1075 Hata 
 DataSource'daki BtnTamamEnable özelliði veya sütununa baðlanýlamýyor.
Parametre adý: dataMember System.ArgumentException ArgumentException System.ArgumentException: DataSource'daki BtnTamamEnable özelliði veya sütununa baðlanýlamýyor.
Parametre adý: dataMember
   konum: System.Windows.Forms.BindToObject.CheckBinding()
   konum: System.Windows.Forms.Binding.SetListManager(BindingManagerBase bindingManagerBase)
   konum: System.Windows.Forms.ListManagerBindingsCollection.AddCore(Binding dataBinding)
   konum: System.Windows.Forms.BindingsCollection.Add(Binding binding)
   konum: System.Windows.Forms.BindingContext.UpdateBinding(BindingContext newBindingContext, Binding binding)
   konum: System.Windows.Forms.Control.UpdateBindings()
   konum: System.Windows.Forms.Control.OnBindingContextChanged(EventArgs e)
   konum: System.Windows.Forms.Control.OnParentBindingContextChanged(EventArgs e)
   konum: System.Windows.Forms.Control.OnBindingContextChanged(EventArgs e)
   konum: System.Windows.Forms.Control.set_BindingContextInternal(BindingContext value)
   konum: System.Windows.Forms.ContainerControl.get_BindingContext()
   konum: System.Windows.Forms.Control.get_BindingContextInternal()
   konum: System.Windows.Forms.Control.UpdateBindings()
   konum: System.Windows.Forms.Control.OnBindingContextChanged(EventArgs e)
   konum: System.Windows.Forms.Control.OnParentBindingContextChanged(EventArgs e)
   konum: System.Windows.Forms.Control.OnBindingContextChanged(EventArgs e)
   konum: System.Windows.Forms.ContainerControl.OnCreateControl()
   konum: System.Windows.Forms.Form.OnCreateControl()
   konum: System.Windows.Forms.Control.CreateControl(Boolean fIgnoreVisible)
   konum: System.Windows.Forms.Control.CreateControl()
   konum: System.Windows.Forms.Control.WmShowWindow(Message& m)
   konum: System.Windows.Forms.Control.WndProc(Message& m)
   konum: System.Windows.Forms.Control.ControlNativeWindow.WndProc(Message& m)
   konum: System.Windows.Forms.NativeWindow.Callback(IntPtr hWnd, Int32 msg, IntPtr wparam, IntPtr lparam) Void CheckBinding()    konum: System.Windows.Forms.BindToObject.CheckBinding()
   konum: System.Windows.Forms.Binding.SetListManager(BindingManagerBase bindingManagerBase)
   konum: System.Windows.Forms.ListManagerBindingsCollection.AddCore(Binding dataBinding)
   konum: System.Windows.Forms.BindingsCollection.Add(Binding binding)
   konum: System.Windows.Forms.BindingContext.UpdateBinding(BindingContext newBindingContext, Binding binding)
   konum: System.Windows.Forms.Control.UpdateBindings()
   konum: System.Windows.Forms.Control.OnBindingContextChanged(EventArgs e)
   konum: System.Windows.Forms.Control.OnParentBindingContextChanged(EventArgs e)
   konum: System.Windows.Forms.Control.OnBindingContextChanged(EventArgs e)
   konum: System.Windows.Forms.Control.set_BindingContextInternal(BindingContext value)
   konum: System.Windows.Forms.ContainerControl.get_BindingContext()
   konum: System.Windows.Forms.Control.get_BindingContextInternal()
   konum: System.Windows.Forms.Control.UpdateBindings()
   konum: System.Windows.Forms.Control.OnBindingContextChanged(EventArgs e)
   konum: System.Windows.Forms.Control.OnParentBindingContextChanged(EventArgs e)
   konum: System.Windows.Forms.Control.OnBindingContextChanged(EventArgs e)
   konum: System.Windows.Forms.ContainerControl.OnCreateControl()
   konum: System.Windows.Forms.Form.OnCreateControl()
   konum: System.Windows.Forms.Control.CreateControl(Boolean fIgnoreVisible)
   konum: System.Windows.Forms.Control.CreateControl()
   konum: System.Windows.Forms.Control.WmShowWindow(Message& m)
   konum: System.Windows.Forms.Control.WndProc(Message& m)
   konum: System.Windows.Forms.Control.ControlNativeWindow.WndProc(Message& m)
   konum: System.Windows.Forms.NativeWindow.Callback(IntPtr hWnd, Int32 msg, IntPtr wparam, IntPtr lparam)
2016-06-09 10:36:07.5989 Hata 
 DataSource'daki BtnTamamEnable özelliði veya sütununa baðlanýlamýyor.
Parametre adý: dataMember System.ArgumentException ArgumentException System.ArgumentException: DataSource'daki BtnTamamEnable özelliði veya sütununa baðlanýlamýyor.
Parametre adý: dataMember
   konum: System.Windows.Forms.BindToObject.CheckBinding()
   konum: System.Windows.Forms.Binding.SetListManager(BindingManagerBase bindingManagerBase)
   konum: System.Windows.Forms.ListManagerBindingsCollection.AddCore(Binding dataBinding)
   konum: System.Windows.Forms.BindingsCollection.Add(Binding binding)
   konum: System.Windows.Forms.BindingContext.UpdateBinding(BindingContext newBindingContext, Binding binding)
   konum: System.Windows.Forms.Control.UpdateBindings()
   konum: System.Windows.Forms.Control.OnBindingContextChanged(EventArgs e)
   konum: System.Windows.Forms.Control.OnParentBindingContextChanged(EventArgs e)
   konum: System.Windows.Forms.Control.OnBindingContextChanged(EventArgs e)
   konum: System.Windows.Forms.Control.set_BindingContextInternal(BindingContext value)
   konum: System.Windows.Forms.ContainerControl.get_BindingContext()
   konum: System.Windows.Forms.Control.get_BindingContextInternal()
   konum: System.Windows.Forms.Control.UpdateBindings()
   konum: System.Windows.Forms.Control.OnBindingContextChanged(EventArgs e)
   konum: System.Windows.Forms.Control.OnParentBindingContextChanged(EventArgs e)
   konum: System.Windows.Forms.Control.OnBindingContextChanged(EventArgs e)
   konum: System.Windows.Forms.ContainerControl.OnCreateControl()
   konum: System.Windows.Forms.Form.OnCreateControl()
   konum: System.Windows.Forms.Control.CreateControl(Boolean fIgnoreVisible)
   konum: System.Windows.Forms.Control.CreateControl()
   konum: System.Windows.Forms.Control.WmShowWindow(Message& m)
   konum: System.Windows.Forms.Control.WndProc(Message& m)
   konum: System.Windows.Forms.Control.ControlNativeWindow.WndProc(Message& m)
   konum: System.Windows.Forms.NativeWindow.Callback(IntPtr hWnd, Int32 msg, IntPtr wparam, IntPtr lparam) Void CheckBinding()    konum: System.Windows.Forms.BindToObject.CheckBinding()
   konum: System.Windows.Forms.Binding.SetListManager(BindingManagerBase bindingManagerBase)
   konum: System.Windows.Forms.ListManagerBindingsCollection.AddCore(Binding dataBinding)
   konum: System.Windows.Forms.BindingsCollection.Add(Binding binding)
   konum: System.Windows.Forms.BindingContext.UpdateBinding(BindingContext newBindingContext, Binding binding)
   konum: System.Windows.Forms.Control.UpdateBindings()
   konum: System.Windows.Forms.Control.OnBindingContextChanged(EventArgs e)
   konum: System.Windows.Forms.Control.OnParentBindingContextChanged(EventArgs e)
   konum: System.Windows.Forms.Control.OnBindingContextChanged(EventArgs e)
   konum: System.Windows.Forms.Control.set_BindingContextInternal(BindingContext value)
   konum: System.Windows.Forms.ContainerControl.get_BindingContext()
   konum: System.Windows.Forms.Control.get_BindingContextInternal()
   konum: System.Windows.Forms.Control.UpdateBindings()
   konum: System.Windows.Forms.Control.OnBindingContextChanged(EventArgs e)
   konum: System.Windows.Forms.Control.OnParentBindingContextChanged(EventArgs e)
   konum: System.Windows.Forms.Control.OnBindingContextChanged(EventArgs e)
   konum: System.Windows.Forms.ContainerControl.OnCreateControl()
   konum: System.Windows.Forms.Form.OnCreateControl()
   konum: System.Windows.Forms.Control.CreateControl(Boolean fIgnoreVisible)
   konum: System.Windows.Forms.Control.CreateControl()
   konum: System.Windows.Forms.Control.WmShowWindow(Message& m)
   konum: System.Windows.Forms.Control.WndProc(Message& m)
   konum: System.Windows.Forms.Control.ControlNativeWindow.WndProc(Message& m)
   konum: System.Windows.Forms.NativeWindow.Callback(IntPtr hWnd, Int32 msg, IntPtr wparam, IntPtr lparam)
2016-06-09 10:51:17.7880 Hata 
 DataSource'daki BtnTamamEnable özelliði veya sütununa baðlanýlamýyor.
Parametre adý: dataMember System.ArgumentException ArgumentException System.ArgumentException: DataSource'daki BtnTamamEnable özelliði veya sütununa baðlanýlamýyor.
Parametre adý: dataMember
   konum: System.Windows.Forms.BindToObject.CheckBinding()
   konum: System.Windows.Forms.Binding.SetListManager(BindingManagerBase bindingManagerBase)
   konum: System.Windows.Forms.ListManagerBindingsCollection.AddCore(Binding dataBinding)
   konum: System.Windows.Forms.BindingsCollection.Add(Binding binding)
   konum: System.Windows.Forms.BindingContext.UpdateBinding(BindingContext newBindingContext, Binding binding)
   konum: System.Windows.Forms.Control.UpdateBindings()
   konum: System.Windows.Forms.Control.OnBindingContextChanged(EventArgs e)
   konum: System.Windows.Forms.Control.OnParentBindingContextChanged(EventArgs e)
   konum: System.Windows.Forms.Control.OnBindingContextChanged(EventArgs e)
   konum: System.Windows.Forms.Control.set_BindingContextInternal(BindingContext value)
   konum: System.Windows.Forms.ContainerControl.get_BindingContext()
   konum: System.Windows.Forms.Control.get_BindingContextInternal()
   konum: System.Windows.Forms.Control.UpdateBindings()
   konum: System.Windows.Forms.Control.OnBindingContextChanged(EventArgs e)
   konum: System.Windows.Forms.Control.OnParentBindingContextChanged(EventArgs e)
   konum: System.Windows.Forms.Control.OnBindingContextChanged(EventArgs e)
   konum: System.Windows.Forms.ContainerControl.OnCreateControl()
   konum: System.Windows.Forms.Form.OnCreateControl()
   konum: System.Windows.Forms.Control.CreateControl(Boolean fIgnoreVisible)
   konum: System.Windows.Forms.Control.CreateControl()
   konum: System.Windows.Forms.Control.WmShowWindow(Message& m)
   konum: System.Windows.Forms.Control.WndProc(Message& m)
   konum: System.Windows.Forms.Control.ControlNativeWindow.WndProc(Message& m)
   konum: System.Windows.Forms.NativeWindow.Callback(IntPtr hWnd, Int32 msg, IntPtr wparam, IntPtr lparam) Void CheckBinding()    konum: System.Windows.Forms.BindToObject.CheckBinding()
   konum: System.Windows.Forms.Binding.SetListManager(BindingManagerBase bindingManagerBase)
   konum: System.Windows.Forms.ListManagerBindingsCollection.AddCore(Binding dataBinding)
   konum: System.Windows.Forms.BindingsCollection.Add(Binding binding)
   konum: System.Windows.Forms.BindingContext.UpdateBinding(BindingContext newBindingContext, Binding binding)
   konum: System.Windows.Forms.Control.UpdateBindings()
   konum: System.Windows.Forms.Control.OnBindingContextChanged(EventArgs e)
   konum: System.Windows.Forms.Control.OnParentBindingContextChanged(EventArgs e)
   konum: System.Windows.Forms.Control.OnBindingContextChanged(EventArgs e)
   konum: System.Windows.Forms.Control.set_BindingContextInternal(BindingContext value)
   konum: System.Windows.Forms.ContainerControl.get_BindingContext()
   konum: System.Windows.Forms.Control.get_BindingContextInternal()
   konum: System.Windows.Forms.Control.UpdateBindings()
   konum: System.Windows.Forms.Control.OnBindingContextChanged(EventArgs e)
   konum: System.Windows.Forms.Control.OnParentBindingContextChanged(EventArgs e)
   konum: System.Windows.Forms.Control.OnBindingContextChanged(EventArgs e)
   konum: System.Windows.Forms.ContainerControl.OnCreateControl()
   konum: System.Windows.Forms.Form.OnCreateControl()
   konum: System.Windows.Forms.Control.CreateControl(Boolean fIgnoreVisible)
   konum: System.Windows.Forms.Control.CreateControl()
   konum: System.Windows.Forms.Control.WmShowWindow(Message& m)
   konum: System.Windows.Forms.Control.WndProc(Message& m)
   konum: System.Windows.Forms.Control.ControlNativeWindow.WndProc(Message& m)
   konum: System.Windows.Forms.NativeWindow.Callback(IntPtr hWnd, Int32 msg, IntPtr wparam, IntPtr lparam)
